2023-09-07 16:18:28 [ERROR] - uncaughtException: Cannot read properties of undefined (reading 'rows')
TypeError: Cannot read properties of undefined (reading 'rows')
    at D:\Code\r-rfms\agros_net_server_node_git\utils\postgres_util.js:82:21
    at D:\Code\r-rfms\agros_net_server_node_git\utils\postgres_util.js:47:12
    at PendingItem.callback (D:\Code\r-rfms\agros_net_server_node_git\node_modules\pg-pool\index.js:391:16)
    at Client._connectionCallback (D:\Code\r-rfms\agros_net_server_node_git\node_modules\pg-pool\index.js:249:23)
    at Client._handleErrorWhileConnecting (D:\Code\r-rfms\agros_net_server_node_git\node_modules\pg\lib\client.js:305:19)
    at Client._handleErrorEvent (D:\Code\r-rfms\agros_net_server_node_git\node_modules\pg\lib\client.js:315:19)
    at Connection.emit (node:events:527:28)
    at Socket.reportStreamError (D:\Code\r-rfms\agros_net_server_node_git\node_modules\pg\lib\connection.js:52:12)
    at Socket.emit (node:events:527:28)
    at emitErrorNT (node:internal/streams/destroy:157:8)
2023-09-07 16:18:28 [ERROR] - uncaughtException: Cannot read properties of undefined (reading 'rows')
TypeError: Cannot read properties of undefined (reading 'rows')
    at D:\Code\r-rfms\agros_net_server_node_git\utils\code_util.js:93:25
    at D:\Code\r-rfms\agros_net_server_node_git\utils\postgres_util.js:47:12
    at PendingItem.callback (D:\Code\r-rfms\agros_net_server_node_git\node_modules\pg-pool\index.js:391:16)
    at Client._connectionCallback (D:\Code\r-rfms\agros_net_server_node_git\node_modules\pg-pool\index.js:249:23)
    at Client._handleErrorWhileConnecting (D:\Code\r-rfms\agros_net_server_node_git\node_modules\pg\lib\client.js:305:19)
    at Client._handleErrorEvent (D:\Code\r-rfms\agros_net_server_node_git\node_modules\pg\lib\client.js:315:19)
    at Connection.emit (node:events:527:28)
    at Socket.reportStreamError (D:\Code\r-rfms\agros_net_server_node_git\node_modules\pg\lib\connection.js:52:12)
    at Socket.emit (node:events:527:28)
    at emitErrorNT (node:internal/streams/destroy:157:8)
2023-09-07 16:18:28 [ERROR] - uncaughtException: Cannot read properties of undefined (reading 'rows')
TypeError: Cannot read properties of undefined (reading 'rows')
    at D:\Code\r-rfms\agros_net_server_node_git\utils\code_util.js:104:22
    at D:\Code\r-rfms\agros_net_server_node_git\utils\postgres_util.js:47:12
    at PendingItem.callback (D:\Code\r-rfms\agros_net_server_node_git\node_modules\pg-pool\index.js:391:16)
    at Client._connectionCallback (D:\Code\r-rfms\agros_net_server_node_git\node_modules\pg-pool\index.js:249:23)
    at Client._handleErrorWhileConnecting (D:\Code\r-rfms\agros_net_server_node_git\node_modules\pg\lib\client.js:305:19)
    at Client._handleErrorEvent (D:\Code\r-rfms\agros_net_server_node_git\node_modules\pg\lib\client.js:315:19)
    at Connection.emit (node:events:527:28)
    at Socket.reportStreamError (D:\Code\r-rfms\agros_net_server_node_git\node_modules\pg\lib\connection.js:52:12)
    at Socket.emit (node:events:527:28)
    at emitErrorNT (node:internal/streams/destroy:157:8)
2023-09-07 16:18:28 [ERROR] - uncaughtException: Cannot read properties of undefined (reading 'rows')
TypeError: Cannot read properties of undefined (reading 'rows')
    at D:\Code\r-rfms\agros_net_server_node_git\utils\code_util.js:127:25
    at D:\Code\r-rfms\agros_net_server_node_git\utils\postgres_util.js:47:12
    at PendingItem.callback (D:\Code\r-rfms\agros_net_server_node_git\node_modules\pg-pool\index.js:391:16)
    at Client._connectionCallback (D:\Code\r-rfms\agros_net_server_node_git\node_modules\pg-pool\index.js:249:23)
    at Client._handleErrorWhileConnecting (D:\Code\r-rfms\agros_net_server_node_git\node_modules\pg\lib\client.js:305:19)
    at Client._handleErrorEvent (D:\Code\r-rfms\agros_net_server_node_git\node_modules\pg\lib\client.js:315:19)
    at Connection.emit (node:events:527:28)
    at Socket.reportStreamError (D:\Code\r-rfms\agros_net_server_node_git\node_modules\pg\lib\connection.js:52:12)
    at Socket.emit (node:events:527:28)
    at emitErrorNT (node:internal/streams/destroy:157:8)
2023-09-07 16:18:28 [ERROR] - uncaughtException: Cannot read properties of undefined (reading 'rows')
TypeError: Cannot read properties of undefined (reading 'rows')
    at D:\Code\r-rfms\agros_net_server_node_git\utils\code_util.js:80:23
    at D:\Code\r-rfms\agros_net_server_node_git\utils\postgres_util.js:47:12
    at PendingItem.callback (D:\Code\r-rfms\agros_net_server_node_git\node_modules\pg-pool\index.js:391:16)
    at Client._connectionCallback (D:\Code\r-rfms\agros_net_server_node_git\node_modules\pg-pool\index.js:249:23)
    at Client._handleErrorWhileConnecting (D:\Code\r-rfms\agros_net_server_node_git\node_modules\pg\lib\client.js:305:19)
    at Client._handleErrorEvent (D:\Code\r-rfms\agros_net_server_node_git\node_modules\pg\lib\client.js:315:19)
    at Connection.emit (node:events:527:28)
    at Socket.reportStreamError (D:\Code\r-rfms\agros_net_server_node_git\node_modules\pg\lib\connection.js:52:12)
    at Socket.emit (node:events:527:28)
    at emitErrorNT (node:internal/streams/destroy:157:8)
2023-09-07 16:18:28 [ERROR] - uncaughtException: Cannot read properties of undefined (reading 'rows')
TypeError: Cannot read properties of undefined (reading 'rows')
    at D:\Code\r-rfms\agros_net_server_node_git\utils\code_util.js:116:25
    at D:\Code\r-rfms\agros_net_server_node_git\utils\postgres_util.js:47:12
    at PendingItem.callback (D:\Code\r-rfms\agros_net_server_node_git\node_modules\pg-pool\index.js:391:16)
    at Client._connectionCallback (D:\Code\r-rfms\agros_net_server_node_git\node_modules\pg-pool\index.js:249:23)
    at Client._handleErrorWhileConnecting (D:\Code\r-rfms\agros_net_server_node_git\node_modules\pg\lib\client.js:305:19)
    at Client._handleErrorEvent (D:\Code\r-rfms\agros_net_server_node_git\node_modules\pg\lib\client.js:315:19)
    at Connection.emit (node:events:527:28)
    at Socket.reportStreamError (D:\Code\r-rfms\agros_net_server_node_git\node_modules\pg\lib\connection.js:52:12)
    at Socket.emit (node:events:527:28)
    at emitErrorNT (node:internal/streams/destroy:157:8)
2023-09-07 16:18:28 [ERROR] - uncaughtException: Cannot read properties of undefined (reading 'rows')
TypeError: Cannot read properties of undefined (reading 'rows')
    at D:\Code\r-rfms\agros_net_server_node_git\utils\code_util.js:138:26
    at D:\Code\r-rfms\agros_net_server_node_git\utils\postgres_util.js:47:12
    at PendingItem.callback (D:\Code\r-rfms\agros_net_server_node_git\node_modules\pg-pool\index.js:391:16)
    at Client._connectionCallback (D:\Code\r-rfms\agros_net_server_node_git\node_modules\pg-pool\index.js:249:23)
    at Client._handleErrorWhileConnecting (D:\Code\r-rfms\agros_net_server_node_git\node_modules\pg\lib\client.js:305:19)
    at Client._handleErrorEvent (D:\Code\r-rfms\agros_net_server_node_git\node_modules\pg\lib\client.js:315:19)
    at Connection.emit (node:events:527:28)
    at Socket.reportStreamError (D:\Code\r-rfms\agros_net_server_node_git\node_modules\pg\lib\connection.js:52:12)
    at Socket.emit (node:events:527:28)
    at emitErrorNT (node:internal/streams/destroy:157:8)
