2023-09-06 09:08:24 [INFO] - Argos Platform : win32
2023-09-06 09:08:24 [INFO] - config.server_port : 3001
2023-09-06 09:08:24 [INFO] - Routing Moudle count : 69
2023-09-06 09:08:25 [INFO] - Express SSL server listening on port 443
2023-09-06 09:08:25 [INFO] - Express server listening on port 3001
2023-09-06 09:08:42 [INFO] - 계정과 비밀번호가 일치함.
2023-09-06 09:14:14 [INFO] - Argos Platform : win32
2023-09-06 09:14:14 [INFO] - config.server_port : 3001
2023-09-06 09:14:14 [INFO] - Routing Moudle count : 69
2023-09-06 09:14:15 [INFO] - Express SSL server listening on port 443
2023-09-06 09:14:15 [INFO] - Express server listening on port 3001
2023-09-06 09:18:08 [INFO] - Argos Platform : win32
2023-09-06 09:18:08 [INFO] - config.server_port : 3001
2023-09-06 09:18:08 [INFO] - Routing Moudle count : 69
2023-09-06 09:18:08 [INFO] - Express SSL server listening on port 443
2023-09-06 09:18:08 [INFO] - Express server listening on port 3001
2023-09-06 09:18:57 [INFO] - Argos Platform : win32
2023-09-06 09:18:57 [INFO] - config.server_port : 3001
2023-09-06 09:18:57 [INFO] - Routing Moudle count : 69
2023-09-06 09:18:57 [INFO] - Express SSL server listening on port 443
2023-09-06 09:18:57 [INFO] - Express server listening on port 3001
2023-09-06 09:21:26 [INFO] - Argos Platform : win32
2023-09-06 09:21:26 [INFO] - config.server_port : 3001
2023-09-06 09:21:26 [INFO] - Routing Moudle count : 69
2023-09-06 09:21:26 [INFO] - Express SSL server listening on port 443
2023-09-06 09:21:26 [INFO] - Express server listening on port 3001
2023-09-06 09:29:33 [INFO] - Argos Platform : win32
2023-09-06 09:29:33 [INFO] - config.server_port : 3001
2023-09-06 09:29:33 [INFO] - Routing Moudle count : 69
2023-09-06 09:29:33 [INFO] - Express SSL server listening on port 443
2023-09-06 09:29:33 [INFO] - Express server listening on port 3001
2023-09-06 09:31:17 [INFO] - Argos Platform : win32
2023-09-06 09:31:17 [INFO] - config.server_port : 3001
2023-09-06 09:31:17 [INFO] - Routing Moudle count : 69
2023-09-06 09:31:17 [INFO] - Express SSL server listening on port 443
2023-09-06 09:31:17 [INFO] - Express server listening on port 3001
2023-09-06 09:35:12 [INFO] - Argos Platform : win32
2023-09-06 09:35:12 [INFO] - config.server_port : 3001
2023-09-06 09:35:12 [INFO] - Routing Moudle count : 69
2023-09-06 09:35:12 [INFO] - Express SSL server listening on port 443
2023-09-06 09:35:12 [INFO] - Express server listening on port 3001
2023-09-06 09:43:26 [INFO] - Argos Platform : win32
2023-09-06 09:43:26 [INFO] - config.server_port : 3001
2023-09-06 09:43:26 [INFO] - Routing Moudle count : 69
2023-09-06 09:43:26 [INFO] - Express SSL server listening on port 443
2023-09-06 09:43:26 [INFO] - Express server listening on port 3001
2023-09-06 09:46:00 [INFO] - Argos Platform : win32
2023-09-06 09:46:00 [INFO] - config.server_port : 3001
2023-09-06 09:46:00 [INFO] - Routing Moudle count : 69
2023-09-06 09:46:00 [INFO] - Express SSL server listening on port 443
2023-09-06 09:46:00 [INFO] - Express server listening on port 3001
2023-09-06 09:47:02 [INFO] - Argos Platform : win32
2023-09-06 09:47:02 [INFO] - config.server_port : 3001
2023-09-06 09:47:02 [INFO] - Routing Moudle count : 69
2023-09-06 09:47:02 [INFO] - Express SSL server listening on port 443
2023-09-06 09:47:02 [INFO] - Express server listening on port 3001
2023-09-06 09:50:22 [INFO] - Argos Platform : win32
2023-09-06 09:50:22 [INFO] - config.server_port : 3001
2023-09-06 09:50:22 [INFO] - Routing Moudle count : 69
2023-09-06 09:50:23 [INFO] - Express SSL server listening on port 443
2023-09-06 09:50:23 [INFO] - Express server listening on port 3001
2023-09-06 10:13:19 [INFO] - Argos Platform : win32
2023-09-06 10:13:19 [INFO] - config.server_port : 3001
2023-09-06 10:13:19 [INFO] - Routing Moudle count : 69
2023-09-06 10:13:19 [INFO] - Express SSL server listening on port 443
2023-09-06 10:13:19 [INFO] - Express server listening on port 3001
2023-09-06 10:14:01 [INFO] - Argos Platform : win32
2023-09-06 10:14:01 [INFO] - config.server_port : 3001
2023-09-06 10:14:01 [INFO] - Routing Moudle count : 69
2023-09-06 10:14:01 [INFO] - Express SSL server listening on port 443
2023-09-06 10:14:01 [INFO] - Express server listening on port 3001
2023-09-06 10:16:03 [INFO] - Argos Platform : win32
2023-09-06 10:16:03 [INFO] - config.server_port : 3001
2023-09-06 10:16:03 [INFO] - Routing Moudle count : 69
2023-09-06 10:16:04 [INFO] - Express SSL server listening on port 443
2023-09-06 10:16:04 [INFO] - Express server listening on port 3001
2023-09-06 14:38:25 [INFO] - Argos Platform : win32
2023-09-06 14:38:25 [INFO] - config.server_port : 3001
2023-09-06 14:38:25 [INFO] - Routing Moudle count : 69
2023-09-06 14:38:25 [INFO] - Express SSL server listening on port 443
2023-09-06 14:38:25 [INFO] - Express server listening on port 3001
2023-09-06 14:38:38 [INFO] - Argos Platform : win32
2023-09-06 14:38:38 [INFO] - config.server_port : 3001
2023-09-06 14:38:38 [INFO] - Routing Moudle count : 69
2023-09-06 14:38:38 [INFO] - Express SSL server listening on port 443
2023-09-06 14:38:38 [INFO] - Express server listening on port 3001
2023-09-06 17:04:40 [INFO] - Argos Platform : win32
2023-09-06 17:04:40 [INFO] - config.server_port : 3001
2023-09-06 17:04:40 [INFO] - Routing Moudle count : 69
2023-09-06 17:04:40 [INFO] - Express SSL server listening on port 443
2023-09-06 17:04:40 [INFO] - Express server listening on port 3001
