2023-09-07 09:07:48 [INFO] - Argos Platform : win32
2023-09-07 09:07:48 [INFO] - config.server_port : 3001
2023-09-07 09:07:48 [INFO] - Routing Moudle count : 69
2023-09-07 09:07:48 [INFO] - Express SSL server listening on port 443
2023-09-07 09:07:48 [INFO] - Express server listening on port 3001
2023-09-07 09:35:08 [INFO] - Argos Platform : win32
2023-09-07 09:35:08 [INFO] - config.server_port : 3001
2023-09-07 09:35:08 [INFO] - Routing Moudle count : 69
2023-09-07 09:35:08 [INFO] - Express SSL server listening on port 443
2023-09-07 09:35:08 [INFO] - Express server listening on port 3001
2023-09-07 09:39:06 [INFO] - Argos Platform : win32
2023-09-07 09:39:06 [INFO] - config.server_port : 3001
2023-09-07 09:39:06 [INFO] - Routing Moudle count : 69
2023-09-07 09:39:06 [INFO] - Express SSL server listening on port 443
2023-09-07 09:39:06 [INFO] - Express server listening on port 3001
2023-09-07 09:39:31 [INFO] - Argos Platform : win32
2023-09-07 09:39:31 [INFO] - config.server_port : 3001
2023-09-07 09:39:31 [INFO] - Routing Moudle count : 69
2023-09-07 09:39:31 [INFO] - Express SSL server listening on port 443
2023-09-07 09:39:31 [INFO] - Express server listening on port 3001
2023-09-07 09:54:27 [INFO] - Argos Platform : win32
2023-09-07 09:54:27 [INFO] - config.server_port : 3001
2023-09-07 09:54:27 [INFO] - Routing Moudle count : 69
2023-09-07 09:54:28 [INFO] - Express SSL server listening on port 443
2023-09-07 09:54:28 [INFO] - Express server listening on port 3001
2023-09-07 10:04:42 [INFO] - Argos Platform : win32
2023-09-07 10:04:42 [INFO] - config.server_port : 3001
2023-09-07 10:04:42 [INFO] - Routing Moudle count : 69
2023-09-07 10:04:43 [INFO] - Express SSL server listening on port 443
2023-09-07 10:04:43 [INFO] - Express server listening on port 3001
2023-09-07 10:06:27 [INFO] - Argos Platform : win32
2023-09-07 10:06:27 [INFO] - config.server_port : 3001
2023-09-07 10:06:27 [INFO] - Routing Moudle count : 69
2023-09-07 10:06:28 [INFO] - Express SSL server listening on port 443
2023-09-07 10:06:28 [INFO] - Express server listening on port 3001
2023-09-07 10:07:00 [INFO] - Argos Platform : win32
2023-09-07 10:07:00 [INFO] - config.server_port : 3001
2023-09-07 10:07:00 [INFO] - Routing Moudle count : 69
2023-09-07 10:07:01 [INFO] - Express SSL server listening on port 443
2023-09-07 10:07:01 [INFO] - Express server listening on port 3001
2023-09-07 13:26:11 [INFO] - Argos Platform : win32
2023-09-07 13:26:11 [INFO] - config.server_port : 3001
2023-09-07 13:26:11 [INFO] - Routing Moudle count : 69
2023-09-07 13:26:12 [INFO] - Express SSL server listening on port 443
2023-09-07 13:26:12 [INFO] - Express server listening on port 3001
2023-09-07 13:27:13 [INFO] - Argos Platform : win32
2023-09-07 13:27:13 [INFO] - config.server_port : 3001
2023-09-07 13:27:13 [INFO] - Routing Moudle count : 69
2023-09-07 13:27:13 [INFO] - Express SSL server listening on port 443
2023-09-07 13:27:13 [INFO] - Express server listening on port 3001
2023-09-07 13:33:12 [INFO] - Argos Platform : win32
2023-09-07 13:33:12 [INFO] - config.server_port : 3001
2023-09-07 13:33:12 [INFO] - Routing Moudle count : 69
2023-09-07 13:33:12 [INFO] - Express SSL server listening on port 443
2023-09-07 13:33:12 [INFO] - Express server listening on port 3001
2023-09-07 14:12:02 [INFO] - Argos Platform : win32
2023-09-07 14:12:02 [INFO] - config.server_port : 3001
2023-09-07 14:12:02 [INFO] - Routing Moudle count : 69
2023-09-07 14:12:02 [INFO] - Express SSL server listening on port 443
2023-09-07 14:12:02 [INFO] - Express server listening on port 3001
2023-09-07 14:16:33 [INFO] - Argos Platform : win32
2023-09-07 14:16:33 [INFO] - config.server_port : 3001
2023-09-07 14:16:33 [INFO] - Routing Moudle count : 69
2023-09-07 14:16:34 [INFO] - Express SSL server listening on port 443
2023-09-07 14:16:34 [INFO] - Express server listening on port 3001
2023-09-07 14:16:48 [INFO] - Argos Platform : win32
2023-09-07 14:16:48 [INFO] - config.server_port : 3001
2023-09-07 14:16:48 [INFO] - Routing Moudle count : 69
2023-09-07 14:16:48 [INFO] - Express SSL server listening on port 443
2023-09-07 14:16:48 [INFO] - Express server listening on port 3001
2023-09-07 14:27:44 [INFO] - Argos Platform : win32
2023-09-07 14:27:44 [INFO] - config.server_port : 3001
2023-09-07 14:27:44 [INFO] - Routing Moudle count : 69
2023-09-07 14:27:44 [INFO] - Express SSL server listening on port 443
2023-09-07 14:27:44 [INFO] - Express server listening on port 3001
2023-09-07 14:28:13 [INFO] - Argos Platform : win32
2023-09-07 14:28:13 [INFO] - config.server_port : 3001
2023-09-07 14:28:13 [INFO] - Routing Moudle count : 69
2023-09-07 14:28:14 [INFO] - Express SSL server listening on port 443
2023-09-07 14:28:14 [INFO] - Express server listening on port 3001
2023-09-07 14:31:10 [INFO] - Argos Platform : win32
2023-09-07 14:31:10 [INFO] - config.server_port : 3001
2023-09-07 14:31:10 [INFO] - Routing Moudle count : 69
2023-09-07 14:31:11 [INFO] - Express SSL server listening on port 443
2023-09-07 14:31:11 [INFO] - Express server listening on port 3001
2023-09-07 14:51:05 [INFO] - Argos Platform : win32
2023-09-07 14:51:05 [INFO] - config.server_port : 3001
2023-09-07 14:51:05 [INFO] - Routing Moudle count : 69
2023-09-07 14:51:05 [INFO] - Express SSL server listening on port 443
2023-09-07 14:51:05 [INFO] - Express server listening on port 3001
2023-09-07 14:52:45 [INFO] - Argos Platform : win32
2023-09-07 14:52:45 [INFO] - config.server_port : 3001
2023-09-07 14:52:45 [INFO] - Routing Moudle count : 69
2023-09-07 14:52:45 [INFO] - Express SSL server listening on port 443
2023-09-07 14:52:45 [INFO] - Express server listening on port 3001
2023-09-07 14:58:44 [INFO] - Argos Platform : win32
2023-09-07 14:58:44 [INFO] - config.server_port : 3001
2023-09-07 14:58:44 [INFO] - Routing Moudle count : 69
2023-09-07 14:58:44 [INFO] - Express SSL server listening on port 443
2023-09-07 14:58:44 [INFO] - Express server listening on port 3001
2023-09-07 15:01:22 [INFO] - Argos Platform : win32
2023-09-07 15:01:22 [INFO] - config.server_port : 3001
2023-09-07 15:01:22 [INFO] - Routing Moudle count : 69
2023-09-07 15:01:22 [INFO] - Express SSL server listening on port 443
2023-09-07 15:01:22 [INFO] - Express server listening on port 3001
2023-09-07 15:06:24 [INFO] - Argos Platform : win32
2023-09-07 15:06:24 [INFO] - config.server_port : 3001
2023-09-07 15:06:24 [INFO] - Routing Moudle count : 69
2023-09-07 15:06:24 [INFO] - Express SSL server listening on port 443
2023-09-07 15:06:24 [INFO] - Express server listening on port 3001
2023-09-07 15:07:27 [INFO] - Argos Platform : win32
2023-09-07 15:07:27 [INFO] - config.server_port : 3001
2023-09-07 15:07:27 [INFO] - Routing Moudle count : 69
2023-09-07 15:07:28 [INFO] - Express SSL server listening on port 443
2023-09-07 15:07:28 [INFO] - Express server listening on port 3001
2023-09-07 15:08:44 [INFO] - Argos Platform : win32
2023-09-07 15:08:44 [INFO] - config.server_port : 3001
2023-09-07 15:08:44 [INFO] - Routing Moudle count : 69
2023-09-07 15:08:44 [INFO] - Express SSL server listening on port 443
2023-09-07 15:08:44 [INFO] - Express server listening on port 3001
2023-09-07 15:33:17 [INFO] - Argos Platform : win32
2023-09-07 15:33:17 [INFO] - config.server_port : 3001
2023-09-07 15:33:17 [INFO] - Routing Moudle count : 69
2023-09-07 15:33:18 [INFO] - Express SSL server listening on port 443
2023-09-07 15:33:18 [INFO] - Express server listening on port 3001
2023-09-07 16:07:03 [INFO] - Argos Platform : win32
2023-09-07 16:07:03 [INFO] - config.server_port : 3001
2023-09-07 16:07:03 [INFO] - Routing Moudle count : 69
2023-09-07 16:07:03 [INFO] - Express SSL server listening on port 443
2023-09-07 16:07:03 [INFO] - Express server listening on port 3001
2023-09-07 16:11:14 [INFO] - Argos Platform : win32
2023-09-07 16:11:14 [INFO] - config.server_port : 3001
2023-09-07 16:11:14 [INFO] - Routing Moudle count : 69
2023-09-07 16:11:15 [INFO] - Express SSL server listening on port 443
2023-09-07 16:11:15 [INFO] - Express server listening on port 3001
2023-09-07 16:12:37 [INFO] - Argos Platform : win32
2023-09-07 16:12:37 [INFO] - config.server_port : 3001
2023-09-07 16:12:37 [INFO] - Routing Moudle count : 69
2023-09-07 16:12:37 [INFO] - Express SSL server listening on port 443
2023-09-07 16:12:37 [INFO] - Express server listening on port 3001
2023-09-07 16:15:55 [ERROR] - Unexpected error on idle client Connection terminated unexpectedly
2023-09-07 16:18:25 [INFO] - Argos Platform : win32
2023-09-07 16:18:25 [INFO] - config.server_port : 3001
2023-09-07 16:18:25 [INFO] - Routing Moudle count : 69
2023-09-07 16:18:25 [INFO] - Express SSL server listening on port 443
2023-09-07 16:18:25 [INFO] - Express server listening on port 3001
2023-09-07 16:18:28 [ERROR] - Error: connect ECONNREFUSED 1.209.45.32:5424
    at TCPConnectWrap.afterConnect [as oncomplete] (node:net:1187:16)
2023-09-07 16:18:28 [ERROR] - Error: connect ECONNREFUSED 1.209.45.32:5424
    at TCPConnectWrap.afterConnect [as oncomplete] (node:net:1187:16)
2023-09-07 16:18:28 [ERROR] - Error: connect ECONNREFUSED 1.209.45.32:5424
    at TCPConnectWrap.afterConnect [as oncomplete] (node:net:1187:16)
2023-09-07 16:18:28 [ERROR] - Error: connect ECONNREFUSED 1.209.45.32:5424
    at TCPConnectWrap.afterConnect [as oncomplete] (node:net:1187:16)
2023-09-07 16:18:28 [ERROR] - Error: connect ECONNREFUSED 1.209.45.32:5424
    at TCPConnectWrap.afterConnect [as oncomplete] (node:net:1187:16)
2023-09-07 16:18:28 [ERROR] - Error: connect ECONNREFUSED 1.209.45.32:5424
    at TCPConnectWrap.afterConnect [as oncomplete] (node:net:1187:16)
2023-09-07 16:18:28 [ERROR] - Error: connect ECONNREFUSED 1.209.45.32:5424
    at TCPConnectWrap.afterConnect [as oncomplete] (node:net:1187:16)
2023-09-07 16:18:29 [ERROR] - process uncaughtException -> 
2023-09-07 16:19:45 [INFO] - Argos Platform : win32
2023-09-07 16:19:45 [INFO] - config.server_port : 3001
2023-09-07 16:19:45 [INFO] - Routing Moudle count : 69
2023-09-07 16:19:45 [INFO] - Express SSL server listening on port 443
2023-09-07 16:19:45 [INFO] - Express server listening on port 3001
2023-09-07 16:22:36 [INFO] - Argos Platform : win32
2023-09-07 16:22:36 [INFO] - config.server_port : 3001
2023-09-07 16:22:36 [INFO] - Routing Moudle count : 69
2023-09-07 16:22:37 [INFO] - Express SSL server listening on port 443
2023-09-07 16:22:37 [INFO] - Express server listening on port 3001
2023-09-07 16:23:00 [INFO] - Argos Platform : win32
2023-09-07 16:23:00 [INFO] - config.server_port : 3001
2023-09-07 16:23:00 [INFO] - Routing Moudle count : 69
2023-09-07 16:23:00 [INFO] - Express SSL server listening on port 443
2023-09-07 16:23:00 [INFO] - Express server listening on port 3001
2023-09-07 16:24:07 [INFO] - Argos Platform : win32
2023-09-07 16:24:07 [INFO] - config.server_port : 3001
2023-09-07 16:24:07 [INFO] - Routing Moudle count : 69
2023-09-07 16:24:08 [INFO] - Express SSL server listening on port 443
2023-09-07 16:24:08 [INFO] - Express server listening on port 3001
2023-09-07 16:24:42 [INFO] - Argos Platform : win32
2023-09-07 16:24:42 [INFO] - config.server_port : 3001
2023-09-07 16:24:42 [INFO] - Routing Moudle count : 69
2023-09-07 16:24:42 [INFO] - Express SSL server listening on port 443
2023-09-07 16:24:42 [INFO] - Express server listening on port 3001
2023-09-07 16:26:32 [INFO] - Argos Platform : win32
2023-09-07 16:26:32 [INFO] - config.server_port : 3001
2023-09-07 16:26:32 [INFO] - Routing Moudle count : 69
2023-09-07 16:26:32 [INFO] - Express SSL server listening on port 443
2023-09-07 16:26:32 [INFO] - Express server listening on port 3001
2023-09-07 16:35:21 [INFO] - Argos Platform : win32
2023-09-07 16:35:21 [INFO] - config.server_port : 3001
2023-09-07 16:35:21 [INFO] - Routing Moudle count : 69
2023-09-07 16:35:21 [INFO] - Express SSL server listening on port 443
2023-09-07 16:35:21 [INFO] - Express server listening on port 3001
2023-09-07 16:39:52 [INFO] - Argos Platform : win32
2023-09-07 16:39:52 [INFO] - config.server_port : 3001
2023-09-07 16:39:52 [INFO] - Routing Moudle count : 69
2023-09-07 16:39:53 [INFO] - Express SSL server listening on port 443
2023-09-07 16:39:53 [INFO] - Express server listening on port 3001
2023-09-07 16:43:01 [INFO] - Argos Platform : win32
2023-09-07 16:43:01 [INFO] - config.server_port : 3001
2023-09-07 16:43:01 [INFO] - Routing Moudle count : 69
2023-09-07 16:43:01 [INFO] - Express SSL server listening on port 443
2023-09-07 16:43:01 [INFO] - Express server listening on port 3001
2023-09-07 16:47:26 [INFO] - Argos Platform : win32
2023-09-07 16:47:26 [INFO] - config.server_port : 3001
2023-09-07 16:47:26 [INFO] - Routing Moudle count : 69
2023-09-07 16:47:27 [INFO] - Express SSL server listening on port 443
2023-09-07 16:47:27 [INFO] - Express server listening on port 3001
2023-09-07 16:47:37 [INFO] - Argos Platform : win32
2023-09-07 16:47:37 [INFO] - config.server_port : 3001
2023-09-07 16:47:37 [INFO] - Routing Moudle count : 69
2023-09-07 16:47:37 [INFO] - Express SSL server listening on port 443
2023-09-07 16:47:37 [INFO] - Express server listening on port 3001
2023-09-07 16:51:54 [INFO] - Argos Platform : win32
2023-09-07 16:51:54 [INFO] - config.server_port : 3001
2023-09-07 16:51:54 [INFO] - Routing Moudle count : 69
2023-09-07 16:51:54 [INFO] - Express SSL server listening on port 443
2023-09-07 16:51:54 [INFO] - Express server listening on port 3001
2023-09-07 16:52:38 [INFO] - Argos Platform : win32
2023-09-07 16:52:38 [INFO] - config.server_port : 3001
2023-09-07 16:52:38 [INFO] - Routing Moudle count : 69
2023-09-07 16:52:39 [INFO] - Express SSL server listening on port 443
2023-09-07 16:52:39 [INFO] - Express server listening on port 3001
2023-09-07 16:56:58 [INFO] - Argos Platform : win32
2023-09-07 16:56:58 [INFO] - config.server_port : 3001
2023-09-07 16:56:58 [INFO] - Routing Moudle count : 69
2023-09-07 16:56:59 [INFO] - Express SSL server listening on port 443
2023-09-07 16:56:59 [INFO] - Express server listening on port 3001
2023-09-07 17:10:38 [INFO] - Argos Platform : win32
2023-09-07 17:10:38 [INFO] - config.server_port : 3001
2023-09-07 17:10:38 [INFO] - Routing Moudle count : 69
2023-09-07 17:10:38 [INFO] - Express SSL server listening on port 443
2023-09-07 17:10:38 [INFO] - Express server listening on port 3001
2023-09-07 17:14:21 [INFO] - Argos Platform : win32
2023-09-07 17:14:21 [INFO] - config.server_port : 3001
2023-09-07 17:14:21 [INFO] - Routing Moudle count : 69
2023-09-07 17:14:21 [INFO] - Express SSL server listening on port 443
2023-09-07 17:14:21 [INFO] - Express server listening on port 3001
2023-09-07 17:16:36 [INFO] - Argos Platform : win32
2023-09-07 17:16:36 [INFO] - config.server_port : 3001
2023-09-07 17:16:36 [INFO] - Routing Moudle count : 69
2023-09-07 17:16:36 [INFO] - Express SSL server listening on port 443
2023-09-07 17:16:36 [INFO] - Express server listening on port 3001
2023-09-07 17:18:26 [INFO] - Argos Platform : win32
2023-09-07 17:18:26 [INFO] - config.server_port : 3001
2023-09-07 17:18:26 [INFO] - Routing Moudle count : 69
2023-09-07 17:18:26 [INFO] - Express SSL server listening on port 443
2023-09-07 17:18:26 [INFO] - Express server listening on port 3001
2023-09-07 17:19:47 [INFO] - Argos Platform : win32
2023-09-07 17:19:47 [INFO] - config.server_port : 3001
2023-09-07 17:19:47 [INFO] - Routing Moudle count : 69
2023-09-07 17:19:47 [INFO] - Express SSL server listening on port 443
2023-09-07 17:19:47 [INFO] - Express server listening on port 3001
2023-09-07 17:34:39 [INFO] - Argos Platform : win32
2023-09-07 17:34:39 [INFO] - config.server_port : 3001
2023-09-07 17:34:39 [INFO] - Routing Moudle count : 69
2023-09-07 17:34:40 [INFO] - Express SSL server listening on port 443
2023-09-07 17:34:40 [INFO] - Express server listening on port 3001
2023-09-07 17:37:29 [INFO] - Argos Platform : win32
2023-09-07 17:37:29 [INFO] - config.server_port : 3001
2023-09-07 17:37:29 [INFO] - Routing Moudle count : 69
2023-09-07 17:37:29 [INFO] - Express SSL server listening on port 443
2023-09-07 17:37:29 [INFO] - Express server listening on port 3001
