2023-09-05 09:03:26 [INFO] - Argos Platform : win32
2023-09-05 09:03:26 [INFO] - config.server_port : 3001
2023-09-05 09:03:26 [INFO] - Routing Moudle count : 69
2023-09-05 09:03:26 [INFO] - Express SSL server listening on port 443
2023-09-05 09:03:26 [INFO] - Express server listening on port 3001
2023-09-05 09:04:26 [ERROR] - process uncaughtException -> 
2023-09-05 09:11:48 [INFO] - Argos Platform : win32
2023-09-05 09:11:48 [INFO] - config.server_port : 3001
2023-09-05 09:11:48 [INFO] - Routing Moudle count : 69
2023-09-05 09:11:48 [INFO] - Express SSL server listening on port 443
2023-09-05 09:11:48 [INFO] - Express server listening on port 3001
2023-09-05 09:14:20 [INFO] - Argos Platform : win32
2023-09-05 09:14:20 [INFO] - config.server_port : 3001
2023-09-05 09:14:20 [INFO] - Routing Moudle count : 69
2023-09-05 09:14:20 [INFO] - Express SSL server listening on port 443
2023-09-05 09:14:20 [INFO] - Express server listening on port 3001
2023-09-05 09:15:37 [INFO] - Argos Platform : win32
2023-09-05 09:15:37 [INFO] - config.server_port : 3001
2023-09-05 09:15:37 [INFO] - Routing Moudle count : 69
2023-09-05 09:15:37 [INFO] - Express SSL server listening on port 443
2023-09-05 09:15:37 [INFO] - Express server listening on port 3001
2023-09-05 09:16:47 [INFO] - Argos Platform : win32
2023-09-05 09:16:47 [INFO] - config.server_port : 3001
2023-09-05 09:16:47 [INFO] - Routing Moudle count : 69
2023-09-05 09:16:47 [INFO] - Express SSL server listening on port 443
2023-09-05 09:16:47 [INFO] - Express server listening on port 3001
2023-09-05 09:20:55 [INFO] - Argos Platform : win32
2023-09-05 09:20:55 [INFO] - config.server_port : 3001
2023-09-05 09:20:55 [INFO] - Routing Moudle count : 69
2023-09-05 09:20:55 [INFO] - Express SSL server listening on port 443
2023-09-05 09:20:55 [INFO] - Express server listening on port 3001
2023-09-05 09:21:10 [INFO] - Argos Platform : win32
2023-09-05 09:21:10 [INFO] - config.server_port : 3001
2023-09-05 09:21:10 [INFO] - Routing Moudle count : 69
2023-09-05 09:21:10 [INFO] - Express SSL server listening on port 443
2023-09-05 09:21:10 [INFO] - Express server listening on port 3001
2023-09-05 10:59:32 [INFO] - Argos Platform : win32
2023-09-05 10:59:32 [INFO] - config.server_port : 3001
2023-09-05 10:59:32 [INFO] - Routing Moudle count : 69
2023-09-05 10:59:33 [INFO] - Express SSL server listening on port 443
2023-09-05 10:59:33 [INFO] - Express server listening on port 3001
2023-09-05 11:19:10 [INFO] - Argos Platform : win32
2023-09-05 11:19:10 [INFO] - config.server_port : 3001
2023-09-05 11:19:10 [INFO] - Routing Moudle count : 69
2023-09-05 11:19:11 [INFO] - Express SSL server listening on port 443
2023-09-05 11:19:11 [INFO] - Express server listening on port 3001
2023-09-05 11:49:42 [INFO] - Argos Platform : win32
2023-09-05 11:49:42 [INFO] - config.server_port : 3001
2023-09-05 11:49:42 [INFO] - Routing Moudle count : 69
2023-09-05 11:49:42 [INFO] - Express SSL server listening on port 443
2023-09-05 11:49:42 [INFO] - Express server listening on port 3001
2023-09-05 11:50:32 [INFO] - Argos Platform : win32
2023-09-05 11:50:32 [INFO] - config.server_port : 3001
2023-09-05 11:50:32 [INFO] - Routing Moudle count : 69
2023-09-05 11:50:32 [INFO] - Express SSL server listening on port 443
2023-09-05 11:50:32 [INFO] - Express server listening on port 3001
2023-09-05 13:19:56 [INFO] - Argos Platform : win32
2023-09-05 13:19:56 [INFO] - config.server_port : 3001
2023-09-05 13:19:56 [INFO] - Routing Moudle count : 69
2023-09-05 13:19:56 [INFO] - Express SSL server listening on port 443
2023-09-05 13:19:56 [INFO] - Express server listening on port 3001
2023-09-05 13:24:33 [INFO] - Argos Platform : win32
2023-09-05 13:24:33 [INFO] - config.server_port : 3001
2023-09-05 13:24:33 [INFO] - Routing Moudle count : 69
2023-09-05 13:24:33 [INFO] - Express SSL server listening on port 443
2023-09-05 13:24:33 [INFO] - Express server listening on port 3001
2023-09-05 13:25:03 [INFO] - Argos Platform : win32
2023-09-05 13:25:03 [INFO] - config.server_port : 3001
2023-09-05 13:25:03 [INFO] - Routing Moudle count : 69
2023-09-05 13:25:03 [INFO] - Express SSL server listening on port 443
2023-09-05 13:25:03 [INFO] - Express server listening on port 3001
2023-09-05 13:32:20 [INFO] - Argos Platform : win32
2023-09-05 13:32:20 [INFO] - config.server_port : 3001
2023-09-05 13:32:20 [INFO] - Routing Moudle count : 69
2023-09-05 13:32:20 [INFO] - Express SSL server listening on port 443
2023-09-05 13:32:20 [INFO] - Express server listening on port 3001
2023-09-05 13:33:39 [INFO] - Argos Platform : win32
2023-09-05 13:33:39 [INFO] - config.server_port : 3001
2023-09-05 13:33:39 [INFO] - Routing Moudle count : 69
2023-09-05 13:33:39 [INFO] - Express SSL server listening on port 443
2023-09-05 13:33:39 [INFO] - Express server listening on port 3001
2023-09-05 13:35:56 [INFO] - Argos Platform : win32
2023-09-05 13:35:56 [INFO] - config.server_port : 3001
2023-09-05 13:35:56 [INFO] - Routing Moudle count : 69
2023-09-05 13:35:56 [INFO] - Express SSL server listening on port 443
2023-09-05 13:35:56 [INFO] - Express server listening on port 3001
2023-09-05 13:39:18 [INFO] - Argos Platform : win32
2023-09-05 13:39:18 [INFO] - config.server_port : 3001
2023-09-05 13:39:18 [INFO] - Routing Moudle count : 69
2023-09-05 13:39:18 [INFO] - Express SSL server listening on port 443
2023-09-05 13:39:18 [INFO] - Express server listening on port 3001
2023-09-05 13:51:47 [INFO] - Argos Platform : win32
2023-09-05 13:51:47 [INFO] - config.server_port : 3001
2023-09-05 13:51:47 [INFO] - Routing Moudle count : 69
2023-09-05 13:51:48 [INFO] - Express SSL server listening on port 443
2023-09-05 13:51:48 [INFO] - Express server listening on port 3001
2023-09-05 13:52:59 [INFO] - Argos Platform : win32
2023-09-05 13:52:59 [INFO] - config.server_port : 3001
2023-09-05 13:52:59 [INFO] - Routing Moudle count : 69
2023-09-05 13:53:00 [INFO] - Express SSL server listening on port 443
2023-09-05 13:53:00 [INFO] - Express server listening on port 3001
2023-09-05 13:53:49 [INFO] - Argos Platform : win32
2023-09-05 13:53:49 [INFO] - config.server_port : 3001
2023-09-05 13:53:49 [INFO] - Routing Moudle count : 69
2023-09-05 13:53:49 [INFO] - Express SSL server listening on port 443
2023-09-05 13:53:49 [INFO] - Express server listening on port 3001
2023-09-05 13:54:24 [INFO] - Argos Platform : win32
2023-09-05 13:54:24 [INFO] - config.server_port : 3001
2023-09-05 13:54:24 [INFO] - Routing Moudle count : 69
2023-09-05 13:54:24 [INFO] - Express SSL server listening on port 443
2023-09-05 13:54:24 [INFO] - Express server listening on port 3001
2023-09-05 13:55:12 [INFO] - Argos Platform : win32
2023-09-05 13:55:12 [INFO] - config.server_port : 3001
2023-09-05 13:55:12 [INFO] - Routing Moudle count : 69
2023-09-05 13:55:13 [INFO] - Express SSL server listening on port 443
2023-09-05 13:55:13 [INFO] - Express server listening on port 3001
2023-09-05 13:55:23 [INFO] - Argos Platform : win32
2023-09-05 13:55:23 [INFO] - config.server_port : 3001
2023-09-05 13:55:23 [INFO] - Routing Moudle count : 69
2023-09-05 13:55:23 [INFO] - Express SSL server listening on port 443
2023-09-05 13:55:23 [INFO] - Express server listening on port 3001
2023-09-05 13:56:31 [INFO] - Argos Platform : win32
2023-09-05 13:56:31 [INFO] - config.server_port : 3001
2023-09-05 13:56:31 [INFO] - Routing Moudle count : 69
2023-09-05 13:56:31 [INFO] - Express SSL server listening on port 443
2023-09-05 13:56:31 [INFO] - Express server listening on port 3001
2023-09-05 13:56:54 [INFO] - Argos Platform : win32
2023-09-05 13:56:54 [INFO] - config.server_port : 3001
2023-09-05 13:56:54 [INFO] - Routing Moudle count : 69
2023-09-05 13:56:54 [INFO] - Express SSL server listening on port 443
2023-09-05 13:56:54 [INFO] - Express server listening on port 3001
2023-09-05 13:56:59 [INFO] - Argos Platform : win32
2023-09-05 13:56:59 [INFO] - config.server_port : 3001
2023-09-05 13:56:59 [INFO] - Routing Moudle count : 69
2023-09-05 13:56:59 [INFO] - Express SSL server listening on port 443
2023-09-05 13:56:59 [INFO] - Express server listening on port 3001
2023-09-05 13:57:59 [INFO] - Argos Platform : win32
2023-09-05 13:57:59 [INFO] - config.server_port : 3001
2023-09-05 13:57:59 [INFO] - Routing Moudle count : 69
2023-09-05 13:57:59 [INFO] - Express SSL server listening on port 443
2023-09-05 13:57:59 [INFO] - Express server listening on port 3001
2023-09-05 13:58:20 [INFO] - Argos Platform : win32
2023-09-05 13:58:20 [INFO] - config.server_port : 3001
2023-09-05 13:58:20 [INFO] - Routing Moudle count : 69
2023-09-05 13:58:20 [INFO] - Express SSL server listening on port 443
2023-09-05 13:58:20 [INFO] - Express server listening on port 3001
2023-09-05 13:59:17 [INFO] - Argos Platform : win32
2023-09-05 13:59:17 [INFO] - config.server_port : 3001
2023-09-05 13:59:18 [INFO] - Routing Moudle count : 69
2023-09-05 13:59:18 [INFO] - Express SSL server listening on port 443
2023-09-05 13:59:18 [INFO] - Express server listening on port 3001
2023-09-05 13:59:39 [INFO] - Argos Platform : win32
2023-09-05 13:59:39 [INFO] - config.server_port : 3001
2023-09-05 13:59:39 [INFO] - Routing Moudle count : 69
2023-09-05 13:59:39 [INFO] - Express SSL server listening on port 443
2023-09-05 13:59:39 [INFO] - Express server listening on port 3001
2023-09-05 13:59:54 [INFO] - Argos Platform : win32
2023-09-05 13:59:54 [INFO] - config.server_port : 3001
2023-09-05 13:59:54 [INFO] - Routing Moudle count : 69
2023-09-05 13:59:54 [INFO] - Express SSL server listening on port 443
2023-09-05 13:59:54 [INFO] - Express server listening on port 3001
2023-09-05 14:00:03 [INFO] - Argos Platform : win32
2023-09-05 14:00:03 [INFO] - config.server_port : 3001
2023-09-05 14:00:03 [INFO] - Routing Moudle count : 69
2023-09-05 14:00:04 [INFO] - Express SSL server listening on port 443
2023-09-05 14:00:04 [INFO] - Express server listening on port 3001
2023-09-05 14:00:35 [INFO] - Argos Platform : win32
2023-09-05 14:00:35 [INFO] - config.server_port : 3001
2023-09-05 14:00:35 [INFO] - Routing Moudle count : 69
2023-09-05 14:00:35 [INFO] - Express SSL server listening on port 443
2023-09-05 14:00:35 [INFO] - Express server listening on port 3001
2023-09-05 14:04:43 [INFO] - Argos Platform : win32
2023-09-05 14:04:43 [INFO] - config.server_port : 3001
2023-09-05 14:04:43 [INFO] - Routing Moudle count : 69
2023-09-05 14:04:44 [INFO] - Express SSL server listening on port 443
2023-09-05 14:04:44 [INFO] - Express server listening on port 3001
2023-09-05 14:06:30 [INFO] - Argos Platform : win32
2023-09-05 14:06:30 [INFO] - config.server_port : 3001
2023-09-05 14:06:30 [INFO] - Routing Moudle count : 69
2023-09-05 14:06:31 [INFO] - Express SSL server listening on port 443
2023-09-05 14:06:31 [INFO] - Express server listening on port 3001
2023-09-05 14:06:44 [INFO] - Argos Platform : win32
2023-09-05 14:06:44 [INFO] - config.server_port : 3001
2023-09-05 14:06:44 [INFO] - Routing Moudle count : 69
2023-09-05 14:06:45 [INFO] - Express SSL server listening on port 443
2023-09-05 14:06:45 [INFO] - Express server listening on port 3001
2023-09-05 14:06:58 [INFO] - Argos Platform : win32
2023-09-05 14:06:58 [INFO] - config.server_port : 3001
2023-09-05 14:06:58 [INFO] - Routing Moudle count : 69
2023-09-05 14:06:58 [INFO] - Express SSL server listening on port 443
2023-09-05 14:06:58 [INFO] - Express server listening on port 3001
2023-09-05 14:07:20 [INFO] - Argos Platform : win32
2023-09-05 14:07:20 [INFO] - config.server_port : 3001
2023-09-05 14:07:20 [INFO] - Routing Moudle count : 69
2023-09-05 14:07:20 [INFO] - Express SSL server listening on port 443
2023-09-05 14:07:20 [INFO] - Express server listening on port 3001
2023-09-05 14:08:17 [INFO] - Argos Platform : win32
2023-09-05 14:08:17 [INFO] - config.server_port : 3001
2023-09-05 14:08:17 [INFO] - Routing Moudle count : 69
2023-09-05 14:08:17 [INFO] - Express SSL server listening on port 443
2023-09-05 14:08:17 [INFO] - Express server listening on port 3001
2023-09-05 14:10:29 [INFO] - Argos Platform : win32
2023-09-05 14:10:29 [INFO] - config.server_port : 3001
2023-09-05 14:10:29 [INFO] - Routing Moudle count : 69
2023-09-05 14:10:29 [INFO] - Express SSL server listening on port 443
2023-09-05 14:10:29 [INFO] - Express server listening on port 3001
2023-09-05 14:11:03 [INFO] - Argos Platform : win32
2023-09-05 14:11:03 [INFO] - config.server_port : 3001
2023-09-05 14:11:03 [INFO] - Routing Moudle count : 69
2023-09-05 14:11:03 [INFO] - Express SSL server listening on port 443
2023-09-05 14:11:03 [INFO] - Express server listening on port 3001
2023-09-05 14:11:15 [INFO] - Argos Platform : win32
2023-09-05 14:11:15 [INFO] - config.server_port : 3001
2023-09-05 14:11:15 [INFO] - Routing Moudle count : 69
2023-09-05 14:11:15 [INFO] - Express SSL server listening on port 443
2023-09-05 14:11:15 [INFO] - Express server listening on port 3001
2023-09-05 14:20:19 [INFO] - Argos Platform : win32
2023-09-05 14:20:19 [INFO] - config.server_port : 3001
2023-09-05 14:20:19 [INFO] - Routing Moudle count : 69
2023-09-05 14:20:20 [INFO] - Express SSL server listening on port 443
2023-09-05 14:20:20 [INFO] - Express server listening on port 3001
2023-09-05 14:20:30 [INFO] - Argos Platform : win32
2023-09-05 14:20:30 [INFO] - config.server_port : 3001
2023-09-05 14:20:30 [INFO] - Routing Moudle count : 69
2023-09-05 14:20:30 [INFO] - Express SSL server listening on port 443
2023-09-05 14:20:30 [INFO] - Express server listening on port 3001
2023-09-05 14:20:44 [INFO] - Argos Platform : win32
2023-09-05 14:20:44 [INFO] - config.server_port : 3001
2023-09-05 14:20:44 [INFO] - Routing Moudle count : 69
2023-09-05 14:20:45 [INFO] - Express SSL server listening on port 443
2023-09-05 14:20:45 [INFO] - Express server listening on port 3001
2023-09-05 14:20:57 [INFO] - Argos Platform : win32
2023-09-05 14:20:57 [INFO] - config.server_port : 3001
2023-09-05 14:20:57 [INFO] - Routing Moudle count : 69
2023-09-05 14:20:57 [INFO] - Express SSL server listening on port 443
2023-09-05 14:20:57 [INFO] - Express server listening on port 3001
2023-09-05 14:21:09 [INFO] - Argos Platform : win32
2023-09-05 14:21:09 [INFO] - config.server_port : 3001
2023-09-05 14:21:09 [INFO] - Routing Moudle count : 69
2023-09-05 14:21:09 [INFO] - Express SSL server listening on port 443
2023-09-05 14:21:09 [INFO] - Express server listening on port 3001
2023-09-05 14:21:20 [INFO] - Argos Platform : win32
2023-09-05 14:21:20 [INFO] - config.server_port : 3001
2023-09-05 14:21:20 [INFO] - Routing Moudle count : 69
2023-09-05 14:21:20 [INFO] - Express SSL server listening on port 443
2023-09-05 14:21:20 [INFO] - Express server listening on port 3001
2023-09-05 14:22:24 [INFO] - Argos Platform : win32
2023-09-05 14:22:24 [INFO] - config.server_port : 3001
2023-09-05 14:22:24 [INFO] - Routing Moudle count : 69
2023-09-05 14:22:25 [INFO] - Express SSL server listening on port 443
2023-09-05 14:22:25 [INFO] - Express server listening on port 3001
2023-09-05 14:23:04 [INFO] - Argos Platform : win32
2023-09-05 14:23:04 [INFO] - config.server_port : 3001
2023-09-05 14:23:04 [INFO] - Routing Moudle count : 69
2023-09-05 14:23:05 [INFO] - Express SSL server listening on port 443
2023-09-05 14:23:05 [INFO] - Express server listening on port 3001
2023-09-05 14:23:18 [INFO] - Argos Platform : win32
2023-09-05 14:23:18 [INFO] - config.server_port : 3001
2023-09-05 14:23:18 [INFO] - Routing Moudle count : 69
2023-09-05 14:23:19 [INFO] - Express SSL server listening on port 443
2023-09-05 14:23:19 [INFO] - Express server listening on port 3001
2023-09-05 14:23:34 [INFO] - Argos Platform : win32
2023-09-05 14:23:34 [INFO] - config.server_port : 3001
2023-09-05 14:23:34 [INFO] - Routing Moudle count : 69
2023-09-05 14:23:34 [INFO] - Express SSL server listening on port 443
2023-09-05 14:23:34 [INFO] - Express server listening on port 3001
2023-09-05 14:24:55 [INFO] - Argos Platform : win32
2023-09-05 14:24:55 [INFO] - config.server_port : 3001
2023-09-05 14:24:55 [INFO] - Routing Moudle count : 69
2023-09-05 14:24:55 [INFO] - Express SSL server listening on port 443
2023-09-05 14:24:55 [INFO] - Express server listening on port 3001
2023-09-05 14:25:31 [INFO] - Argos Platform : win32
2023-09-05 14:25:31 [INFO] - config.server_port : 3001
2023-09-05 14:25:31 [INFO] - Routing Moudle count : 69
2023-09-05 14:25:31 [INFO] - Express SSL server listening on port 443
2023-09-05 14:25:31 [INFO] - Express server listening on port 3001
2023-09-05 14:25:45 [INFO] - Argos Platform : win32
2023-09-05 14:25:45 [INFO] - config.server_port : 3001
2023-09-05 14:25:45 [INFO] - Routing Moudle count : 69
2023-09-05 14:25:45 [INFO] - Express SSL server listening on port 443
2023-09-05 14:25:45 [INFO] - Express server listening on port 3001
2023-09-05 14:26:37 [INFO] - Argos Platform : win32
2023-09-05 14:26:37 [INFO] - config.server_port : 3001
2023-09-05 14:26:37 [INFO] - Routing Moudle count : 69
2023-09-05 14:26:37 [INFO] - Express SSL server listening on port 443
2023-09-05 14:26:37 [INFO] - Express server listening on port 3001
2023-09-05 14:26:59 [INFO] - Argos Platform : win32
2023-09-05 14:26:59 [INFO] - config.server_port : 3001
2023-09-05 14:26:59 [INFO] - Routing Moudle count : 69
2023-09-05 14:27:00 [INFO] - Express SSL server listening on port 443
2023-09-05 14:27:00 [INFO] - Express server listening on port 3001
2023-09-05 14:27:24 [INFO] - Argos Platform : win32
2023-09-05 14:27:24 [INFO] - config.server_port : 3001
2023-09-05 14:27:24 [INFO] - Routing Moudle count : 69
2023-09-05 14:27:25 [INFO] - Express SSL server listening on port 443
2023-09-05 14:27:25 [INFO] - Express server listening on port 3001
2023-09-05 14:27:49 [INFO] - Argos Platform : win32
2023-09-05 14:27:49 [INFO] - config.server_port : 3001
2023-09-05 14:27:49 [INFO] - Routing Moudle count : 69
2023-09-05 14:27:50 [INFO] - Express SSL server listening on port 443
2023-09-05 14:27:50 [INFO] - Express server listening on port 3001
2023-09-05 14:28:48 [INFO] - Argos Platform : win32
2023-09-05 14:28:48 [INFO] - config.server_port : 3001
2023-09-05 14:28:48 [INFO] - Routing Moudle count : 69
2023-09-05 14:28:49 [INFO] - Express SSL server listening on port 443
2023-09-05 14:28:49 [INFO] - Express server listening on port 3001
2023-09-05 14:29:48 [INFO] - Argos Platform : win32
2023-09-05 14:29:48 [INFO] - config.server_port : 3001
2023-09-05 14:29:48 [INFO] - Routing Moudle count : 69
2023-09-05 14:29:48 [INFO] - Express SSL server listening on port 443
2023-09-05 14:29:48 [INFO] - Express server listening on port 3001
2023-09-05 14:31:31 [INFO] - Argos Platform : win32
2023-09-05 14:31:31 [INFO] - config.server_port : 3001
2023-09-05 14:31:31 [INFO] - Routing Moudle count : 69
2023-09-05 14:31:31 [INFO] - Express SSL server listening on port 443
2023-09-05 14:31:31 [INFO] - Express server listening on port 3001
2023-09-05 14:31:45 [INFO] - Argos Platform : win32
2023-09-05 14:31:45 [INFO] - config.server_port : 3001
2023-09-05 14:31:45 [INFO] - Routing Moudle count : 69
2023-09-05 14:31:45 [INFO] - Express SSL server listening on port 443
2023-09-05 14:31:45 [INFO] - Express server listening on port 3001
2023-09-05 15:02:27 [INFO] - Argos Platform : win32
2023-09-05 15:02:27 [INFO] - config.server_port : 3001
2023-09-05 15:02:27 [INFO] - Routing Moudle count : 69
2023-09-05 15:02:27 [INFO] - Express SSL server listening on port 443
2023-09-05 15:02:27 [INFO] - Express server listening on port 3001
2023-09-05 15:03:11 [INFO] - Argos Platform : win32
2023-09-05 15:03:11 [INFO] - config.server_port : 3001
2023-09-05 15:03:11 [INFO] - Routing Moudle count : 69
2023-09-05 15:03:12 [INFO] - Express SSL server listening on port 443
2023-09-05 15:03:12 [INFO] - Express server listening on port 3001
2023-09-05 15:03:29 [INFO] - Argos Platform : win32
2023-09-05 15:03:29 [INFO] - config.server_port : 3001
2023-09-05 15:03:29 [INFO] - Routing Moudle count : 69
2023-09-05 15:03:29 [INFO] - Express SSL server listening on port 443
2023-09-05 15:03:29 [INFO] - Express server listening on port 3001
2023-09-05 15:13:39 [INFO] - Argos Platform : win32
2023-09-05 15:13:39 [INFO] - config.server_port : 3001
2023-09-05 15:13:39 [INFO] - Routing Moudle count : 69
2023-09-05 15:13:40 [INFO] - Express SSL server listening on port 443
2023-09-05 15:13:40 [INFO] - Express server listening on port 3001
2023-09-05 15:16:32 [INFO] - Argos Platform : win32
2023-09-05 15:16:32 [INFO] - config.server_port : 3001
2023-09-05 15:16:32 [INFO] - Routing Moudle count : 69
2023-09-05 15:16:32 [INFO] - Express SSL server listening on port 443
2023-09-05 15:16:32 [INFO] - Express server listening on port 3001
2023-09-05 15:17:55 [INFO] - Argos Platform : win32
2023-09-05 15:17:55 [INFO] - config.server_port : 3001
2023-09-05 15:17:55 [INFO] - Routing Moudle count : 69
2023-09-05 15:17:55 [INFO] - Express SSL server listening on port 443
2023-09-05 15:17:55 [INFO] - Express server listening on port 3001
2023-09-05 15:19:11 [INFO] - Argos Platform : win32
2023-09-05 15:19:11 [INFO] - config.server_port : 3001
2023-09-05 15:19:11 [INFO] - Routing Moudle count : 69
2023-09-05 15:19:11 [INFO] - Express SSL server listening on port 443
2023-09-05 15:19:11 [INFO] - Express server listening on port 3001
2023-09-05 15:25:24 [INFO] - Argos Platform : win32
2023-09-05 15:25:24 [INFO] - config.server_port : 3001
2023-09-05 15:25:24 [INFO] - Routing Moudle count : 69
2023-09-05 15:25:24 [INFO] - Express SSL server listening on port 443
2023-09-05 15:25:24 [INFO] - Express server listening on port 3001
2023-09-05 15:42:05 [INFO] - Argos Platform : win32
2023-09-05 15:42:05 [INFO] - config.server_port : 3001
2023-09-05 15:42:05 [INFO] - Routing Moudle count : 69
2023-09-05 15:42:05 [INFO] - Express SSL server listening on port 443
2023-09-05 15:42:05 [INFO] - Express server listening on port 3001
2023-09-05 15:53:09 [INFO] - Argos Platform : win32
2023-09-05 15:53:09 [INFO] - config.server_port : 3001
2023-09-05 15:53:09 [INFO] - Routing Moudle count : 69
2023-09-05 15:53:10 [INFO] - Express SSL server listening on port 443
2023-09-05 15:53:10 [INFO] - Express server listening on port 3001
2023-09-05 16:06:10 [INFO] - Argos Platform : win32
2023-09-05 16:06:10 [INFO] - config.server_port : 3001
2023-09-05 16:06:10 [INFO] - Routing Moudle count : 69
2023-09-05 16:06:10 [INFO] - Express SSL server listening on port 443
2023-09-05 16:06:10 [INFO] - Express server listening on port 3001
2023-09-05 16:06:11 [ERROR] - error: "tc_trffc_signtts" 이름의 릴레이션(relation)이 없습니다
    at Parser.parseErrorMessage (D:\Code\r-rfms\agros_net_server_node_git\node_modules\pg-protocol\dist\parser.js:287:98)
    at Parser.handlePacket (D:\Code\r-rfms\agros_net_server_node_git\node_modules\pg-protocol\dist\parser.js:126:29)
    at Parser.parse (D:\Code\r-rfms\agros_net_server_node_git\node_modules\pg-protocol\dist\parser.js:39:38)
    at Socket.<anonymous> (D:\Code\r-rfms\agros_net_server_node_git\node_modules\pg-protocol\dist\index.js:11:42)
    at Socket.emit (node:events:527:28)
    at addChunk (node:internal/streams/readable:315:12)
    at readableAddChunk (node:internal/streams/readable:289:9)
    at Socket.Readable.push (node:internal/streams/readable:228:10)
    at TCP.onStreamRead (node:internal/stream_base_commons:190:23)
2023-09-05 16:06:11 [ERROR] - undefined | undefined | undefined | undefined | undefined
2023-09-05 16:06:32 [INFO] - Argos Platform : win32
2023-09-05 16:06:32 [INFO] - config.server_port : 3001
2023-09-05 16:06:32 [INFO] - Routing Moudle count : 69
2023-09-05 16:06:32 [INFO] - Express SSL server listening on port 443
2023-09-05 16:06:32 [INFO] - Express server listening on port 3001
2023-09-05 16:06:34 [ERROR] - process uncaughtException -> 
2023-09-05 16:06:51 [INFO] - Argos Platform : win32
2023-09-05 16:06:51 [INFO] - config.server_port : 3001
2023-09-05 16:06:52 [INFO] - Routing Moudle count : 69
2023-09-05 16:06:52 [INFO] - Express SSL server listening on port 443
2023-09-05 16:06:52 [INFO] - Express server listening on port 3001
2023-09-05 16:08:15 [INFO] - Argos Platform : win32
2023-09-05 16:08:15 [INFO] - config.server_port : 3001
2023-09-05 16:08:15 [INFO] - Routing Moudle count : 69
2023-09-05 16:08:16 [INFO] - Express SSL server listening on port 443
2023-09-05 16:08:16 [INFO] - Express server listening on port 3001
2023-09-05 16:21:49 [INFO] - Argos Platform : win32
2023-09-05 16:21:49 [INFO] - config.server_port : 3001
2023-09-05 16:21:49 [INFO] - Routing Moudle count : 69
2023-09-05 16:21:49 [INFO] - Express SSL server listening on port 443
2023-09-05 16:21:49 [INFO] - Express server listening on port 3001
2023-09-05 16:22:57 [INFO] - Argos Platform : win32
2023-09-05 16:22:57 [INFO] - config.server_port : 3001
2023-09-05 16:22:57 [INFO] - Routing Moudle count : 69
2023-09-05 16:22:57 [INFO] - Express SSL server listening on port 443
2023-09-05 16:22:57 [INFO] - Express server listening on port 3001
2023-09-05 16:22:58 [ERROR] - error: 바인드 메시지는 3개의 매개 변수를 지원하지만, "" 준비된 명령 구문(prepared statement)에서는2 개의 매개 변수가 필요합니다
    at Parser.parseErrorMessage (D:\Code\r-rfms\agros_net_server_node_git\node_modules\pg-protocol\dist\parser.js:287:98)
    at Parser.handlePacket (D:\Code\r-rfms\agros_net_server_node_git\node_modules\pg-protocol\dist\parser.js:126:29)
    at Parser.parse (D:\Code\r-rfms\agros_net_server_node_git\node_modules\pg-protocol\dist\parser.js:39:38)
    at Socket.<anonymous> (D:\Code\r-rfms\agros_net_server_node_git\node_modules\pg-protocol\dist\index.js:11:42)
    at Socket.emit (node:events:527:28)
    at addChunk (node:internal/streams/readable:315:12)
    at readableAddChunk (node:internal/streams/readable:289:9)
    at Socket.Readable.push (node:internal/streams/readable:228:10)
    at TCP.onStreamRead (node:internal/stream_base_commons:190:23)
2023-09-05 16:22:58 [ERROR] - undefined | undefined | undefined | error: 바인드 메시지는 3개의 매개 변수를 지원하지만, "" 준비된 명령 구문(prepared statement)에서는2 개의 매개 변수가 필요합니다 | error: 바인드 메시지는 3개의 매개 변수를 지원하지만, "" 준비된 명령 구문(prepared statement)에서는2 개의 매개 변수가 필요합니다
2023-09-05 16:22:59 [ERROR] - error: 바인드 메시지는 3개의 매개 변수를 지원하지만, "" 준비된 명령 구문(prepared statement)에서는2 개의 매개 변수가 필요합니다
    at Parser.parseErrorMessage (D:\Code\r-rfms\agros_net_server_node_git\node_modules\pg-protocol\dist\parser.js:287:98)
    at Parser.handlePacket (D:\Code\r-rfms\agros_net_server_node_git\node_modules\pg-protocol\dist\parser.js:126:29)
    at Parser.parse (D:\Code\r-rfms\agros_net_server_node_git\node_modules\pg-protocol\dist\parser.js:39:38)
    at Socket.<anonymous> (D:\Code\r-rfms\agros_net_server_node_git\node_modules\pg-protocol\dist\index.js:11:42)
    at Socket.emit (node:events:527:28)
    at addChunk (node:internal/streams/readable:315:12)
    at readableAddChunk (node:internal/streams/readable:289:9)
    at Socket.Readable.push (node:internal/streams/readable:228:10)
    at TCP.onStreamRead (node:internal/stream_base_commons:190:23)
2023-09-05 16:22:59 [ERROR] - undefined | undefined | undefined | error: 바인드 메시지는 3개의 매개 변수를 지원하지만, "" 준비된 명령 구문(prepared statement)에서는2 개의 매개 변수가 필요합니다 | error: 바인드 메시지는 3개의 매개 변수를 지원하지만, "" 준비된 명령 구문(prepared statement)에서는2 개의 매개 변수가 필요합니다
2023-09-05 16:23:10 [INFO] - Argos Platform : win32
2023-09-05 16:23:10 [INFO] - config.server_port : 3001
2023-09-05 16:23:10 [INFO] - Routing Moudle count : 69
2023-09-05 16:23:10 [INFO] - Express SSL server listening on port 443
2023-09-05 16:23:10 [INFO] - Express server listening on port 3001
2023-09-05 16:26:29 [INFO] - Argos Platform : win32
2023-09-05 16:26:29 [INFO] - config.server_port : 3001
2023-09-05 16:26:29 [INFO] - Routing Moudle count : 69
2023-09-05 16:26:29 [INFO] - Express SSL server listening on port 443
2023-09-05 16:26:29 [INFO] - Express server listening on port 3001
2023-09-05 16:30:05 [INFO] - Argos Platform : win32
2023-09-05 16:30:05 [INFO] - config.server_port : 3001
2023-09-05 16:30:05 [INFO] - Routing Moudle count : 69
2023-09-05 16:30:05 [INFO] - Express SSL server listening on port 443
2023-09-05 16:30:05 [INFO] - Express server listening on port 3001
2023-09-05 16:52:58 [INFO] - Argos Platform : win32
2023-09-05 16:52:58 [INFO] - config.server_port : 3001
2023-09-05 16:52:58 [INFO] - Routing Moudle count : 69
2023-09-05 16:52:58 [INFO] - Express SSL server listening on port 443
2023-09-05 16:52:58 [INFO] - Express server listening on port 3001
2023-09-05 16:53:18 [INFO] - Argos Platform : win32
2023-09-05 16:53:18 [INFO] - config.server_port : 3001
2023-09-05 16:53:18 [INFO] - Routing Moudle count : 69
2023-09-05 16:53:18 [INFO] - Express SSL server listening on port 443
2023-09-05 16:53:18 [INFO] - Express server listening on port 3001
2023-09-05 16:53:29 [INFO] - Argos Platform : win32
2023-09-05 16:53:29 [INFO] - config.server_port : 3001
2023-09-05 16:53:29 [INFO] - Routing Moudle count : 69
2023-09-05 16:53:29 [INFO] - Express SSL server listening on port 443
2023-09-05 16:53:29 [INFO] - Express server listening on port 3001
2023-09-05 16:58:55 [INFO] - Argos Platform : win32
2023-09-05 16:58:55 [INFO] - config.server_port : 3001
2023-09-05 16:58:55 [INFO] - Routing Moudle count : 69
2023-09-05 16:58:55 [INFO] - Express SSL server listening on port 443
2023-09-05 16:58:55 [INFO] - Express server listening on port 3001
2023-09-05 16:59:31 [INFO] - Argos Platform : win32
2023-09-05 16:59:31 [INFO] - config.server_port : 3001
2023-09-05 16:59:31 [INFO] - Routing Moudle count : 69
2023-09-05 16:59:31 [INFO] - Express SSL server listening on port 443
2023-09-05 16:59:31 [INFO] - Express server listening on port 3001
2023-09-05 17:04:25 [INFO] - Argos Platform : win32
2023-09-05 17:04:25 [INFO] - config.server_port : 3001
2023-09-05 17:04:25 [INFO] - Routing Moudle count : 69
2023-09-05 17:04:26 [INFO] - Express SSL server listening on port 443
2023-09-05 17:04:26 [INFO] - Express server listening on port 3001
2023-09-05 17:05:09 [INFO] - Argos Platform : win32
2023-09-05 17:05:09 [INFO] - config.server_port : 3001
2023-09-05 17:05:09 [INFO] - Routing Moudle count : 69
2023-09-05 17:05:09 [INFO] - Express SSL server listening on port 443
2023-09-05 17:05:09 [INFO] - Express server listening on port 3001
2023-09-05 17:07:10 [INFO] - Argos Platform : win32
2023-09-05 17:07:10 [INFO] - config.server_port : 3001
2023-09-05 17:07:10 [INFO] - Routing Moudle count : 69
2023-09-05 17:07:10 [INFO] - Express SSL server listening on port 443
2023-09-05 17:07:10 [INFO] - Express server listening on port 3001
2023-09-05 17:08:43 [INFO] - Argos Platform : win32
2023-09-05 17:08:43 [INFO] - config.server_port : 3001
2023-09-05 17:08:43 [INFO] - Routing Moudle count : 69
2023-09-05 17:08:43 [INFO] - Express SSL server listening on port 443
2023-09-05 17:08:43 [INFO] - Express server listening on port 3001
2023-09-05 17:17:47 [INFO] - Argos Platform : win32
2023-09-05 17:17:47 [INFO] - config.server_port : 3001
2023-09-05 17:17:47 [INFO] - Routing Moudle count : 69
2023-09-05 17:17:48 [INFO] - Express SSL server listening on port 443
2023-09-05 17:17:48 [INFO] - Express server listening on port 3001
2023-09-05 17:17:58 [INFO] - Argos Platform : win32
2023-09-05 17:17:58 [INFO] - config.server_port : 3001
2023-09-05 17:17:58 [INFO] - Routing Moudle count : 69
2023-09-05 17:17:58 [INFO] - Express SSL server listening on port 443
2023-09-05 17:17:58 [INFO] - Express server listening on port 3001
2023-09-05 17:19:12 [INFO] - Argos Platform : win32
2023-09-05 17:19:12 [INFO] - config.server_port : 3001
2023-09-05 17:19:12 [INFO] - Routing Moudle count : 69
2023-09-05 17:19:13 [INFO] - Express SSL server listening on port 443
2023-09-05 17:19:13 [INFO] - Express server listening on port 3001
2023-09-05 17:19:44 [INFO] - Argos Platform : win32
2023-09-05 17:19:44 [INFO] - config.server_port : 3001
2023-09-05 17:19:44 [INFO] - Routing Moudle count : 69
2023-09-05 17:19:44 [INFO] - Express SSL server listening on port 443
2023-09-05 17:19:44 [INFO] - Express server listening on port 3001
2023-09-05 17:22:18 [INFO] - Argos Platform : win32
2023-09-05 17:22:18 [INFO] - config.server_port : 3001
2023-09-05 17:22:18 [INFO] - Routing Moudle count : 69
2023-09-05 17:22:19 [INFO] - Express SSL server listening on port 443
2023-09-05 17:22:19 [INFO] - Express server listening on port 3001
2023-09-05 17:33:55 [INFO] - Argos Platform : win32
2023-09-05 17:33:55 [INFO] - config.server_port : 3001
2023-09-05 17:33:55 [INFO] - Routing Moudle count : 69
2023-09-05 17:33:55 [INFO] - Express SSL server listening on port 443
2023-09-05 17:33:55 [INFO] - Express server listening on port 3001
2023-09-05 17:38:07 [INFO] - Argos Platform : win32
2023-09-05 17:38:07 [INFO] - config.server_port : 3001
2023-09-05 17:38:07 [INFO] - Routing Moudle count : 69
2023-09-05 17:38:07 [INFO] - Express SSL server listening on port 443
2023-09-05 17:38:07 [INFO] - Express server listening on port 3001
2023-09-05 17:39:44 [INFO] - Argos Platform : win32
2023-09-05 17:39:44 [INFO] - config.server_port : 3001
2023-09-05 17:39:44 [INFO] - Routing Moudle count : 69
2023-09-05 17:39:45 [INFO] - Express SSL server listening on port 443
2023-09-05 17:39:45 [INFO] - Express server listening on port 3001
