2023-09-22 09:03:13 [DEBUG] - [func] postgresUtil.query() : 
2023-09-22 09:03:13 [DEBUG] - { text: "select current_setting('timezone'), now()", values: [] }
2023-09-22 09:03:13 [INFO] - Argos Platform : win32
2023-09-22 09:03:13 [INFO] - config.server_port : 3001
2023-09-22 09:03:13 [DEBUG] - route_loader.init called.
2023-09-22 09:03:13 [INFO] - Routing Moudle count : 72
2023-09-22 09:03:13 [DEBUG] - Router setted - type : get -- path : / -- method : ./page/route_root:getRoot
2023-09-22 09:03:13 [DEBUG] - Router setted - type : get -- path : /login -- method : ./page/route_root:getLogin
2023-09-22 09:03:13 [DEBUG] - Router setted - type : get -- path : /signup -- method : ./page/route_account:getSignup
2023-09-22 09:03:13 [DEBUG] - Router setted - type : get -- path : /account/list -- method : ./page/route_account:getAccountList
2023-09-22 09:03:13 [DEBUG] - Router setted - type : get -- path : /account/my -- method : ./page/route_account:getAccountMy
2023-09-22 09:03:13 [DEBUG] - Router setted - type : get -- path : /account/view/:email -- method : ./page/route_account:getAccountView
2023-09-22 09:03:13 [DEBUG] - Router setted - type : get -- path : /equip/list/vehicle -- method : ./page/route_equip:getListVh
2023-09-22 09:03:13 [DEBUG] - Router setted - type : get -- path : /equip/list/sensor -- method : ./page/route_equip:getListSens
2023-09-22 09:03:13 [DEBUG] - Router setted - type : get -- path : /equip/add/vehicle -- method : ./page/route_equip:getAddVehicle
2023-09-22 09:03:13 [DEBUG] - Router setted - type : get -- path : /equip/add/sensor -- method : ./page/route_equip:getAddSensor
2023-09-22 09:03:13 [DEBUG] - Router setted - type : get -- path : /equip/vehicle/:vhid -- method : ./page/route_equip:getViewVh
2023-09-22 09:03:13 [DEBUG] - Router setted - type : get -- path : /equip/sens/:sensid -- method : ./page/route_equip:getViewSens
2023-09-22 09:03:13 [DEBUG] - Router setted - type : get -- path : /map/list/map -- method : ./page/route_map:getListMap
2023-09-22 09:03:13 [DEBUG] - Router setted - type : get -- path : /data/list/prj -- method : ./page/route_data:getListPrj
2023-09-22 09:03:13 [DEBUG] - Router setted - type : get -- path : /data/add/prj -- method : ./page/route_data:getAddPrj
2023-09-22 09:03:13 [DEBUG] - Router setted - type : get -- path : /data/list/cam -- method : ./page/route_data:getListDataCam
2023-09-22 09:03:13 [DEBUG] - Router setted - type : get -- path : /data/list/lidar -- method : ./page/route_data:getListDataLidar
2023-09-22 09:03:13 [DEBUG] - Router setted - type : get -- path : /data/list/obj -- method : ./page/route_data:getListObj
2023-09-22 09:03:13 [DEBUG] - Router setted - type : get -- path : /data/view/prj/:prjid -- method : ./page/route_data:getViewPrj
2023-09-22 09:03:13 [DEBUG] - Router setted - type : get -- path : /data/view/data/:dataid -- method : ./page/route_data:getViewData
2023-09-22 09:03:13 [DEBUG] - Router setted - type : get -- path : /stat/dashboard -- method : ./page/route_stat:getDashboard
2023-09-22 09:03:13 [DEBUG] - Router setted - type : get -- path : /doc/:docname -- method : ./page/route_docs:getDocuemnt
2023-09-22 09:03:13 [DEBUG] - localStorage.multer() - fieldName : photo , targetPath : , originalName : undefined
2023-09-22 09:03:13 [DEBUG] - Router setted - type : get -- path : /api/account/read -- method : ./api/api_account:readUserList
2023-09-22 09:03:13 [DEBUG] - Router setted - type : post -- path : /api/account/update -- method : ./api/api_account:uploadUserPhoto
2023-09-22 09:03:13 [DEBUG] - Router setted - type : post -- path : /api/account/update -- method : ./api/api_account:postUpdateUser
2023-09-22 09:03:13 [DEBUG] - Router setted - type : post -- path : /api/account/changepw -- method : ./api/api_account:postChangePw
2023-09-22 09:03:13 [DEBUG] - Router setted - type : post -- path : /api/account/reset -- method : ./api/api_account:postUserReset
2023-09-22 09:03:13 [DEBUG] - localStorage.multer() - fieldName : photo , targetPath : , originalName : undefined
2023-09-22 09:03:13 [DEBUG] - localStorage.multerFileds() - fieldName : [object Object],[object Object] , targetPath : , originalName : false
2023-09-22 09:03:13 [DEBUG] - Router setted - type : post -- path : /api/equip/add/vehicle -- method : ./api/api_equip:uploadEquipPhoto
2023-09-22 09:03:13 [DEBUG] - Router setted - type : post -- path : /api/equip/add/vehicle -- method : ./api/api_equip:postAddVehicle
2023-09-22 09:03:13 [DEBUG] - Router setted - type : post -- path : /api/equip/update/vehicle -- method : ./api/api_equip:uploadEquipPhoto
2023-09-22 09:03:13 [DEBUG] - Router setted - type : post -- path : /api/equip/update/vehicle -- method : ./api/api_equip:postUpdateVehicle
2023-09-22 09:03:13 [DEBUG] - Router setted - type : get -- path : /api/equip/read/vh -- method : ./api/api_equip:readVhList
2023-09-22 09:03:13 [DEBUG] - Router setted - type : post -- path : /api/equip/add/sens -- method : ./api/api_equip:uploadSensFiles
2023-09-22 09:03:13 [DEBUG] - Router setted - type : post -- path : /api/equip/add/sens -- method : ./api/api_equip:postAddSens
2023-09-22 09:03:13 [DEBUG] - Router setted - type : get -- path : /api/equip/read/sens -- method : ./api/api_equip:readSensList
2023-09-22 09:03:13 [DEBUG] - Router setted - type : post -- path : /api/equip/update/sens -- method : ./api/api_equip:uploadSensFiles
2023-09-22 09:03:13 [DEBUG] - Router setted - type : post -- path : /api/equip/update/sens -- method : ./api/api_equip:postUpdateSens
2023-09-22 09:03:13 [DEBUG] - localStorage.multerFileds() - fieldName : [object Object],[object Object],[object Object] , targetPath : , originalName : true
2023-09-22 09:03:13 [DEBUG] - Router setted - type : post -- path : /api/data/add/prj -- method : ./api/api_data:postAddPrj
2023-09-22 09:03:13 [DEBUG] - Router setted - type : post -- path : /api/data/delete/prj -- method : ./api/api_data:postDelPrj
2023-09-22 09:03:13 [DEBUG] - Router setted - type : post -- path : /api/data/update/prj -- method : ./api/api_data:postUpdatePrj
2023-09-22 09:03:13 [DEBUG] - Router setted - type : post -- path : /api/data/upload/prjdata/:prjid -- method : ./api/api_data:uploadPrjData
2023-09-22 09:03:13 [DEBUG] - Router setted - type : post -- path : /api/data/upload/prjdata/:prjid -- method : ./api/api_data:postUploadPrjDataProc
2023-09-22 09:03:13 [DEBUG] - Router setted - type : get -- path : /api/data/read/prj -- method : ./api/api_data:readPrjList
2023-09-22 09:03:13 [DEBUG] - Router setted - type : get -- path : /api/data/read/cam -- method : ./api/api_data:readDataCamList
2023-09-22 09:03:13 [DEBUG] - Router setted - type : get -- path : /api/data/read/lidar -- method : ./api/api_data:readDataLidarList
2023-09-22 09:03:13 [DEBUG] - Router setted - type : get -- path : /api/data/read/obj -- method : ./api/api_obj:readObjList
2023-09-22 09:03:13 [DEBUG] - Router setted - type : get -- path : /api/data/package/:prjid/:dataty -- method : ./api/api_data:getDataPackage
2023-09-22 09:03:13 [DEBUG] - Router setted - type : get -- path : /api/data/down/:dataty/:dataid -- method : ./api/api_data:getDataDownload
2023-09-22 09:03:13 [DEBUG] - Router setted - type : get -- path : /api/data/path/:prjid -- method : ./api/api_data:getDataPath
2023-09-22 09:03:13 [DEBUG] - Router setted - type : get -- path : /api/data/lidar/img -- method : ./api/api_data:getLidarImg
2023-09-22 09:03:13 [DEBUG] - Router setted - type : post -- path : /api/data/proc/start -- method : ./api/api_data:startDataProc
2023-09-22 09:03:13 [DEBUG] - Router setted - type : post -- path : /api/map/sig -- method : ./api/api_map:postSigBySido
2023-09-22 09:03:13 [DEBUG] - Router setted - type : post -- path : /api/map/searchMapPrj -- method : ./api/api_map:postSearchMapByPrj
2023-09-22 09:03:13 [DEBUG] - Router setted - type : post -- path : /api/map/searchMapRegion -- method : ./api/api_map:postSearchMapByRegion
2023-09-22 09:03:13 [DEBUG] - Router setted - type : get -- path : /api/map/read/obj/:objRsId -- method : ./api/api_obj:readObj
2023-09-22 09:03:13 [DEBUG] - Router setted - type : get -- path : /api/stat/data-total -- method : ./api/api_stat:getTotalData
2023-09-22 09:03:13 [DEBUG] - Router setted - type : get -- path : /api/stat/prj-status -- method : ./api/api_stat:getProjectStauts
2023-09-22 09:03:13 [DEBUG] - Router setted - type : get -- path : /api/stat/data-period -- method : ./api/api_stat:getDataPeriod
2023-09-22 09:03:13 [DEBUG] - Router setted - type : get -- path : /api/stat/equip -- method : ./api/api_stat:getDataEquipStatus
2023-09-22 09:03:13 [DEBUG] - Router setted - type : get -- path : /api/stat/object -- method : ./api/api_stat:getObjStatus
2023-09-22 09:03:13 [DEBUG] - Router setted - type : post -- path : /api/auth/token -- method : ./api/api_rest:postAuthTokken
2023-09-22 09:03:13 [DEBUG] - Router setted - type : get -- path : /api/equip/list -- method : ./api/api_rest:getEquipList
2023-09-22 09:03:13 [DEBUG] - Router setted - type : post -- path : /api/project/add -- method : ./api/api_rest:postPrjAdd
2023-09-22 09:03:13 [DEBUG] - Router setted - type : post -- path : /api/data/meta -- method : ./api/api_rest:postMetaData
2023-09-22 09:03:13 [DEBUG] - Router setted - type : get -- path : /api/project/scan/:prjid -- method : ./api/api_rest:getPrjScan
2023-09-22 09:03:13 [DEBUG] - Router setted - type : get -- path : /api/project/data/:prjid -- method : ./api/api_rest:getPrjData
2023-09-22 09:03:13 [DEBUG] - Router setted - type : post -- path : /api/project/sync -- method : ./api/api_rest:postPrjSync
2023-09-22 09:03:13 [DEBUG] - Router setted - type : post -- path : /api/project/clone -- method : ./api/api_rest:postClonePrj
2023-09-22 09:03:13 [DEBUG] - Router setted - type : post -- path : /api/data/finish -- method : ./api/api_rest:postFinishData
2023-09-22 09:03:13 [DEBUG] - Router setted - type : post -- path : /api/data/prc-finish -- method : ./api/api_rest:postFinishPrcData
2023-09-22 09:03:13 [DEBUG] - Router setted - type : get -- path : /api/debug/token -- method : ./api/api_debug:getDebugToken
2023-09-22 09:03:13 [DEBUG] - Router setted - type : post -- path : /api/debug/update-pnu -- method : ./api/api_debug:postUpdatePnu
2023-09-22 09:03:13 [DEBUG] - config/passport called.
2023-09-22 09:03:13 [DEBUG] - local passport setted.
2023-09-22 09:03:13 [DEBUG] - init user_passport
2023-09-22 09:03:13 [DEBUG] - localStorage.multer() - fieldName : photo , targetPath : , originalName : undefined
2023-09-22 09:03:13 [DEBUG] - [func]codeUtil.init()
2023-09-22 09:03:13 [DEBUG] - [msg] loadUserType...
2023-09-22 09:03:13 [DEBUG] - [func] postgresUtil.query() : 
2023-09-22 09:03:13 [DEBUG] - { text: 'SELECT *  FROM tc_user_ty ORDER BY user_ty_id' }
2023-09-22 09:03:13 [DEBUG] - [msg] loadUserStatus...
2023-09-22 09:03:13 [DEBUG] - [func] postgresUtil.query() : 
2023-09-22 09:03:13 [DEBUG] - { text: 'SELECT *  FROM tc_user_cond ORDER BY user_cond_id' }
2023-09-22 09:03:13 [DEBUG] - [msg] loadPnuCode...
2023-09-22 09:03:13 [DEBUG] - [func] postgresUtil.query() : 
2023-09-22 09:03:13 [DEBUG] - { text: 'SELECT *  FROM tc_pnu_sigungu ORDER BY sido_cd, sigungu_cd' }
2023-09-22 09:03:13 [DEBUG] - [msg] loadCondCode...
2023-09-22 09:03:13 [DEBUG] - [func] postgresUtil.query() : 
2023-09-22 09:03:13 [DEBUG] - { text: 'SELECT *  FROM tc_vh_cond' }
2023-09-22 09:03:13 [DEBUG] - [msg] loadSensCode...
2023-09-22 09:03:13 [DEBUG] - [func] postgresUtil.query() : 
2023-09-22 09:03:13 [DEBUG] - { text: 'SELECT *  FROM tc_sens_ty' }
2023-09-22 09:03:13 [DEBUG] - [msg] loadWeatherCode...
2023-09-22 09:03:13 [DEBUG] - [func] postgresUtil.query() : 
2023-09-22 09:03:13 [DEBUG] - { text: 'SELECT *  FROM tc_weather order by weather_cd' }
2023-09-22 09:03:13 [DEBUG] - updateUtil.checkUpdate
2023-09-22 09:03:13 [INFO] - Express SSL server listening on port 443
2023-09-22 09:03:13 [INFO] - Express server listening on port 3001
2023-09-22 09:03:14 [DEBUG] - [ { current_setting: 'Asia/Seoul', now: 2023-09-22T00:03:14.591Z } ]
2023-09-22 09:03:23 [DEBUG] - GET : /
2023-09-22 09:03:23 [DEBUG] - GET : /login
2023-09-22 09:03:24 [DEBUG] - POST : /api/map/sig :  - postSigBySido()
2023-09-22 09:03:24 [DEBUG] - [func]sigDB.SigListBySido - sidoCd : 11
2023-09-22 09:03:24 [DEBUG] - [func] postgresUtil.query() : 
2023-09-22 09:03:24 [DEBUG] - {
  text: 'SELECT id, sig_cd, sig_eng_nm, sig_kor_nm FROM korea_map_sig sig WHERE sig.sig_cd LIKE $1 ORDER BY sig.id',
  values: [ '11%' ]
}
2023-09-22 09:03:24 [DEBUG] - select sigListBySido succeed : 11
2023-09-22 09:03:30 [DEBUG] - [func]local_login.LocalStrategy() - id : etoile0320@geostory.co.kr, pw:Fleur0302!@#
2023-09-22 09:03:30 [DEBUG] - [func]userDB.authUser - id : etoile0320@geostory.co.kr, pw : Fleur0302!@#
2023-09-22 09:03:30 [DEBUG] - [func]  : userDB.findOne : etoile0320@geostory.co.kr
2023-09-22 09:03:30 [DEBUG] - [func] postgresUtil.query() : 
2023-09-22 09:03:30 [DEBUG] - {
  text: 'SELECT * FROM sv_user_mng WHERE sv_user_id = $1',
  values: [ 'etoile0320@geostory.co.kr' ]
}
2023-09-22 09:03:30 [DEBUG] - encptUtil.encryptPassword - password : Fleur0302!@#
2023-09-22 09:03:30 [DEBUG] - codeUtil.getUserStatusName - code :1
2023-09-22 09:03:30 [DEBUG] - user status : [
  { user_cond_id: 1, user_cond_nm: '사용중' },
  { user_cond_id: 2, user_cond_nm: '승인대기' },
  { user_cond_id: 3, user_cond_nm: '사용정지' },
  { user_cond_id: 4, user_cond_nm: '사용종료' }
]
2023-09-22 09:03:30 [DEBUG] - code found : 사용중
2023-09-22 09:03:30 [INFO] - 계정과 비밀번호가 일치함.
2023-09-22 09:03:30 [DEBUG] - {
  sv_user_id: 'etoile0320@geostory.co.kr',
  divis: 10,
  flnm: '최보현',
  brdt: null,
  telno: '070-5228-1272',
  ogdp: '(주)지오스토리',
  join_ymd: 2023-07-05T15:00:00.000Z,
  pw_no: 'cNJSIWsnyth68rOH+Ri9yGmo0bYhMSx3OOaHoWggDBkHIcHMTYz6TWInYZFZ+fff7hGfZ3S22Lc5fReibJZR5Q==',
  pw_no_salt: 'DuznV18i/EDdO3ejZZDHeVK8zxGKhqQgPEKcaShZqYan8fk9wmvofozMo+n7R3x0mKyf42nSoU03jwZYnT/bfg==',
  user_cond_cd: 1,
  user_img_file_path: '/profile/photo/1688607543433.jpg',
  login_failr_co: 0,
  sttus_ty_name: '사용중'
}
2023-09-22 09:03:30 [DEBUG] - [func]userDB.resetLoginCount - id : etoile0320@geostory.co.kr
2023-09-22 09:03:30 [DEBUG] - [func] postgresUtil.query() : 
2023-09-22 09:03:30 [DEBUG] - {
  text: 'UPDATE sv_user_mng          SET login_failr_co = 0          WHERE sv_user_id = $1          RETURNING login_failr_co',
  values: [ 'etoile0320@geostory.co.kr' ]
}
2023-09-22 09:03:30 [DEBUG] - serializeUser() 호출됨.
2023-09-22 09:03:30 [DEBUG] - {
  conectIp: '127.0.0.1',
  userId: undefined,
  conectDt: 2023-09-22T00:03:30.719Z
}
2023-09-22 09:03:30 [DEBUG] - deserializeUser() 호출됨.
2023-09-22 09:03:30 [DEBUG] - GET : /
2023-09-22 09:03:30 [DEBUG] - deserializeUser() 호출됨.
2023-09-22 09:03:30 [DEBUG] - GET : /stat/dashboard
2023-09-22 09:03:30 [DEBUG] - deserializeUser() 호출됨.
2023-09-22 09:03:30 [DEBUG] - deserializeUser() 호출됨.
2023-09-22 09:03:30 [DEBUG] - POST : /api/map/sig :  - postSigBySido()
2023-09-22 09:03:30 [DEBUG] - [func]sigDB.SigListBySido - sidoCd : 11
2023-09-22 09:03:30 [DEBUG] - [func] postgresUtil.query() : 
2023-09-22 09:03:30 [DEBUG] - {
  text: 'SELECT id, sig_cd, sig_eng_nm, sig_kor_nm FROM korea_map_sig sig WHERE sig.sig_cd LIKE $1 ORDER BY sig.id',
  values: [ '11%' ]
}
2023-09-22 09:03:30 [DEBUG] - select sigListBySido succeed : 11
2023-09-22 09:03:30 [DEBUG] - deserializeUser() 호출됨.
2023-09-22 09:03:30 [DEBUG] - GET : /api/stat/data-total?_=1695341010818
2023-09-22 09:03:30 [DEBUG] - [func]dataCamDB.getTotalData()
2023-09-22 09:03:30 [DEBUG] - [func] postgresUtil.query() : 
2023-09-22 09:03:30 [DEBUG] - {
  text: 'select count(*)::int\n              from photo_mng',
  values: []
}
2023-09-22 09:03:30 [DEBUG] - deserializeUser() 호출됨.
2023-09-22 09:03:30 [DEBUG] - GET : /api/stat/prj-status?_=1695341010819
2023-09-22 09:03:30 [DEBUG] - [func] getProjectStauts()
2023-09-22 09:03:30 [DEBUG] - [func]prjDB.getPrjStatusCount
2023-09-22 09:03:30 [DEBUG] - [func] postgresUtil.query() : 
2023-09-22 09:03:30 [DEBUG] - {
  text: 'select p.prj_stts_cd, s.prj_stts_nm, count(*)::int\n' +
    '            from project_mng p\n' +
    '            join tc_prj_status s on p.prj_stts_cd = s.prj_stts_cd  \n' +
    '            group by p.prj_stts_cd, s.prj_stts_nm \n' +
    '            order by p.prj_stts_cd ',
  values: []
}
2023-09-22 09:03:30 [DEBUG] - deserializeUser() 호출됨.
2023-09-22 09:03:30 [DEBUG] - GET : /api/stat/data-period?startDt=2022-09-22&endDt=2023-09-22&setp=month&_=1695341010820
2023-09-22 09:03:30 [DEBUG] - [func] getDataPeriod()
2023-09-22 09:03:30 [DEBUG] - [func]dataCamDB.getStatPeriod()
2023-09-22 09:03:30 [DEBUG] - [func] postgresUtil.query() : 
2023-09-22 09:03:30 [DEBUG] - {
  text: 'select t.tDate, p.count::int\n' +
    '              from ( \n' +
    '                select ( \n' +
    '                    to_char(generate_series($1::date, $2::date, $3::interval)::date, $4)\n' +
    '                  )::text as tDate \n' +
    '                ) t \n' +
    '              left outer join ( \n' +
    '                  select to_char(data_reg_dt, $4) as data_reg_dt, count(*) as count\n' +
    '                  from photo_mng dt \n' +
    '                  where data_reg_dt >=$1 and data_reg_dt <=$5\n' +
    '                  group by to_char(data_reg_dt, $4)\t\n' +
    '                ) p \n' +
    '                on t.tDate = p.data_reg_dt \n' +
    '              order by t.tDate ',
  values: [
    '2022-09-22',
    '2023-09-22',
    '1 month',
    'YYYY년 MM월',
    '2023-09-22 24:00'
  ]
}
2023-09-22 09:03:30 [DEBUG] - deserializeUser() 호출됨.
2023-09-22 09:03:30 [DEBUG] - GET : /api/stat/equip?_=1695341010821
2023-09-22 09:03:30 [DEBUG] - [func] getDataEquipStatus()
2023-09-22 09:03:30 [DEBUG] - [func]vehicleDB.getTotalData()
2023-09-22 09:03:30 [DEBUG] - [func] postgresUtil.query() : 
2023-09-22 09:03:30 [DEBUG] - {
  text: 'select count(*)::int\n' +
    '              from vh_mng \n' +
    '              where cond_cd = 1',
  values: []
}
2023-09-22 09:03:30 [DEBUG] - [func]sensDB.getTotalCount()
2023-09-22 09:03:30 [DEBUG] - [func] postgresUtil.query() : 
2023-09-22 09:03:30 [DEBUG] - {
  text: 'select count(*)::int\n' +
    '              from sens_mng \n' +
    '              where cond_cd = 1\n' +
    '              and sens_ty = 3',
  values: []
}
2023-09-22 09:03:30 [DEBUG] - { vehicle: 2, sensor: 1 }
2023-09-22 09:03:30 [DEBUG] - deserializeUser() 호출됨.
2023-09-22 09:03:30 [DEBUG] - GET : /api/stat/object?_=1695341010822
2023-09-22 09:03:30 [DEBUG] - [func] getObjStatus()
2023-09-22 09:03:30 [DEBUG] - [func] postgresUtil.query() : 
2023-09-22 09:03:30 [DEBUG] - {
  text: 'select ts.sign_nm, count(*)::int\n' +
    '            from obj_rs o\n' +
    '            left join tc_trffc_sign ts on o.cd = ts.sign_id \n' +
    '            group by ts.sign_nm ',
  values: []
}
2023-09-22 09:03:30 [DEBUG] - [func] postgresUtil.query() : 
2023-09-22 09:03:30 [DEBUG] - {
  text: 'select count(*)::int\n              from las_mng',
  values: []
}
2023-09-22 09:03:30 [DEBUG] - [
  { sign_nm: '야생동물보호', count: 37 },
  { sign_nm: '4색등(종형)', count: 25 },
  { sign_nm: '좌측면통행', count: 51 },
  { sign_nm: '+자형교차로', count: 2 },
  { sign_nm: '회전형교차로', count: 21 },
  { sign_nm: '자전거전용차로', count: 366 },
  { sign_nm: '자전거전용도로', count: 152 },
  { sign_nm: '유턴금지', count: 148 },
  { sign_nm: '낙석도로', count: 64 },
  { sign_nm: '직진 및 우회전', count: 316 },
  { sign_nm: '자동차·이륜자동차및원동기장치자전거통행금지', count: 1 },
  { sign_nm: '위험', count: 156 },
  { sign_nm: '자전거 및 보행자 통행구분', count: 339 },
  { sign_nm: '일시정지', count: 86 },
  { sign_nm: '우측방통행', count: 5 },
  { sign_nm: 'ㅓ자형교차로', count: 47 },
  { sign_nm: '좌회전 및 유턴', count: 129 },
  { sign_nm: '보행자보행금지', count: 69 },
  { sign_nm: '4색등(횡형)', count: 6073 },
  { sign_nm: '우좌로이중굽은도로', count: 3 },
  { sign_nm: '좌우회전', count: 62 },
  { sign_nm: '강변도로', count: 75 },
  { sign_nm: '어린이보호(어린이보호구역안)', count: 322 },
  { sign_nm: '우측면통행', count: 711 },
  { sign_nm: '이륜자동차및원동기장치자전거통행금지', count: 62 },
  { sign_nm: '라바콘', count: 124 },
  { sign_nm: 'PE펜스', count: 8 },
  { sign_nm: '자전거 및 보행자 겸용도로', count: 379 },
  { sign_nm: '기타중장비', count: 44 },
  { sign_nm: '앞지르기금지', count: 88 },
  { sign_nm: '터널', count: 41 },
  { sign_nm: '양측방통행', count: 111 },
  { sign_nm: '유턴', count: 1531 },
  { sign_nm: '우회전', count: 59 },
  { sign_nm: '자동차전용도로', count: 15 },
  { sign_nm: '어린이보호', count: 145 },
  { sign_nm: '가림막펜스', count: 18 },
  { sign_nm: '정차·주차금지', count: 359 },
  { sign_nm: '보행자전용도로', count: 18 },
  { sign_nm: '신호기', count: 29 },
  { sign_nm: '노면고르지못함', count: 23 },
  { sign_nm: '사각표지판', count: 61 },
  { sign_nm: '우회로', count: 171 },
  { sign_nm: '드럼', count: 15 },
  { sign_nm: '자전거횡단도', count: 821 },
  { sign_nm: '2방향통행', count: 4 },
  { sign_nm: '직진', count: 59 },
  { sign_nm: '최고속도제한', count: 2165 },
  { sign_nm: '일방통행', count: 86 },
  { sign_nm: '좌회전', count: 143 },
  { sign_nm: '미끄러운도로', count: 97 },
  { sign_nm: '양보', count: 194 },
  { sign_nm: '3색등(종형)', count: 101 },
  { sign_nm: '횡풍', count: 11 },
  { sign_nm: '주차장', count: 69 },
  { sign_nm: '차높이제한', count: 273 },
  { sign_nm: '차중량제한', count: 114 },
  { sign_nm: '자전거', count: 138 },
  { sign_nm: '서행', count: 195 },
  { sign_nm: '도로공사중', count: 23 },
  { sign_nm: '우합류도로', count: 98 },
  { sign_nm: 'T자형교차로', count: 2 },
  { sign_nm: '철길건널목', count: 14 },
  { sign_nm: '자전거통행금지', count: 20 },
  { sign_nm: '직진 및 좌회전', count: 623 },
  { sign_nm: '적색점멸등', count: 2 },
  { sign_nm: '우회전금지', count: 106 },
  { sign_nm: 'Y자형교차로', count: 6 },
  { sign_nm: '우측차로없어짐', count: 264 },
  { sign_nm: '중앙분리대끝남', count: 1 },
  { sign_nm: '황색점멸등', count: 59 },
  { sign_nm: '우로굽은도로', count: 41 },
  { sign_nm: '노인보호(노인보호구역안)', count: 32 },
  { sign_nm: '3색등(횡형)', count: 4273 },
  { sign_nm: '좌합류도로', count: 1 },
  { sign_nm: 'PE울타리', count: 63 },
  { sign_nm: '화물자동차통행금지', count: 18 },
  { sign_nm: 'ㅏ자형교차로', count: 103 },
  { sign_nm: '진행방향통행구분', count: 182 },
  { sign_nm: '최저속도제한', count: 24 },
  { sign_nm: '좌회전금지', count: 109 },
  { sign_nm: '차간거리확보', count: 48 },
  { sign_nm: '좌로굽은도로', count: 87 },
  { sign_nm: '주차금지', count: 771 },
  { sign_nm: '통행금지', count: 2 },
  { sign_nm: '진입금지', count: 45 },
  { sign_nm: '횡단보도', count: 1351 },
  { sign_nm: '과속방지턱', count: 303 },
  { sign_nm: '내리막경사', count: 6 },
  { sign_nm: '중앙분리대시작', count: 47 },
  { sign_nm: '좌우로이중굽은도로', count: 2 },
  { sign_nm: '자전거주차장', count: 55 },
  { sign_nm: '직진금지', count: 86 },
  { sign_nm: '회전 교차로', count: 34 },
  { sign_nm: '상습정체구간', count: 3 },
  { sign_nm: '버스전용차로', count: 68 },
  { sign_nm: '신호차량', count: 50 },
  { sign_nm: '위험물적재차량통행금지', count: 27 },
  { sign_nm: '오르막경사', count: 1 },
  { sign_nm: '비보호좌회전', count: 747 }
]
2023-09-22 09:03:30 [DEBUG] - [func] postgresUtil.query() : 
2023-09-22 09:03:30 [DEBUG] - { text: 'select count(*)::int\n              from obj_rs', values: [] }
2023-09-22 09:03:33 [DEBUG] - deserializeUser() 호출됨.
2023-09-22 09:03:33 [DEBUG] - GET : /equip/list/vehicle
2023-09-22 09:03:33 [DEBUG] - deserializeUser() 호출됨.
2023-09-22 09:03:33 [DEBUG] - deserializeUser() 호출됨.
2023-09-22 09:03:33 [DEBUG] - POST : /api/map/sig :  - postSigBySido()
2023-09-22 09:03:33 [DEBUG] - [func]sigDB.SigListBySido - sidoCd : 11
2023-09-22 09:03:33 [DEBUG] - [func] postgresUtil.query() : 
2023-09-22 09:03:33 [DEBUG] - {
  text: 'SELECT id, sig_cd, sig_eng_nm, sig_kor_nm FROM korea_map_sig sig WHERE sig.sig_cd LIKE $1 ORDER BY sig.id',
  values: [ '11%' ]
}
2023-09-22 09:03:33 [DEBUG] - select sigListBySido succeed : 11
2023-09-22 09:03:33 [DEBUG] - deserializeUser() 호출됨.
2023-09-22 09:03:33 [DEBUG] - GET : /api/equip/read/vh?filter_type=vh_nm&filter_value=&page=1&perPage=14&_=1695341013407
2023-09-22 09:03:33 [DEBUG] - [func]gridUtil.getDefaultInfo()
2023-09-22 09:03:33 [DEBUG] - {
  page: 1,
  perPage: 14,
  sortColumn: 'vh_id',
  sortAscending: undefined,
  filter_type: 'vh_nm',
  filter_value: ''
}
2023-09-22 09:03:33 [DEBUG] - [func]vehicleDB.getReadVhList()
2023-09-22 09:03:33 [DEBUG] - {
  page: 1,
  perPage: 14,
  sortColumn: 'vh_id',
  sortAscending: undefined,
  filter_type: 'vh_nm',
  filter_value: ''
}
2023-09-22 09:03:33 [DEBUG] - undefined
2023-09-22 09:03:33 [DEBUG] - [func] postgresUtil.query() : 
2023-09-22 09:03:33 [DEBUG] - {
  text: 'SELECT v.*, u.flnm, p.sido_nm, p.sigungu_nm, c.vh_cond_nm,           count(*) OVER() total           FROM vh_mng v LEFT JOIN sv_user_mng u  ON v.sv_user_id = u.sv_user_id LEFT JOIN tc_pnu_sigungu p  ON v.mng_sgg = p.pnu_id LEFT JOIN tc_vh_cond c  ON v.cond_cd = c.vh_cond_id  ORDER BY vh_id DESC  LIMIT $1 OFFSET $2',
  values: [ 14, 0 ]
}
2023-09-22 09:03:33 [DEBUG] - [func]gridUtil.convertGridData()
2023-09-22 09:03:35 [DEBUG] - deserializeUser() 호출됨.
2023-09-22 09:03:35 [DEBUG] - GET : /data/list/prj
2023-09-22 09:03:35 [DEBUG] - deserializeUser() 호출됨.
2023-09-22 09:03:35 [DEBUG] - deserializeUser() 호출됨.
2023-09-22 09:03:35 [DEBUG] - POST : /api/map/sig :  - postSigBySido()
2023-09-22 09:03:35 [DEBUG] - [func]sigDB.SigListBySido - sidoCd : 11
2023-09-22 09:03:35 [DEBUG] - [func] postgresUtil.query() : 
2023-09-22 09:03:35 [DEBUG] - {
  text: 'SELECT id, sig_cd, sig_eng_nm, sig_kor_nm FROM korea_map_sig sig WHERE sig.sig_cd LIKE $1 ORDER BY sig.id',
  values: [ '11%' ]
}
2023-09-22 09:03:35 [DEBUG] - select sigListBySido succeed : 11
2023-09-22 09:03:35 [DEBUG] - deserializeUser() 호출됨.
2023-09-22 09:03:35 [DEBUG] - GET : /api/data/read/prj?filter_type=p.prj_id&filter_value=&page=1&perPage=14&_=1695341015658
2023-09-22 09:03:35 [DEBUG] - [func]gridUtil.getDefaultInfo()
2023-09-22 09:03:35 [DEBUG] - {
  page: 1,
  perPage: 14,
  sortColumn: 'prj_id',
  sortAscending: undefined,
  filter_type: 'p.prj_id',
  filter_value: ''
}
2023-09-22 09:03:35 [DEBUG] - [func]prjDB.getReadPrjList()
2023-09-22 09:03:35 [DEBUG] - {
  page: 1,
  perPage: 14,
  sortColumn: 'prj_id',
  sortAscending: undefined,
  filter_type: 'p.prj_id',
  filter_value: ''
}
2023-09-22 09:03:35 [DEBUG] - undefined
2023-09-22 09:03:35 [DEBUG] - [func] postgresUtil.query() : 
2023-09-22 09:03:35 [DEBUG] - {
  text: 'SELECT p.*, v.vh_nm, s.sens_nm cam_sens_nm, s2.sens_nm lidar_sens_nm, s3.sens_nm sens_set_nm, u.flnm, t.prj_stts_nm, pnu.sido_nm, pnu.sigungu_nm,             count(*) OVER() total             FROM project_mng p LEFT JOIN vh_mng v  ON p.vh_id = v.vh_id LEFT JOIN sens_mng s  ON p.cam_sens_id = s.sens_id LEFT JOIN sens_mng s2  ON p.lidar_sens_id = s2.sens_id LEFT JOIN sens_mng s3  ON p.sens_set_id = s3.sens_id LEFT JOIN sv_user_mng u  ON p.sv_user_id = u.sv_user_id LEFT JOIN  tc_prj_status t ON p.prj_stts_cd = t.prj_stts_cd LEFT JOIN  tc_pnu_sigungu pnu ON p.pnu_cd = pnu.pnu_cd ORDER BY prj_id DESC  LIMIT $1 OFFSET $2',
  values: [ 14, 0 ]
}
2023-09-22 09:03:35 [DEBUG] - [func]gridUtil.convertGridData()
2023-09-22 09:03:37 [DEBUG] - deserializeUser() 호출됨.
2023-09-22 09:03:37 [DEBUG] - GET : /account/list
2023-09-22 09:03:37 [DEBUG] - deserializeUser() 호출됨.
2023-09-22 09:03:37 [DEBUG] - deserializeUser() 호출됨.
2023-09-22 09:03:37 [DEBUG] - POST : /api/map/sig :  - postSigBySido()
2023-09-22 09:03:37 [DEBUG] - [func]sigDB.SigListBySido - sidoCd : 11
2023-09-22 09:03:37 [DEBUG] - [func] postgresUtil.query() : 
2023-09-22 09:03:37 [DEBUG] - {
  text: 'SELECT id, sig_cd, sig_eng_nm, sig_kor_nm FROM korea_map_sig sig WHERE sig.sig_cd LIKE $1 ORDER BY sig.id',
  values: [ '11%' ]
}
2023-09-22 09:03:37 [DEBUG] - select sigListBySido succeed : 11
2023-09-22 09:03:37 [DEBUG] - deserializeUser() 호출됨.
2023-09-22 09:03:37 [DEBUG] - GET : /api/account/read?filter_type=flnm&filter_value=&page=1&perPage=14&_=1695341017247
2023-09-22 09:03:37 [DEBUG] - [func]gridUtil.getDefaultInfo()
2023-09-22 09:03:37 [DEBUG] - {
  page: 1,
  perPage: 14,
  sortColumn: 'join_ymd',
  sortAscending: undefined,
  filter_type: 'flnm',
  filter_value: ''
}
2023-09-22 09:03:37 [DEBUG] - [func]userDB.getReadUserList()
2023-09-22 09:03:37 [DEBUG] - {
  page: 1,
  perPage: 14,
  sortColumn: 'join_ymd',
  sortAscending: undefined,
  filter_type: 'flnm',
  filter_value: ''
}
2023-09-22 09:03:37 [DEBUG] - undefined
2023-09-22 09:03:37 [DEBUG] - [func] postgresUtil.query() : 
2023-09-22 09:03:37 [DEBUG] - {
  text: 'SELECT u.*, t.user_ty_nm, c.user_cond_nm,           count(*) OVER() total           FROM sv_user_mng u LEFT JOIN tc_user_ty t  ON u.divis = t.user_ty_id LEFT JOIN tc_user_cond c  ON u.user_cond_cd = c.user_cond_id  ORDER BY join_ymd DESC  LIMIT $1 OFFSET $2',
  values: [ 14, 0 ]
}
2023-09-22 09:03:37 [DEBUG] - [func]gridUtil.convertGridData()
2023-09-22 09:03:39 [DEBUG] - deserializeUser() 호출됨.
2023-09-22 09:03:39 [DEBUG] - GET : /map/list/map
2023-09-22 09:03:39 [DEBUG] - [func]prjDB.getPrjList()
2023-09-22 09:03:39 [DEBUG] - [func] postgresUtil.query() : 
2023-09-22 09:03:39 [DEBUG] - { text: 'SELECT * FROM project_mng p ORDER BY p.prj_id', values: [] }
2023-09-22 09:03:39 [DEBUG] - [func]sidoDB.getSidoList()
2023-09-22 09:03:39 [DEBUG] - [func] postgresUtil.query() : 
2023-09-22 09:03:39 [DEBUG] - {
  text: 'SELECT id, ctprvn_cd, ctp_eng_nm, ctp_kor_nm FROM korea_map_sido sido ORDER BY sido.id',
  values: []
}
2023-09-22 09:03:39 [DEBUG] - [func]sigDB.getSigList()
2023-09-22 09:03:39 [DEBUG] - [func] postgresUtil.query() : 
2023-09-22 09:03:39 [DEBUG] - {
  text: 'SELECT id, sig_cd, sig_eng_nm, sig_kor_nm FROM korea_map_sig sig ORDER BY sig.id',
  values: []
}
2023-09-22 09:03:39 [DEBUG] - [func]trffcSignTyDB.getTrffcSignTyList()
2023-09-22 09:03:39 [DEBUG] - [func] postgresUtil.query() : 
2023-09-22 09:03:39 [DEBUG] - {
  text: 'SELECT * FROM tc_trffc_sign_ty ttst WHERE ttst.trffc_sign_ty_id not in ($1, $2, $3) ORDER BY ttst.trffc_sign_ty_id',
  values: [ '4', '5', '6' ]
}
2023-09-22 09:03:39 [DEBUG] - [func]trffcSignDB.getTrffcSignList()
2023-09-22 09:03:39 [DEBUG] - [func] postgresUtil.query() : 
2023-09-22 09:03:39 [DEBUG] - {
  text: 'SELECT * FROM tc_trffc_sign tts ORDER BY tts.sign_ty_id',
  values: []
}
2023-09-22 09:03:39 [DEBUG] - deserializeUser() 호출됨.
2023-09-22 09:03:39 [DEBUG] - deserializeUser() 호출됨.
2023-09-22 09:03:39 [DEBUG] - deserializeUser() 호출됨.
2023-09-22 09:03:39 [DEBUG] - POST : /api/map/sig :  - postSigBySido()
2023-09-22 09:03:39 [DEBUG] - [func]sigDB.SigListBySido - sidoCd : 11
2023-09-22 09:03:39 [DEBUG] - [func] postgresUtil.query() : 
2023-09-22 09:03:39 [DEBUG] - {
  text: 'SELECT id, sig_cd, sig_eng_nm, sig_kor_nm FROM korea_map_sig sig WHERE sig.sig_cd LIKE $1 ORDER BY sig.id',
  values: [ '11%' ]
}
2023-09-22 09:03:39 [DEBUG] - select sigListBySido succeed : 11
2023-09-22 09:03:42 [DEBUG] - deserializeUser() 호출됨.
2023-09-22 09:03:42 [DEBUG] - deserializeUser() 호출됨.
2023-09-22 09:03:59 [DEBUG] - deserializeUser() 호출됨.
2023-09-22 09:03:59 [DEBUG] - POST : /api/map/searchMapPrj : - postSearchMapByPrj()
2023-09-22 09:03:59 [DEBUG] - [func]objDB.getObjListByPrj()
2023-09-22 09:03:59 [DEBUG] - [ '97' ]
2023-09-22 09:03:59 [DEBUG] - [func] postgresUtil.query() : 
2023-09-22 09:03:59 [DEBUG] - {
  text: "SELECT obj.obj_rs_id, obj.photo_id, obj.cd, obj.point, obj.prj_id, obj.check_yn, obj.updt_yn, st_x(st_transform(point, 4326)) naverX, st_y(st_transform(point, 4326)) naverY, tts.sign_ty_id, prj.prj_nm, tts.sign_nm, ttst.trffc_sign_ty_nm FROM obj_rs obj  LEFT jOIN tc_trffc_sign tts ON obj.cd = tts.sign_id LEFT JOIN project_mng prj ON obj.prj_id = prj.prj_id LEFT JOIN tc_trffc_sign_ty ttst ON tts.sign_ty_id = ttst.trffc_sign_ty_id  WHERE obj.updt_yn in (1,2,3,4) and obj.prj_id in (97) and obj.cd in ('119', '101', '102', '104', '105', '139', '138', '135', '133', '129', '126', '123', '117', '114', '111', '108', '109', '120', '118', '116', '113', '110', '107', '103', '106', '141', '140', '136', '134', '1382', '137', '132', '115', '130', '112', '128', '127', '125', '124', '122', '121', '223', '216', '218', '219', '221', '222', '224', '225', '231', '228', '204', '207', '210', '211', '212', '213', '202', '201', '203', '205', '206', '214', '217', '220', '226', '230', '227', '309', '3092', '326', '333', '332', '307', '306', '304', '303', '311', '313', '315', '319', '322', '323', '331', '3242', '301', '302', '305', '308', '330', '329', '325', '324', '321', '320', '318', '317', '316', '314', '312', '310', '604', '603', '602', '601', '606', '605', '702', '709', '708', '701', '707', '705', '704', '703', '706', '710');",
  values: []
}
2023-09-22 09:14:14 [DEBUG] - [func] postgresUtil.query() : 
2023-09-22 09:14:14 [DEBUG] - { text: "select current_setting('timezone'), now()", values: [] }
2023-09-22 09:14:14 [INFO] - Argos Platform : win32
2023-09-22 09:14:14 [INFO] - config.server_port : 3001
2023-09-22 09:14:14 [DEBUG] - route_loader.init called.
2023-09-22 09:14:14 [INFO] - Routing Moudle count : 72
2023-09-22 09:14:14 [DEBUG] - Router setted - type : get -- path : / -- method : ./page/route_root:getRoot
2023-09-22 09:14:14 [DEBUG] - Router setted - type : get -- path : /login -- method : ./page/route_root:getLogin
2023-09-22 09:14:14 [DEBUG] - Router setted - type : get -- path : /signup -- method : ./page/route_account:getSignup
2023-09-22 09:14:14 [DEBUG] - Router setted - type : get -- path : /account/list -- method : ./page/route_account:getAccountList
2023-09-22 09:14:14 [DEBUG] - Router setted - type : get -- path : /account/my -- method : ./page/route_account:getAccountMy
2023-09-22 09:14:14 [DEBUG] - Router setted - type : get -- path : /account/view/:email -- method : ./page/route_account:getAccountView
2023-09-22 09:14:14 [DEBUG] - Router setted - type : get -- path : /equip/list/vehicle -- method : ./page/route_equip:getListVh
2023-09-22 09:14:14 [DEBUG] - Router setted - type : get -- path : /equip/list/sensor -- method : ./page/route_equip:getListSens
2023-09-22 09:14:14 [DEBUG] - Router setted - type : get -- path : /equip/add/vehicle -- method : ./page/route_equip:getAddVehicle
2023-09-22 09:14:14 [DEBUG] - Router setted - type : get -- path : /equip/add/sensor -- method : ./page/route_equip:getAddSensor
2023-09-22 09:14:14 [DEBUG] - Router setted - type : get -- path : /equip/vehicle/:vhid -- method : ./page/route_equip:getViewVh
2023-09-22 09:14:14 [DEBUG] - Router setted - type : get -- path : /equip/sens/:sensid -- method : ./page/route_equip:getViewSens
2023-09-22 09:14:14 [DEBUG] - Router setted - type : get -- path : /map/list/map -- method : ./page/route_map:getListMap
2023-09-22 09:14:14 [DEBUG] - Router setted - type : get -- path : /data/list/prj -- method : ./page/route_data:getListPrj
2023-09-22 09:14:14 [DEBUG] - Router setted - type : get -- path : /data/add/prj -- method : ./page/route_data:getAddPrj
2023-09-22 09:14:14 [DEBUG] - Router setted - type : get -- path : /data/list/cam -- method : ./page/route_data:getListDataCam
2023-09-22 09:14:14 [DEBUG] - Router setted - type : get -- path : /data/list/lidar -- method : ./page/route_data:getListDataLidar
2023-09-22 09:14:14 [DEBUG] - Router setted - type : get -- path : /data/list/obj -- method : ./page/route_data:getListObj
2023-09-22 09:14:14 [DEBUG] - Router setted - type : get -- path : /data/view/prj/:prjid -- method : ./page/route_data:getViewPrj
2023-09-22 09:14:14 [DEBUG] - Router setted - type : get -- path : /data/view/data/:dataid -- method : ./page/route_data:getViewData
2023-09-22 09:14:14 [DEBUG] - Router setted - type : get -- path : /stat/dashboard -- method : ./page/route_stat:getDashboard
2023-09-22 09:14:14 [DEBUG] - Router setted - type : get -- path : /doc/:docname -- method : ./page/route_docs:getDocuemnt
2023-09-22 09:14:14 [DEBUG] - localStorage.multer() - fieldName : photo , targetPath : , originalName : undefined
2023-09-22 09:14:14 [DEBUG] - Router setted - type : get -- path : /api/account/read -- method : ./api/api_account:readUserList
2023-09-22 09:14:14 [DEBUG] - Router setted - type : post -- path : /api/account/update -- method : ./api/api_account:uploadUserPhoto
2023-09-22 09:14:14 [DEBUG] - Router setted - type : post -- path : /api/account/update -- method : ./api/api_account:postUpdateUser
2023-09-22 09:14:14 [DEBUG] - Router setted - type : post -- path : /api/account/changepw -- method : ./api/api_account:postChangePw
2023-09-22 09:14:14 [DEBUG] - Router setted - type : post -- path : /api/account/reset -- method : ./api/api_account:postUserReset
2023-09-22 09:14:14 [DEBUG] - localStorage.multer() - fieldName : photo , targetPath : , originalName : undefined
2023-09-22 09:14:14 [DEBUG] - localStorage.multerFileds() - fieldName : [object Object],[object Object] , targetPath : , originalName : false
2023-09-22 09:14:14 [DEBUG] - Router setted - type : post -- path : /api/equip/add/vehicle -- method : ./api/api_equip:uploadEquipPhoto
2023-09-22 09:14:14 [DEBUG] - Router setted - type : post -- path : /api/equip/add/vehicle -- method : ./api/api_equip:postAddVehicle
2023-09-22 09:14:14 [DEBUG] - Router setted - type : post -- path : /api/equip/update/vehicle -- method : ./api/api_equip:uploadEquipPhoto
2023-09-22 09:14:14 [DEBUG] - Router setted - type : post -- path : /api/equip/update/vehicle -- method : ./api/api_equip:postUpdateVehicle
2023-09-22 09:14:14 [DEBUG] - Router setted - type : get -- path : /api/equip/read/vh -- method : ./api/api_equip:readVhList
2023-09-22 09:14:14 [DEBUG] - Router setted - type : post -- path : /api/equip/add/sens -- method : ./api/api_equip:uploadSensFiles
2023-09-22 09:14:14 [DEBUG] - Router setted - type : post -- path : /api/equip/add/sens -- method : ./api/api_equip:postAddSens
2023-09-22 09:14:14 [DEBUG] - Router setted - type : get -- path : /api/equip/read/sens -- method : ./api/api_equip:readSensList
2023-09-22 09:14:14 [DEBUG] - Router setted - type : post -- path : /api/equip/update/sens -- method : ./api/api_equip:uploadSensFiles
2023-09-22 09:14:14 [DEBUG] - Router setted - type : post -- path : /api/equip/update/sens -- method : ./api/api_equip:postUpdateSens
2023-09-22 09:14:14 [DEBUG] - localStorage.multerFileds() - fieldName : [object Object],[object Object],[object Object] , targetPath : , originalName : true
2023-09-22 09:14:14 [DEBUG] - Router setted - type : post -- path : /api/data/add/prj -- method : ./api/api_data:postAddPrj
2023-09-22 09:14:14 [DEBUG] - Router setted - type : post -- path : /api/data/delete/prj -- method : ./api/api_data:postDelPrj
2023-09-22 09:14:14 [DEBUG] - Router setted - type : post -- path : /api/data/update/prj -- method : ./api/api_data:postUpdatePrj
2023-09-22 09:14:14 [DEBUG] - Router setted - type : post -- path : /api/data/upload/prjdata/:prjid -- method : ./api/api_data:uploadPrjData
2023-09-22 09:14:14 [DEBUG] - Router setted - type : post -- path : /api/data/upload/prjdata/:prjid -- method : ./api/api_data:postUploadPrjDataProc
2023-09-22 09:14:14 [DEBUG] - Router setted - type : get -- path : /api/data/read/prj -- method : ./api/api_data:readPrjList
2023-09-22 09:14:14 [DEBUG] - Router setted - type : get -- path : /api/data/read/cam -- method : ./api/api_data:readDataCamList
2023-09-22 09:14:14 [DEBUG] - Router setted - type : get -- path : /api/data/read/lidar -- method : ./api/api_data:readDataLidarList
2023-09-22 09:14:14 [DEBUG] - Router setted - type : get -- path : /api/data/read/obj -- method : ./api/api_obj:readObjList
2023-09-22 09:14:14 [DEBUG] - Router setted - type : get -- path : /api/data/package/:prjid/:dataty -- method : ./api/api_data:getDataPackage
2023-09-22 09:14:14 [DEBUG] - Router setted - type : get -- path : /api/data/down/:dataty/:dataid -- method : ./api/api_data:getDataDownload
2023-09-22 09:14:14 [DEBUG] - Router setted - type : get -- path : /api/data/path/:prjid -- method : ./api/api_data:getDataPath
2023-09-22 09:14:14 [DEBUG] - Router setted - type : get -- path : /api/data/lidar/img -- method : ./api/api_data:getLidarImg
2023-09-22 09:14:14 [DEBUG] - Router setted - type : post -- path : /api/data/proc/start -- method : ./api/api_data:startDataProc
2023-09-22 09:14:14 [DEBUG] - Router setted - type : post -- path : /api/map/sig -- method : ./api/api_map:postSigBySido
2023-09-22 09:14:14 [DEBUG] - Router setted - type : post -- path : /api/map/searchMapPrj -- method : ./api/api_map:postSearchMapByPrj
2023-09-22 09:14:14 [DEBUG] - Router setted - type : post -- path : /api/map/searchMapRegion -- method : ./api/api_map:postSearchMapByRegion
2023-09-22 09:14:14 [DEBUG] - Router setted - type : get -- path : /api/map/read/obj/:objRsId -- method : ./api/api_obj:readObj
2023-09-22 09:14:14 [DEBUG] - Router setted - type : get -- path : /api/stat/data-total -- method : ./api/api_stat:getTotalData
2023-09-22 09:14:14 [DEBUG] - Router setted - type : get -- path : /api/stat/prj-status -- method : ./api/api_stat:getProjectStauts
2023-09-22 09:14:14 [DEBUG] - Router setted - type : get -- path : /api/stat/data-period -- method : ./api/api_stat:getDataPeriod
2023-09-22 09:14:14 [DEBUG] - Router setted - type : get -- path : /api/stat/equip -- method : ./api/api_stat:getDataEquipStatus
2023-09-22 09:14:14 [DEBUG] - Router setted - type : get -- path : /api/stat/object -- method : ./api/api_stat:getObjStatus
2023-09-22 09:14:14 [DEBUG] - Router setted - type : post -- path : /api/auth/token -- method : ./api/api_rest:postAuthTokken
2023-09-22 09:14:14 [DEBUG] - Router setted - type : get -- path : /api/equip/list -- method : ./api/api_rest:getEquipList
2023-09-22 09:14:14 [DEBUG] - Router setted - type : post -- path : /api/project/add -- method : ./api/api_rest:postPrjAdd
2023-09-22 09:14:14 [DEBUG] - Router setted - type : post -- path : /api/data/meta -- method : ./api/api_rest:postMetaData
2023-09-22 09:14:14 [DEBUG] - Router setted - type : get -- path : /api/project/scan/:prjid -- method : ./api/api_rest:getPrjScan
2023-09-22 09:14:14 [DEBUG] - Router setted - type : get -- path : /api/project/data/:prjid -- method : ./api/api_rest:getPrjData
2023-09-22 09:14:14 [DEBUG] - Router setted - type : post -- path : /api/project/sync -- method : ./api/api_rest:postPrjSync
2023-09-22 09:14:14 [DEBUG] - Router setted - type : post -- path : /api/project/clone -- method : ./api/api_rest:postClonePrj
2023-09-22 09:14:14 [DEBUG] - Router setted - type : post -- path : /api/data/finish -- method : ./api/api_rest:postFinishData
2023-09-22 09:14:14 [DEBUG] - Router setted - type : post -- path : /api/data/prc-finish -- method : ./api/api_rest:postFinishPrcData
2023-09-22 09:14:14 [DEBUG] - Router setted - type : get -- path : /api/debug/token -- method : ./api/api_debug:getDebugToken
2023-09-22 09:14:14 [DEBUG] - Router setted - type : post -- path : /api/debug/update-pnu -- method : ./api/api_debug:postUpdatePnu
2023-09-22 09:14:14 [DEBUG] - config/passport called.
2023-09-22 09:14:14 [DEBUG] - local passport setted.
2023-09-22 09:14:14 [DEBUG] - init user_passport
2023-09-22 09:14:14 [DEBUG] - localStorage.multer() - fieldName : photo , targetPath : , originalName : undefined
2023-09-22 09:14:14 [DEBUG] - [func]codeUtil.init()
2023-09-22 09:14:14 [DEBUG] - [msg] loadUserType...
2023-09-22 09:14:14 [DEBUG] - [func] postgresUtil.query() : 
2023-09-22 09:14:14 [DEBUG] - { text: 'SELECT *  FROM tc_user_ty ORDER BY user_ty_id' }
2023-09-22 09:14:14 [DEBUG] - [msg] loadUserStatus...
2023-09-22 09:14:14 [DEBUG] - [func] postgresUtil.query() : 
2023-09-22 09:14:14 [DEBUG] - { text: 'SELECT *  FROM tc_user_cond ORDER BY user_cond_id' }
2023-09-22 09:14:14 [DEBUG] - [msg] loadPnuCode...
2023-09-22 09:14:14 [DEBUG] - [func] postgresUtil.query() : 
2023-09-22 09:14:14 [DEBUG] - { text: 'SELECT *  FROM tc_pnu_sigungu ORDER BY sido_cd, sigungu_cd' }
2023-09-22 09:14:14 [DEBUG] - [msg] loadCondCode...
2023-09-22 09:14:14 [DEBUG] - [func] postgresUtil.query() : 
2023-09-22 09:14:14 [DEBUG] - { text: 'SELECT *  FROM tc_vh_cond' }
2023-09-22 09:14:14 [DEBUG] - [msg] loadSensCode...
2023-09-22 09:14:14 [DEBUG] - [func] postgresUtil.query() : 
2023-09-22 09:14:14 [DEBUG] - { text: 'SELECT *  FROM tc_sens_ty' }
2023-09-22 09:14:14 [DEBUG] - [msg] loadWeatherCode...
2023-09-22 09:14:14 [DEBUG] - [func] postgresUtil.query() : 
2023-09-22 09:14:14 [DEBUG] - { text: 'SELECT *  FROM tc_weather order by weather_cd' }
2023-09-22 09:14:14 [DEBUG] - updateUtil.checkUpdate
2023-09-22 09:14:14 [INFO] - Express SSL server listening on port 443
2023-09-22 09:14:14 [INFO] - Express server listening on port 3001
2023-09-22 09:14:14 [DEBUG] - [ { current_setting: 'Asia/Seoul', now: 2023-09-22T00:14:15.026Z } ]
2023-09-22 09:14:15 [DEBUG] - deserializeUser() 호출됨.
2023-09-22 09:14:15 [DEBUG] - GET : /map/list/map
2023-09-22 09:14:15 [DEBUG] - [func]prjDB.getPrjList()
2023-09-22 09:14:15 [DEBUG] - [func] postgresUtil.query() : 
2023-09-22 09:14:15 [DEBUG] - { text: 'SELECT * FROM project_mng p ORDER BY p.prj_id', values: [] }
2023-09-22 09:14:15 [DEBUG] - [func]sidoDB.getSidoList()
2023-09-22 09:14:15 [DEBUG] - [func] postgresUtil.query() : 
2023-09-22 09:14:15 [DEBUG] - {
  text: 'SELECT id, ctprvn_cd, ctp_eng_nm, ctp_kor_nm FROM korea_map_sido sido ORDER BY sido.id',
  values: []
}
2023-09-22 09:14:15 [DEBUG] - [func]sigDB.getSigList()
2023-09-22 09:14:15 [DEBUG] - [func] postgresUtil.query() : 
2023-09-22 09:14:15 [DEBUG] - {
  text: 'SELECT id, sig_cd, sig_eng_nm, sig_kor_nm FROM korea_map_sig sig ORDER BY sig.id',
  values: []
}
2023-09-22 09:14:15 [DEBUG] - [func]trffcSignTyDB.getTrffcSignTyList()
2023-09-22 09:14:15 [DEBUG] - [func] postgresUtil.query() : 
2023-09-22 09:14:15 [DEBUG] - {
  text: 'SELECT * FROM tc_trffc_sign_ty ttst WHERE ttst.trffc_sign_ty_id not in ($1, $2, $3) ORDER BY ttst.trffc_sign_ty_id',
  values: [ '4', '5', '6' ]
}
2023-09-22 09:14:15 [DEBUG] - [func]trffcSignDB.getTrffcSignList()
2023-09-22 09:14:15 [DEBUG] - [func] postgresUtil.query() : 
2023-09-22 09:14:15 [DEBUG] - {
  text: 'SELECT * FROM tc_trffc_sign tts ORDER BY tts.sign_ty_id',
  values: []
}
2023-09-22 09:14:15 [DEBUG] - deserializeUser() 호출됨.
2023-09-22 09:14:15 [DEBUG] - deserializeUser() 호출됨.
2023-09-22 09:14:15 [DEBUG] - deserializeUser() 호출됨.
2023-09-22 09:14:15 [DEBUG] - deserializeUser() 호출됨.
2023-09-22 09:14:15 [DEBUG] - POST : /api/map/sig :  - postSigBySido()
2023-09-22 09:14:15 [DEBUG] - [func]sigDB.SigListBySido - sidoCd : 11
2023-09-22 09:14:15 [DEBUG] - [func] postgresUtil.query() : 
2023-09-22 09:14:15 [DEBUG] - {
  text: 'SELECT id, sig_cd, sig_eng_nm, sig_kor_nm FROM korea_map_sig sig WHERE sig.sig_cd LIKE $1 ORDER BY sig.id',
  values: [ '11%' ]
}
2023-09-22 09:14:15 [DEBUG] - select sigListBySido succeed : 11
2023-09-22 09:14:21 [DEBUG] - deserializeUser() 호출됨.
2023-09-22 09:14:21 [DEBUG] - POST : /api/map/searchMapPrj : - postSearchMapByPrj()
2023-09-22 09:14:21 [DEBUG] - [func]objDB.getObjListByPrj()
2023-09-22 09:14:21 [DEBUG] - [ '97' ]
2023-09-22 09:14:21 [DEBUG] - [func] postgresUtil.query() : 
2023-09-22 09:14:21 [DEBUG] - {
  text: "SELECT obj.obj_rs_id, obj.photo_id, obj.cd, obj.point, obj.prj_id, obj.check_yn, obj.updt_yn, st_x(st_transform(point, 4326)) naverX, st_y(st_transform(point, 4326)) naverY, tts.sign_ty_id, prj.prj_nm, tts.sign_nm, ttst.trffc_sign_ty_nm FROM obj_rs obj  LEFT jOIN tc_trffc_sign tts ON obj.cd = tts.sign_id LEFT JOIN project_mng prj ON obj.prj_id = prj.prj_id LEFT JOIN tc_trffc_sign_ty ttst ON tts.sign_ty_id = ttst.trffc_sign_ty_id  WHERE obj.updt_yn in (1,2,3,4) and obj.prj_id in (97) and obj.cd in ('119', '101', '102', '104', '105', '139', '138', '135', '133', '129', '126', '123', '117', '114', '111', '108', '109', '120', '118', '116', '113', '110', '107', '103', '106', '141', '140', '136', '134', '1382', '137', '132', '115', '130', '112', '128', '127', '125', '124', '122', '121');",
  values: []
}
2023-09-22 09:14:25 [DEBUG] - deserializeUser() 호출됨.
2023-09-22 09:14:25 [DEBUG] - POST : /api/map/searchMapPrj : - postSearchMapByPrj()
2023-09-22 09:14:25 [DEBUG] - [func]objDB.getObjListByPrj()
2023-09-22 09:14:25 [DEBUG] - [ '97' ]
2023-09-22 09:14:25 [DEBUG] - [func] postgresUtil.query() : 
2023-09-22 09:14:25 [DEBUG] - {
  text: "SELECT obj.obj_rs_id, obj.photo_id, obj.cd, obj.point, obj.prj_id, obj.check_yn, obj.updt_yn, st_x(st_transform(point, 4326)) naverX, st_y(st_transform(point, 4326)) naverY, tts.sign_ty_id, prj.prj_nm, tts.sign_nm, ttst.trffc_sign_ty_nm FROM obj_rs obj  LEFT jOIN tc_trffc_sign tts ON obj.cd = tts.sign_id LEFT JOIN project_mng prj ON obj.prj_id = prj.prj_id LEFT JOIN tc_trffc_sign_ty ttst ON tts.sign_ty_id = ttst.trffc_sign_ty_id  WHERE obj.updt_yn in (1,2,3,4) and obj.prj_id in (97) and obj.cd in ('119', '101', '102', '104', '105', '139', '138', '135', '133', '129', '126', '123', '117', '114', '111', '108', '109', '120', '118', '116', '113', '110', '107', '103', '106', '141', '140', '136', '134', '1382', '137', '132', '115', '130', '112', '128', '127', '125', '124', '122', '121', '702', '709', '708', '701', '707', '705', '704', '703', '706', '710');",
  values: []
}
