2023-09-18 09:14:15 [INFO] - Argos Platform : win32
2023-09-18 09:14:15 [INFO] - config.server_port : 3001
2023-09-18 09:14:15 [INFO] - Routing Moudle count : 71
2023-09-18 09:14:16 [INFO] - Express SSL server listening on port 443
2023-09-18 09:14:16 [INFO] - Express server listening on port 3001
2023-09-18 09:14:28 [INFO] - 계정과 비밀번호가 일치함.
2023-09-18 09:17:22 [INFO] - Argos Platform : win32
2023-09-18 09:17:22 [INFO] - config.server_port : 3001
2023-09-18 09:17:22 [INFO] - Routing Moudle count : 71
2023-09-18 09:17:22 [INFO] - Express SSL server listening on port 443
2023-09-18 09:17:22 [INFO] - Express server listening on port 3001
2023-09-18 09:36:25 [INFO] - Argos Platform : win32
2023-09-18 09:36:25 [INFO] - config.server_port : 3001
2023-09-18 09:36:25 [INFO] - Routing Moudle count : 71
2023-09-18 09:36:25 [INFO] - Express SSL server listening on port 443
2023-09-18 09:36:25 [INFO] - Express server listening on port 3001
2023-09-18 09:37:16 [INFO] - Argos Platform : win32
2023-09-18 09:37:16 [INFO] - config.server_port : 3001
2023-09-18 09:37:16 [INFO] - Routing Moudle count : 71
2023-09-18 09:37:16 [INFO] - Express SSL server listening on port 443
2023-09-18 09:37:16 [INFO] - Express server listening on port 3001
2023-09-18 09:41:59 [INFO] - Argos Platform : win32
2023-09-18 09:41:59 [INFO] - config.server_port : 3001
2023-09-18 09:41:59 [INFO] - Routing Moudle count : 71
2023-09-18 09:41:59 [INFO] - Express SSL server listening on port 443
2023-09-18 09:41:59 [INFO] - Express server listening on port 3001
2023-09-18 09:42:51 [INFO] - Argos Platform : win32
2023-09-18 09:42:51 [INFO] - config.server_port : 3001
2023-09-18 09:42:51 [INFO] - Routing Moudle count : 71
2023-09-18 09:42:51 [INFO] - Express SSL server listening on port 443
2023-09-18 09:42:51 [INFO] - Express server listening on port 3001
2023-09-18 09:43:32 [INFO] - Argos Platform : win32
2023-09-18 09:43:32 [INFO] - config.server_port : 3001
2023-09-18 09:43:32 [INFO] - Routing Moudle count : 71
2023-09-18 09:43:33 [INFO] - Express SSL server listening on port 443
2023-09-18 09:43:33 [INFO] - Express server listening on port 3001
2023-09-18 09:46:13 [INFO] - Argos Platform : win32
2023-09-18 09:46:13 [INFO] - config.server_port : 3001
2023-09-18 09:46:13 [INFO] - Routing Moudle count : 71
2023-09-18 09:46:13 [INFO] - Express SSL server listening on port 443
2023-09-18 09:46:13 [INFO] - Express server listening on port 3001
2023-09-18 09:48:47 [INFO] - Argos Platform : win32
2023-09-18 09:48:47 [INFO] - config.server_port : 3001
2023-09-18 09:48:47 [INFO] - Routing Moudle count : 71
2023-09-18 09:48:48 [INFO] - Express SSL server listening on port 443
2023-09-18 09:48:48 [INFO] - Express server listening on port 3001
2023-09-18 09:49:12 [INFO] - Argos Platform : win32
2023-09-18 09:49:12 [INFO] - config.server_port : 3001
2023-09-18 09:49:12 [INFO] - Routing Moudle count : 71
2023-09-18 09:49:12 [INFO] - Express SSL server listening on port 443
2023-09-18 09:49:12 [INFO] - Express server listening on port 3001
2023-09-18 09:52:53 [INFO] - Argos Platform : win32
2023-09-18 09:52:53 [INFO] - config.server_port : 3001
2023-09-18 09:52:53 [INFO] - Routing Moudle count : 71
2023-09-18 09:52:53 [INFO] - Express SSL server listening on port 443
2023-09-18 09:52:53 [INFO] - Express server listening on port 3001
2023-09-18 09:54:26 [INFO] - Argos Platform : win32
2023-09-18 09:54:26 [INFO] - config.server_port : 3001
2023-09-18 09:54:26 [INFO] - Routing Moudle count : 71
2023-09-18 09:54:27 [INFO] - Express SSL server listening on port 443
2023-09-18 09:54:27 [INFO] - Express server listening on port 3001
2023-09-18 09:55:50 [INFO] - Argos Platform : win32
2023-09-18 09:55:50 [INFO] - config.server_port : 3001
2023-09-18 09:55:50 [INFO] - Routing Moudle count : 71
2023-09-18 09:55:50 [INFO] - Express SSL server listening on port 443
2023-09-18 09:55:50 [INFO] - Express server listening on port 3001
2023-09-18 09:57:02 [INFO] - Argos Platform : win32
2023-09-18 09:57:02 [INFO] - config.server_port : 3001
2023-09-18 09:57:02 [INFO] - Routing Moudle count : 71
2023-09-18 09:57:03 [INFO] - Express SSL server listening on port 443
2023-09-18 09:57:03 [INFO] - Express server listening on port 3001
2023-09-18 09:58:14 [INFO] - Argos Platform : win32
2023-09-18 09:58:14 [INFO] - config.server_port : 3001
2023-09-18 09:58:14 [INFO] - Routing Moudle count : 71
2023-09-18 09:58:14 [INFO] - Express SSL server listening on port 443
2023-09-18 09:58:14 [INFO] - Express server listening on port 3001
2023-09-18 09:59:31 [INFO] - Argos Platform : win32
2023-09-18 09:59:31 [INFO] - config.server_port : 3001
2023-09-18 09:59:31 [INFO] - Routing Moudle count : 71
2023-09-18 09:59:31 [INFO] - Express SSL server listening on port 443
2023-09-18 09:59:31 [INFO] - Express server listening on port 3001
2023-09-18 09:59:56 [INFO] - Argos Platform : win32
2023-09-18 09:59:56 [INFO] - config.server_port : 3001
2023-09-18 09:59:56 [INFO] - Routing Moudle count : 71
2023-09-18 09:59:57 [INFO] - Express SSL server listening on port 443
2023-09-18 09:59:57 [INFO] - Express server listening on port 3001
2023-09-18 10:01:34 [INFO] - Argos Platform : win32
2023-09-18 10:01:34 [INFO] - config.server_port : 3001
2023-09-18 10:01:34 [INFO] - Routing Moudle count : 71
2023-09-18 10:01:34 [INFO] - Express SSL server listening on port 443
2023-09-18 10:01:34 [INFO] - Express server listening on port 3001
2023-09-18 10:03:37 [INFO] - Argos Platform : win32
2023-09-18 10:03:37 [INFO] - config.server_port : 3001
2023-09-18 10:03:37 [INFO] - Routing Moudle count : 71
2023-09-18 10:03:38 [INFO] - Express SSL server listening on port 443
2023-09-18 10:03:38 [INFO] - Express server listening on port 3001
2023-09-18 10:04:14 [INFO] - Argos Platform : win32
2023-09-18 10:04:14 [INFO] - config.server_port : 3001
2023-09-18 10:04:14 [INFO] - Routing Moudle count : 71
2023-09-18 10:04:14 [INFO] - Express SSL server listening on port 443
2023-09-18 10:04:14 [INFO] - Express server listening on port 3001
2023-09-18 10:08:30 [INFO] - Argos Platform : win32
2023-09-18 10:08:30 [INFO] - config.server_port : 3001
2023-09-18 10:08:30 [INFO] - Routing Moudle count : 71
2023-09-18 10:08:30 [INFO] - Express SSL server listening on port 443
2023-09-18 10:08:30 [INFO] - Express server listening on port 3001
2023-09-18 10:09:21 [INFO] - Argos Platform : win32
2023-09-18 10:09:21 [INFO] - config.server_port : 3001
2023-09-18 10:09:21 [INFO] - Routing Moudle count : 71
2023-09-18 10:09:21 [INFO] - Express SSL server listening on port 443
2023-09-18 10:09:21 [INFO] - Express server listening on port 3001
2023-09-18 10:09:50 [INFO] - Argos Platform : win32
2023-09-18 10:09:50 [INFO] - config.server_port : 3001
2023-09-18 10:09:50 [INFO] - Routing Moudle count : 71
2023-09-18 10:09:50 [INFO] - Express SSL server listening on port 443
2023-09-18 10:09:50 [INFO] - Express server listening on port 3001
2023-09-18 10:10:22 [INFO] - Argos Platform : win32
2023-09-18 10:10:22 [INFO] - config.server_port : 3001
2023-09-18 10:10:22 [INFO] - Routing Moudle count : 71
2023-09-18 10:10:22 [INFO] - Express SSL server listening on port 443
2023-09-18 10:10:22 [INFO] - Express server listening on port 3001
2023-09-18 10:12:22 [INFO] - Argos Platform : win32
2023-09-18 10:12:22 [INFO] - config.server_port : 3001
2023-09-18 10:12:22 [INFO] - Routing Moudle count : 71
2023-09-18 10:12:23 [INFO] - Express SSL server listening on port 443
2023-09-18 10:12:23 [INFO] - Express server listening on port 3001
2023-09-18 10:12:42 [INFO] - Argos Platform : win32
2023-09-18 10:12:42 [INFO] - config.server_port : 3001
2023-09-18 10:12:42 [INFO] - Routing Moudle count : 71
2023-09-18 10:12:43 [INFO] - Express SSL server listening on port 443
2023-09-18 10:12:43 [INFO] - Express server listening on port 3001
2023-09-18 10:14:04 [INFO] - Argos Platform : win32
2023-09-18 10:14:04 [INFO] - config.server_port : 3001
2023-09-18 10:14:04 [INFO] - Routing Moudle count : 71
2023-09-18 10:14:04 [INFO] - Express SSL server listening on port 443
2023-09-18 10:14:04 [INFO] - Express server listening on port 3001
2023-09-18 10:14:55 [INFO] - Argos Platform : win32
2023-09-18 10:14:55 [INFO] - config.server_port : 3001
2023-09-18 10:14:55 [INFO] - Routing Moudle count : 71
2023-09-18 10:14:55 [INFO] - Express SSL server listening on port 443
2023-09-18 10:14:55 [INFO] - Express server listening on port 3001
2023-09-18 10:15:32 [INFO] - Argos Platform : win32
2023-09-18 10:15:32 [INFO] - config.server_port : 3001
2023-09-18 10:15:32 [INFO] - Routing Moudle count : 71
2023-09-18 10:15:32 [INFO] - Express SSL server listening on port 443
2023-09-18 10:15:32 [INFO] - Express server listening on port 3001
2023-09-18 10:30:59 [INFO] - Argos Platform : win32
2023-09-18 10:30:59 [INFO] - config.server_port : 3001
2023-09-18 10:30:59 [INFO] - Routing Moudle count : 71
2023-09-18 10:31:00 [INFO] - Express SSL server listening on port 443
2023-09-18 10:31:00 [INFO] - Express server listening on port 3001
2023-09-18 10:31:49 [INFO] - Argos Platform : win32
2023-09-18 10:31:49 [INFO] - config.server_port : 3001
2023-09-18 10:31:49 [INFO] - Routing Moudle count : 71
2023-09-18 10:31:49 [INFO] - Express SSL server listening on port 443
2023-09-18 10:31:49 [INFO] - Express server listening on port 3001
2023-09-18 10:33:12 [INFO] - Argos Platform : win32
2023-09-18 10:33:12 [INFO] - config.server_port : 3001
2023-09-18 10:33:12 [INFO] - Routing Moudle count : 71
2023-09-18 10:33:12 [INFO] - Express SSL server listening on port 443
2023-09-18 10:33:12 [INFO] - Express server listening on port 3001
2023-09-18 10:37:28 [INFO] - Argos Platform : win32
2023-09-18 10:37:28 [INFO] - config.server_port : 3001
2023-09-18 10:37:28 [INFO] - Routing Moudle count : 71
2023-09-18 10:37:28 [INFO] - Express SSL server listening on port 443
2023-09-18 10:37:28 [INFO] - Express server listening on port 3001
2023-09-18 11:05:58 [INFO] - Argos Platform : win32
2023-09-18 11:05:58 [INFO] - config.server_port : 3001
2023-09-18 11:05:58 [INFO] - Routing Moudle count : 71
2023-09-18 11:05:58 [INFO] - Express SSL server listening on port 443
2023-09-18 11:05:58 [INFO] - Express server listening on port 3001
2023-09-18 11:06:38 [INFO] - Argos Platform : win32
2023-09-18 11:06:38 [INFO] - config.server_port : 3001
2023-09-18 11:06:38 [INFO] - Routing Moudle count : 71
2023-09-18 11:06:38 [INFO] - Express SSL server listening on port 443
2023-09-18 11:06:38 [INFO] - Express server listening on port 3001
2023-09-18 11:07:28 [INFO] - Argos Platform : win32
2023-09-18 11:07:28 [INFO] - config.server_port : 3001
2023-09-18 11:07:28 [INFO] - Routing Moudle count : 71
2023-09-18 11:07:28 [INFO] - Express SSL server listening on port 443
2023-09-18 11:07:28 [INFO] - Express server listening on port 3001
2023-09-18 11:20:53 [INFO] - Argos Platform : win32
2023-09-18 11:20:53 [INFO] - config.server_port : 3001
2023-09-18 11:20:53 [INFO] - Routing Moudle count : 71
2023-09-18 11:20:54 [INFO] - Express SSL server listening on port 443
2023-09-18 11:20:54 [INFO] - Express server listening on port 3001
2023-09-18 14:16:30 [INFO] - Argos Platform : win32
2023-09-18 14:16:30 [INFO] - config.server_port : 3001
2023-09-18 14:16:30 [INFO] - Routing Moudle count : 71
2023-09-18 14:16:30 [INFO] - Express SSL server listening on port 443
2023-09-18 14:16:30 [INFO] - Express server listening on port 3001
2023-09-18 14:17:20 [INFO] - Argos Platform : win32
2023-09-18 14:17:20 [INFO] - config.server_port : 3001
2023-09-18 14:17:20 [INFO] - Routing Moudle count : 71
2023-09-18 14:17:21 [INFO] - Express SSL server listening on port 443
2023-09-18 14:17:21 [INFO] - Express server listening on port 3001
2023-09-18 16:55:50 [INFO] - Argos Platform : win32
2023-09-18 16:55:50 [INFO] - config.server_port : 3001
2023-09-18 16:55:50 [INFO] - Routing Moudle count : 71
2023-09-18 16:55:50 [INFO] - Express SSL server listening on port 443
2023-09-18 16:55:50 [INFO] - Express server listening on port 3001
2023-09-18 16:56:57 [INFO] - Argos Platform : win32
2023-09-18 16:56:57 [INFO] - config.server_port : 3001
2023-09-18 16:56:57 [INFO] - Routing Moudle count : 71
2023-09-18 16:56:57 [INFO] - Express SSL server listening on port 443
2023-09-18 16:56:57 [INFO] - Express server listening on port 3001
2023-09-18 16:57:13 [INFO] - Argos Platform : win32
2023-09-18 16:57:13 [INFO] - config.server_port : 3001
2023-09-18 16:57:13 [INFO] - Routing Moudle count : 71
2023-09-18 16:57:13 [INFO] - Express SSL server listening on port 443
2023-09-18 16:57:13 [INFO] - Express server listening on port 3001
2023-09-18 17:02:16 [INFO] - Argos Platform : win32
2023-09-18 17:02:16 [INFO] - config.server_port : 3001
2023-09-18 17:02:16 [INFO] - Routing Moudle count : 71
2023-09-18 17:02:16 [INFO] - Express SSL server listening on port 443
2023-09-18 17:02:16 [INFO] - Express server listening on port 3001
2023-09-18 17:09:21 [INFO] - Argos Platform : win32
2023-09-18 17:09:21 [INFO] - config.server_port : 3001
2023-09-18 17:09:21 [INFO] - Routing Moudle count : 71
2023-09-18 17:09:21 [INFO] - Express SSL server listening on port 443
2023-09-18 17:09:21 [INFO] - Express server listening on port 3001
2023-09-18 17:09:31 [INFO] - Argos Platform : win32
2023-09-18 17:09:31 [INFO] - config.server_port : 3001
2023-09-18 17:09:31 [INFO] - Routing Moudle count : 71
2023-09-18 17:09:31 [INFO] - Express SSL server listening on port 443
2023-09-18 17:09:31 [INFO] - Express server listening on port 3001
2023-09-18 17:25:04 [INFO] - Argos Platform : win32
2023-09-18 17:25:04 [INFO] - config.server_port : 3001
2023-09-18 17:25:04 [INFO] - Routing Moudle count : 71
2023-09-18 17:25:04 [INFO] - Express SSL server listening on port 443
2023-09-18 17:25:04 [INFO] - Express server listening on port 3001
2023-09-18 17:27:54 [INFO] - Argos Platform : win32
2023-09-18 17:27:54 [INFO] - config.server_port : 3001
2023-09-18 17:27:54 [INFO] - Routing Moudle count : 71
2023-09-18 17:27:54 [INFO] - Express SSL server listening on port 443
2023-09-18 17:27:54 [INFO] - Express server listening on port 3001
2023-09-18 17:31:05 [INFO] - Argos Platform : win32
2023-09-18 17:31:05 [INFO] - config.server_port : 3001
2023-09-18 17:31:05 [INFO] - Routing Moudle count : 71
2023-09-18 17:31:05 [INFO] - Express SSL server listening on port 443
2023-09-18 17:31:05 [INFO] - Express server listening on port 3001
2023-09-18 17:31:38 [INFO] - Argos Platform : win32
2023-09-18 17:31:38 [INFO] - config.server_port : 3001
2023-09-18 17:31:38 [INFO] - Routing Moudle count : 71
2023-09-18 17:31:38 [INFO] - Express SSL server listening on port 443
2023-09-18 17:31:38 [INFO] - Express server listening on port 3001
2023-09-18 17:31:57 [INFO] - Argos Platform : win32
2023-09-18 17:31:57 [INFO] - config.server_port : 3001
2023-09-18 17:31:57 [INFO] - Routing Moudle count : 71
2023-09-18 17:31:58 [INFO] - Express SSL server listening on port 443
2023-09-18 17:31:58 [INFO] - Express server listening on port 3001
2023-09-18 17:32:52 [INFO] - Argos Platform : win32
2023-09-18 17:32:52 [INFO] - config.server_port : 3001
2023-09-18 17:32:52 [INFO] - Routing Moudle count : 71
2023-09-18 17:32:53 [INFO] - Express SSL server listening on port 443
2023-09-18 17:32:53 [INFO] - Express server listening on port 3001
2023-09-18 17:34:23 [INFO] - Argos Platform : win32
2023-09-18 17:34:23 [INFO] - config.server_port : 3001
2023-09-18 17:34:23 [INFO] - Routing Moudle count : 71
2023-09-18 17:34:23 [INFO] - Express SSL server listening on port 443
2023-09-18 17:34:23 [INFO] - Express server listening on port 3001
2023-09-18 17:36:55 [INFO] - Argos Platform : win32
2023-09-18 17:36:55 [INFO] - config.server_port : 3001
2023-09-18 17:36:55 [INFO] - Routing Moudle count : 71
2023-09-18 17:36:56 [INFO] - Express SSL server listening on port 443
2023-09-18 17:36:56 [INFO] - Express server listening on port 3001
2023-09-18 17:39:02 [INFO] - Argos Platform : win32
2023-09-18 17:39:02 [INFO] - config.server_port : 3001
2023-09-18 17:39:02 [INFO] - Routing Moudle count : 71
2023-09-18 17:39:02 [INFO] - Express SSL server listening on port 443
2023-09-18 17:39:02 [INFO] - Express server listening on port 3001
2023-09-18 17:40:56 [INFO] - Argos Platform : win32
2023-09-18 17:40:56 [INFO] - config.server_port : 3001
2023-09-18 17:40:56 [INFO] - Routing Moudle count : 71
2023-09-18 17:40:56 [INFO] - Express SSL server listening on port 443
2023-09-18 17:40:56 [INFO] - Express server listening on port 3001
2023-09-18 17:43:29 [INFO] - Argos Platform : win32
2023-09-18 17:43:29 [INFO] - config.server_port : 3001
2023-09-18 17:43:29 [INFO] - Routing Moudle count : 71
2023-09-18 17:43:29 [INFO] - Express SSL server listening on port 443
2023-09-18 17:43:29 [INFO] - Express server listening on port 3001
2023-09-18 17:50:22 [INFO] - Argos Platform : win32
2023-09-18 17:50:22 [INFO] - config.server_port : 3001
2023-09-18 17:50:22 [INFO] - Routing Moudle count : 71
2023-09-18 17:50:23 [INFO] - Express SSL server listening on port 443
2023-09-18 17:50:23 [INFO] - Express server listening on port 3001
2023-09-18 17:51:02 [INFO] - Argos Platform : win32
2023-09-18 17:51:02 [INFO] - config.server_port : 3001
2023-09-18 17:51:02 [INFO] - Routing Moudle count : 71
2023-09-18 17:51:03 [INFO] - Express SSL server listening on port 443
2023-09-18 17:51:03 [INFO] - Express server listening on port 3001
2023-09-18 17:51:16 [INFO] - Argos Platform : win32
2023-09-18 17:51:16 [INFO] - config.server_port : 3001
2023-09-18 17:51:16 [INFO] - Routing Moudle count : 71
2023-09-18 17:51:16 [INFO] - Express SSL server listening on port 443
2023-09-18 17:51:16 [INFO] - Express server listening on port 3001
2023-09-18 17:51:49 [INFO] - Argos Platform : win32
2023-09-18 17:51:49 [INFO] - config.server_port : 3001
2023-09-18 17:51:49 [INFO] - Routing Moudle count : 71
2023-09-18 17:51:49 [INFO] - Express SSL server listening on port 443
2023-09-18 17:51:49 [INFO] - Express server listening on port 3001
2023-09-18 17:53:38 [INFO] - Argos Platform : win32
2023-09-18 17:53:38 [INFO] - config.server_port : 3001
2023-09-18 17:53:38 [INFO] - Routing Moudle count : 71
2023-09-18 17:53:38 [INFO] - Express SSL server listening on port 443
2023-09-18 17:53:38 [INFO] - Express server listening on port 3001
2023-09-18 17:54:52 [INFO] - Argos Platform : win32
2023-09-18 17:54:52 [INFO] - config.server_port : 3001
2023-09-18 17:54:52 [INFO] - Routing Moudle count : 71
2023-09-18 17:54:52 [INFO] - Express SSL server listening on port 443
2023-09-18 17:54:52 [INFO] - Express server listening on port 3001
2023-09-18 17:55:15 [INFO] - Argos Platform : win32
2023-09-18 17:55:15 [INFO] - config.server_port : 3001
2023-09-18 17:55:15 [INFO] - Routing Moudle count : 71
2023-09-18 17:55:15 [INFO] - Express SSL server listening on port 443
2023-09-18 17:55:15 [INFO] - Express server listening on port 3001
2023-09-18 17:58:00 [INFO] - Argos Platform : win32
2023-09-18 17:58:00 [INFO] - config.server_port : 3001
2023-09-18 17:58:00 [INFO] - Routing Moudle count : 71
2023-09-18 17:58:01 [INFO] - Express SSL server listening on port 443
2023-09-18 17:58:01 [INFO] - Express server listening on port 3001
2023-09-18 17:58:12 [INFO] - Argos Platform : win32
2023-09-18 17:58:12 [INFO] - config.server_port : 3001
2023-09-18 17:58:12 [INFO] - Routing Moudle count : 71
2023-09-18 17:58:13 [INFO] - Express SSL server listening on port 443
2023-09-18 17:58:13 [INFO] - Express server listening on port 3001
2023-09-18 17:58:34 [INFO] - Argos Platform : win32
2023-09-18 17:58:34 [INFO] - config.server_port : 3001
2023-09-18 17:58:34 [INFO] - Routing Moudle count : 71
2023-09-18 17:58:34 [INFO] - Express SSL server listening on port 443
2023-09-18 17:58:34 [INFO] - Express server listening on port 3001
2023-09-18 17:58:57 [INFO] - Argos Platform : win32
2023-09-18 17:58:57 [INFO] - config.server_port : 3001
2023-09-18 17:58:57 [INFO] - Routing Moudle count : 71
2023-09-18 17:58:57 [INFO] - Express SSL server listening on port 443
2023-09-18 17:58:57 [INFO] - Express server listening on port 3001
2023-09-18 18:00:07 [INFO] - Argos Platform : win32
2023-09-18 18:00:07 [INFO] - config.server_port : 3001
2023-09-18 18:00:07 [INFO] - Routing Moudle count : 71
2023-09-18 18:00:08 [INFO] - Express SSL server listening on port 443
2023-09-18 18:00:08 [INFO] - Express server listening on port 3001
2023-09-18 18:01:10 [INFO] - Argos Platform : win32
2023-09-18 18:01:10 [INFO] - config.server_port : 3001
2023-09-18 18:01:10 [INFO] - Routing Moudle count : 71
2023-09-18 18:01:10 [INFO] - Express SSL server listening on port 443
2023-09-18 18:01:10 [INFO] - Express server listening on port 3001
2023-09-18 18:02:47 [INFO] - Argos Platform : win32
2023-09-18 18:02:47 [INFO] - config.server_port : 3001
2023-09-18 18:02:47 [INFO] - Routing Moudle count : 71
2023-09-18 18:02:47 [INFO] - Express SSL server listening on port 443
2023-09-18 18:02:47 [INFO] - Express server listening on port 3001
2023-09-18 18:03:48 [INFO] - Argos Platform : win32
2023-09-18 18:03:48 [INFO] - config.server_port : 3001
2023-09-18 18:03:48 [INFO] - Routing Moudle count : 71
2023-09-18 18:03:49 [INFO] - Express SSL server listening on port 443
2023-09-18 18:03:49 [INFO] - Express server listening on port 3001
2023-09-18 18:04:29 [INFO] - Argos Platform : win32
2023-09-18 18:04:29 [INFO] - config.server_port : 3001
2023-09-18 18:04:29 [INFO] - Routing Moudle count : 71
2023-09-18 18:04:30 [INFO] - Express SSL server listening on port 443
2023-09-18 18:04:30 [INFO] - Express server listening on port 3001
