2023-08-30 09:31:16 [INFO] - Argos Platform : win32
2023-08-30 09:31:16 [INFO] - config.server_port : 3001
2023-08-30 09:31:16 [INFO] - Routing Moudle count : 68
2023-08-30 09:31:17 [INFO] - Express SSL server listening on port 443
2023-08-30 09:31:17 [INFO] - Express server listening on port 3001
2023-08-30 09:31:29 [INFO] - 계정과 비밀번호가 일치함.
2023-08-30 14:03:56 [INFO] - Argos Platform : win32
2023-08-30 14:03:56 [INFO] - config.server_port : 3001
2023-08-30 14:03:56 [INFO] - Routing Moudle count : 68
2023-08-30 14:03:56 [INFO] - Express SSL server listening on port 443
2023-08-30 14:03:56 [INFO] - Express server listening on port 3001
2023-08-30 14:30:57 [INFO] - Argos Platform : win32
2023-08-30 14:30:57 [INFO] - config.server_port : 3001
2023-08-30 14:30:57 [INFO] - Routing Moudle count : 68
2023-08-30 14:30:57 [INFO] - Express SSL server listening on port 443
2023-08-30 14:30:57 [INFO] - Express server listening on port 3001
2023-08-30 14:31:03 [ERROR] - 파일이 존재하지 않습니다.
2023-08-30 15:24:35 [INFO] - Argos Platform : win32
2023-08-30 15:24:35 [INFO] - config.server_port : 3001
2023-08-30 15:24:35 [INFO] - Routing Moudle count : 68
2023-08-30 15:24:35 [INFO] - Express SSL server listening on port 443
2023-08-30 15:24:35 [INFO] - Express server listening on port 3001
2023-08-30 15:27:43 [INFO] - Argos Platform : win32
2023-08-30 15:27:43 [INFO] - config.server_port : 3001
2023-08-30 15:27:43 [INFO] - Routing Moudle count : 68
2023-08-30 15:27:43 [INFO] - Express SSL server listening on port 443
2023-08-30 15:27:43 [INFO] - Express server listening on port 3001
2023-08-30 15:28:15 [INFO] - Argos Platform : win32
2023-08-30 15:28:15 [INFO] - config.server_port : 3001
2023-08-30 15:28:15 [INFO] - Routing Moudle count : 68
2023-08-30 15:28:16 [INFO] - Express SSL server listening on port 443
2023-08-30 15:28:16 [INFO] - Express server listening on port 3001
2023-08-30 15:31:05 [INFO] - Argos Platform : win32
2023-08-30 15:31:05 [INFO] - config.server_port : 3001
2023-08-30 15:31:05 [INFO] - Routing Moudle count : 68
2023-08-30 15:31:06 [INFO] - Express SSL server listening on port 443
2023-08-30 15:31:06 [INFO] - Express server listening on port 3001
2023-08-30 15:33:21 [INFO] - Argos Platform : win32
2023-08-30 15:33:21 [INFO] - config.server_port : 3001
2023-08-30 15:33:21 [INFO] - Routing Moudle count : 68
2023-08-30 15:33:22 [INFO] - Express SSL server listening on port 443
2023-08-30 15:33:22 [INFO] - Express server listening on port 3001
