2023-09-14 09:01:29 [INFO] - Argos Platform : win32
2023-09-14 09:01:29 [INFO] - config.server_port : 3001
2023-09-14 09:01:29 [INFO] - Routing Moudle count : 71
2023-09-14 09:01:30 [INFO] - Express SSL server listening on port 443
2023-09-14 09:01:30 [INFO] - Express server listening on port 3001
2023-09-14 09:20:43 [INFO] - 계정과 비밀번호가 일치함.
2023-09-14 09:21:57 [INFO] - Argos Platform : win32
2023-09-14 09:21:57 [INFO] - config.server_port : 3001
2023-09-14 09:21:57 [INFO] - Routing Moudle count : 71
2023-09-14 09:21:58 [INFO] - Express SSL server listening on port 443
2023-09-14 09:21:58 [INFO] - Express server listening on port 3001
2023-09-14 09:22:14 [INFO] - Argos Platform : win32
2023-09-14 09:22:14 [INFO] - config.server_port : 3001
2023-09-14 09:22:14 [INFO] - Routing Moudle count : 71
2023-09-14 09:22:14 [INFO] - Express SSL server listening on port 443
2023-09-14 09:22:14 [INFO] - Express server listening on port 3001
2023-09-14 09:24:56 [INFO] - Argos Platform : win32
2023-09-14 09:24:56 [INFO] - config.server_port : 3001
2023-09-14 09:24:56 [INFO] - Routing Moudle count : 71
2023-09-14 09:24:56 [INFO] - Express SSL server listening on port 443
2023-09-14 09:24:56 [INFO] - Express server listening on port 3001
2023-09-14 09:41:06 [INFO] - Argos Platform : win32
2023-09-14 09:41:06 [INFO] - config.server_port : 3001
2023-09-14 09:41:06 [INFO] - Routing Moudle count : 71
2023-09-14 09:41:06 [INFO] - Express SSL server listening on port 443
2023-09-14 09:41:06 [INFO] - Express server listening on port 3001
2023-09-14 09:41:54 [INFO] - Argos Platform : win32
2023-09-14 09:41:54 [INFO] - config.server_port : 3001
2023-09-14 09:41:54 [INFO] - Routing Moudle count : 71
2023-09-14 09:41:54 [INFO] - Express SSL server listening on port 443
2023-09-14 09:41:54 [INFO] - Express server listening on port 3001
2023-09-14 09:43:31 [INFO] - Argos Platform : win32
2023-09-14 09:43:31 [INFO] - config.server_port : 3001
2023-09-14 09:43:31 [INFO] - Routing Moudle count : 71
2023-09-14 09:43:31 [INFO] - Express SSL server listening on port 443
2023-09-14 09:43:31 [INFO] - Express server listening on port 3001
2023-09-14 09:48:08 [INFO] - Argos Platform : win32
2023-09-14 09:48:08 [INFO] - config.server_port : 3001
2023-09-14 09:48:08 [INFO] - Routing Moudle count : 71
2023-09-14 09:48:08 [INFO] - Express SSL server listening on port 443
2023-09-14 09:48:08 [INFO] - Express server listening on port 3001
2023-09-14 09:59:19 [INFO] - Argos Platform : win32
2023-09-14 09:59:19 [INFO] - config.server_port : 3001
2023-09-14 09:59:19 [INFO] - Routing Moudle count : 71
2023-09-14 09:59:19 [INFO] - Express SSL server listening on port 443
2023-09-14 09:59:19 [INFO] - Express server listening on port 3001
2023-09-14 10:03:21 [INFO] - Argos Platform : win32
2023-09-14 10:03:21 [INFO] - config.server_port : 3001
2023-09-14 10:03:21 [INFO] - Routing Moudle count : 71
2023-09-14 10:03:21 [INFO] - Express SSL server listening on port 443
2023-09-14 10:03:21 [INFO] - Express server listening on port 3001
2023-09-14 10:10:56 [INFO] - Argos Platform : win32
2023-09-14 10:10:56 [INFO] - config.server_port : 3001
2023-09-14 10:10:56 [INFO] - Routing Moudle count : 71
2023-09-14 10:10:57 [INFO] - Express SSL server listening on port 443
2023-09-14 10:10:57 [INFO] - Express server listening on port 3001
2023-09-14 10:12:40 [INFO] - Argos Platform : win32
2023-09-14 10:12:40 [INFO] - config.server_port : 3001
2023-09-14 10:12:40 [INFO] - Routing Moudle count : 71
2023-09-14 10:12:41 [INFO] - Express SSL server listening on port 443
2023-09-14 10:12:41 [INFO] - Express server listening on port 3001
2023-09-14 10:12:48 [INFO] - Argos Platform : win32
2023-09-14 10:12:48 [INFO] - config.server_port : 3001
2023-09-14 10:12:48 [INFO] - Routing Moudle count : 71
2023-09-14 10:12:48 [INFO] - Express SSL server listening on port 443
2023-09-14 10:12:48 [INFO] - Express server listening on port 3001
2023-09-14 10:34:45 [INFO] - Argos Platform : win32
2023-09-14 10:34:45 [INFO] - config.server_port : 3001
2023-09-14 10:34:45 [INFO] - Routing Moudle count : 71
2023-09-14 10:34:45 [INFO] - Express SSL server listening on port 443
2023-09-14 10:34:45 [INFO] - Express server listening on port 3001
2023-09-14 10:35:33 [INFO] - Argos Platform : win32
2023-09-14 10:35:33 [INFO] - config.server_port : 3001
2023-09-14 10:35:33 [INFO] - Routing Moudle count : 71
2023-09-14 10:35:33 [INFO] - Express SSL server listening on port 443
2023-09-14 10:35:33 [INFO] - Express server listening on port 3001
2023-09-14 10:46:00 [INFO] - Argos Platform : win32
2023-09-14 10:46:00 [INFO] - config.server_port : 3001
2023-09-14 10:46:00 [INFO] - Routing Moudle count : 71
2023-09-14 10:46:00 [INFO] - Express SSL server listening on port 443
2023-09-14 10:46:00 [INFO] - Express server listening on port 3001
2023-09-14 10:49:30 [INFO] - Argos Platform : win32
2023-09-14 10:49:30 [INFO] - config.server_port : 3001
2023-09-14 10:49:30 [INFO] - Routing Moudle count : 71
2023-09-14 10:49:30 [INFO] - Express SSL server listening on port 443
2023-09-14 10:49:30 [INFO] - Express server listening on port 3001
2023-09-14 10:54:44 [INFO] - Argos Platform : win32
2023-09-14 10:54:44 [INFO] - config.server_port : 3001
2023-09-14 10:54:44 [INFO] - Routing Moudle count : 71
2023-09-14 10:55:01 [INFO] - Argos Platform : win32
2023-09-14 10:55:01 [INFO] - config.server_port : 3001
2023-09-14 10:55:01 [INFO] - Routing Moudle count : 71
2023-09-14 10:55:07 [INFO] - Argos Platform : win32
2023-09-14 10:55:07 [INFO] - config.server_port : 3001
2023-09-14 10:55:07 [INFO] - Routing Moudle count : 71
2023-09-14 10:55:50 [INFO] - Argos Platform : win32
2023-09-14 10:55:50 [INFO] - config.server_port : 3001
2023-09-14 10:55:50 [INFO] - Routing Moudle count : 71
2023-09-14 10:56:05 [INFO] - Argos Platform : win32
2023-09-14 10:56:05 [INFO] - config.server_port : 3001
2023-09-14 10:56:05 [INFO] - Routing Moudle count : 71
2023-09-14 10:56:05 [INFO] - Express SSL server listening on port 443
2023-09-14 10:56:05 [INFO] - Express server listening on port 3001
2023-09-14 13:31:05 [INFO] - Argos Platform : win32
2023-09-14 13:31:05 [INFO] - config.server_port : 3001
2023-09-14 13:31:05 [INFO] - Routing Moudle count : 71
2023-09-14 13:31:05 [INFO] - Express SSL server listening on port 443
2023-09-14 13:31:05 [INFO] - Express server listening on port 3001
2023-09-14 13:31:20 [INFO] - Argos Platform : win32
2023-09-14 13:31:20 [INFO] - config.server_port : 3001
2023-09-14 13:31:20 [INFO] - Routing Moudle count : 71
2023-09-14 13:31:20 [INFO] - Express SSL server listening on port 443
2023-09-14 13:31:20 [INFO] - Express server listening on port 3001
2023-09-14 13:33:03 [INFO] - Argos Platform : win32
2023-09-14 13:33:03 [INFO] - config.server_port : 3001
2023-09-14 13:33:03 [INFO] - Routing Moudle count : 71
2023-09-14 13:33:03 [INFO] - Express SSL server listening on port 443
2023-09-14 13:33:03 [INFO] - Express server listening on port 3001
2023-09-14 13:36:26 [INFO] - Argos Platform : win32
2023-09-14 13:36:26 [INFO] - config.server_port : 3001
2023-09-14 13:36:26 [INFO] - Routing Moudle count : 71
2023-09-14 13:36:26 [INFO] - Express SSL server listening on port 443
2023-09-14 13:36:26 [INFO] - Express server listening on port 3001
2023-09-14 13:36:39 [INFO] - Argos Platform : win32
2023-09-14 13:36:39 [INFO] - config.server_port : 3001
2023-09-14 13:36:39 [INFO] - Routing Moudle count : 71
2023-09-14 13:36:39 [INFO] - Express SSL server listening on port 443
2023-09-14 13:36:39 [INFO] - Express server listening on port 3001
2023-09-14 13:37:24 [INFO] - Argos Platform : win32
2023-09-14 13:37:24 [INFO] - config.server_port : 3001
2023-09-14 13:37:24 [INFO] - Routing Moudle count : 71
2023-09-14 13:37:24 [INFO] - Express SSL server listening on port 443
2023-09-14 13:37:24 [INFO] - Express server listening on port 3001
2023-09-14 13:40:05 [INFO] - Argos Platform : win32
2023-09-14 13:40:05 [INFO] - config.server_port : 3001
2023-09-14 13:40:06 [INFO] - Routing Moudle count : 71
2023-09-14 13:40:50 [INFO] - Argos Platform : win32
2023-09-14 13:40:50 [INFO] - config.server_port : 3001
2023-09-14 13:40:50 [INFO] - Routing Moudle count : 71
2023-09-14 13:41:24 [INFO] - Argos Platform : win32
2023-09-14 13:41:24 [INFO] - config.server_port : 3001
2023-09-14 13:41:24 [INFO] - Routing Moudle count : 71
2023-09-14 13:44:53 [INFO] - Argos Platform : win32
2023-09-14 13:44:53 [INFO] - config.server_port : 3001
2023-09-14 13:44:53 [INFO] - Routing Moudle count : 71
2023-09-14 13:44:53 [INFO] - Express SSL server listening on port 443
2023-09-14 13:44:53 [INFO] - Express server listening on port 3001
2023-09-14 13:45:27 [INFO] - Argos Platform : win32
2023-09-14 13:45:27 [INFO] - config.server_port : 3001
2023-09-14 13:45:27 [INFO] - Routing Moudle count : 71
2023-09-14 13:45:27 [INFO] - Express SSL server listening on port 443
2023-09-14 13:45:27 [INFO] - Express server listening on port 3001
2023-09-14 13:47:43 [INFO] - Argos Platform : win32
2023-09-14 13:47:43 [INFO] - config.server_port : 3001
2023-09-14 13:47:43 [INFO] - Routing Moudle count : 71
2023-09-14 13:47:43 [INFO] - Express SSL server listening on port 443
2023-09-14 13:47:43 [INFO] - Express server listening on port 3001
2023-09-14 13:48:01 [INFO] - Argos Platform : win32
2023-09-14 13:48:01 [INFO] - config.server_port : 3001
2023-09-14 13:48:01 [INFO] - Routing Moudle count : 71
2023-09-14 13:48:02 [INFO] - Express SSL server listening on port 443
2023-09-14 13:48:02 [INFO] - Express server listening on port 3001
2023-09-14 13:49:27 [INFO] - Argos Platform : win32
2023-09-14 13:49:27 [INFO] - config.server_port : 3001
2023-09-14 13:49:27 [INFO] - Routing Moudle count : 71
2023-09-14 13:49:27 [INFO] - Express SSL server listening on port 443
2023-09-14 13:49:27 [INFO] - Express server listening on port 3001
2023-09-14 13:49:57 [INFO] - Argos Platform : win32
2023-09-14 13:49:57 [INFO] - config.server_port : 3001
2023-09-14 13:49:57 [INFO] - Routing Moudle count : 71
2023-09-14 13:49:57 [INFO] - Express SSL server listening on port 443
2023-09-14 13:49:57 [INFO] - Express server listening on port 3001
2023-09-14 13:54:26 [INFO] - Argos Platform : win32
2023-09-14 13:54:26 [INFO] - config.server_port : 3001
2023-09-14 13:54:26 [INFO] - Routing Moudle count : 71
2023-09-14 13:54:27 [INFO] - Express SSL server listening on port 443
2023-09-14 13:54:27 [INFO] - Express server listening on port 3001
2023-09-14 14:00:55 [INFO] - Argos Platform : win32
2023-09-14 14:00:55 [INFO] - config.server_port : 3001
2023-09-14 14:00:55 [INFO] - Routing Moudle count : 71
2023-09-14 14:00:55 [INFO] - Express SSL server listening on port 443
2023-09-14 14:00:55 [INFO] - Express server listening on port 3001
2023-09-14 14:01:29 [INFO] - Argos Platform : win32
2023-09-14 14:01:29 [INFO] - config.server_port : 3001
2023-09-14 14:01:29 [INFO] - Routing Moudle count : 71
2023-09-14 14:01:30 [INFO] - Express SSL server listening on port 443
2023-09-14 14:01:30 [INFO] - Express server listening on port 3001
2023-09-14 14:02:11 [INFO] - Argos Platform : win32
2023-09-14 14:02:11 [INFO] - config.server_port : 3001
2023-09-14 14:02:11 [INFO] - Routing Moudle count : 71
2023-09-14 14:02:12 [INFO] - Express SSL server listening on port 443
2023-09-14 14:02:12 [INFO] - Express server listening on port 3001
2023-09-14 14:09:23 [INFO] - Argos Platform : win32
2023-09-14 14:09:23 [INFO] - config.server_port : 3001
2023-09-14 14:09:23 [INFO] - Routing Moudle count : 71
2023-09-14 14:10:12 [INFO] - Argos Platform : win32
2023-09-14 14:10:12 [INFO] - config.server_port : 3001
2023-09-14 14:10:12 [INFO] - Routing Moudle count : 71
2023-09-14 14:10:12 [INFO] - Express SSL server listening on port 443
2023-09-14 14:10:12 [INFO] - Express server listening on port 3001
2023-09-14 14:11:07 [INFO] - Argos Platform : win32
2023-09-14 14:11:07 [INFO] - config.server_port : 3001
2023-09-14 14:11:07 [INFO] - Routing Moudle count : 71
2023-09-14 14:11:07 [INFO] - Express SSL server listening on port 443
2023-09-14 14:11:07 [INFO] - Express server listening on port 3001
2023-09-14 14:14:23 [INFO] - Argos Platform : win32
2023-09-14 14:14:23 [INFO] - config.server_port : 3001
2023-09-14 14:14:23 [INFO] - Routing Moudle count : 71
2023-09-14 14:14:24 [INFO] - Express SSL server listening on port 443
2023-09-14 14:14:24 [INFO] - Express server listening on port 3001
2023-09-14 14:14:31 [ERROR] - process uncaughtException -> 
2023-09-14 14:14:54 [INFO] - Argos Platform : win32
2023-09-14 14:14:54 [INFO] - config.server_port : 3001
2023-09-14 14:14:54 [INFO] - Routing Moudle count : 71
2023-09-14 14:14:55 [INFO] - Express SSL server listening on port 443
2023-09-14 14:14:55 [INFO] - Express server listening on port 3001
2023-09-14 14:15:01 [ERROR] - process uncaughtException -> 
2023-09-14 14:35:09 [INFO] - Argos Platform : win32
2023-09-14 14:35:09 [INFO] - config.server_port : 3001
2023-09-14 14:35:09 [INFO] - Routing Moudle count : 71
2023-09-14 14:35:10 [INFO] - Express SSL server listening on port 443
2023-09-14 14:35:10 [INFO] - Express server listening on port 3001
2023-09-14 14:35:37 [INFO] - Argos Platform : win32
2023-09-14 14:35:37 [INFO] - config.server_port : 3001
2023-09-14 14:35:37 [INFO] - Routing Moudle count : 71
2023-09-14 14:35:37 [INFO] - Express SSL server listening on port 443
2023-09-14 14:35:37 [INFO] - Express server listening on port 3001
2023-09-14 14:36:09 [INFO] - Argos Platform : win32
2023-09-14 14:36:09 [INFO] - config.server_port : 3001
2023-09-14 14:36:09 [INFO] - Routing Moudle count : 71
2023-09-14 14:36:10 [INFO] - Express SSL server listening on port 443
2023-09-14 14:36:10 [INFO] - Express server listening on port 3001
2023-09-14 14:38:39 [INFO] - Argos Platform : win32
2023-09-14 14:38:39 [INFO] - config.server_port : 3001
2023-09-14 14:38:39 [INFO] - Routing Moudle count : 71
2023-09-14 14:41:41 [INFO] - Argos Platform : win32
2023-09-14 14:41:41 [INFO] - config.server_port : 3001
2023-09-14 14:41:41 [INFO] - Routing Moudle count : 71
2023-09-14 14:44:06 [INFO] - Argos Platform : win32
2023-09-14 14:44:06 [INFO] - config.server_port : 3001
2023-09-14 14:44:06 [INFO] - Routing Moudle count : 71
2023-09-14 14:47:51 [INFO] - Argos Platform : win32
2023-09-14 14:47:51 [INFO] - config.server_port : 3001
2023-09-14 14:47:51 [INFO] - Routing Moudle count : 71
2023-09-14 14:48:02 [INFO] - Argos Platform : win32
2023-09-14 14:48:02 [INFO] - config.server_port : 3001
2023-09-14 14:48:02 [INFO] - Routing Moudle count : 71
2023-09-14 14:48:35 [INFO] - Argos Platform : win32
2023-09-14 14:48:35 [INFO] - config.server_port : 3001
2023-09-14 14:48:35 [INFO] - Routing Moudle count : 71
2023-09-14 14:54:11 [INFO] - Argos Platform : win32
2023-09-14 14:54:11 [INFO] - config.server_port : 3001
2023-09-14 14:54:11 [INFO] - Routing Moudle count : 71
2023-09-14 14:55:08 [INFO] - Argos Platform : win32
2023-09-14 14:55:08 [INFO] - config.server_port : 3001
2023-09-14 14:55:08 [INFO] - Routing Moudle count : 71
2023-09-14 15:18:48 [INFO] - Argos Platform : win32
2023-09-14 15:18:48 [INFO] - config.server_port : 3001
2023-09-14 15:18:48 [INFO] - Routing Moudle count : 71
2023-09-14 15:42:39 [INFO] - Argos Platform : win32
2023-09-14 15:42:39 [INFO] - config.server_port : 3001
2023-09-14 15:42:39 [INFO] - Routing Moudle count : 71
2023-09-14 15:43:26 [INFO] - Argos Platform : win32
2023-09-14 15:43:26 [INFO] - config.server_port : 3001
2023-09-14 15:43:26 [INFO] - Routing Moudle count : 71
2023-09-14 16:36:11 [INFO] - Argos Platform : win32
2023-09-14 16:36:11 [INFO] - config.server_port : 3001
2023-09-14 16:36:11 [INFO] - Routing Moudle count : 71
2023-09-14 16:36:37 [INFO] - Argos Platform : win32
2023-09-14 16:36:37 [INFO] - config.server_port : 3001
2023-09-14 16:36:37 [INFO] - Routing Moudle count : 71
2023-09-14 16:36:37 [INFO] - Express SSL server listening on port 443
2023-09-14 16:36:37 [INFO] - Express server listening on port 3001
2023-09-14 16:36:58 [INFO] - Argos Platform : win32
2023-09-14 16:36:58 [INFO] - config.server_port : 3001
2023-09-14 16:36:58 [INFO] - Routing Moudle count : 71
2023-09-14 16:36:58 [INFO] - Express SSL server listening on port 443
2023-09-14 16:36:58 [INFO] - Express server listening on port 3001
2023-09-14 16:37:23 [INFO] - Argos Platform : win32
2023-09-14 16:37:23 [INFO] - config.server_port : 3001
2023-09-14 16:37:23 [INFO] - Routing Moudle count : 71
2023-09-14 16:37:23 [INFO] - Express SSL server listening on port 443
2023-09-14 16:37:23 [INFO] - Express server listening on port 3001
