2023-09-04 09:14:15 [INFO] - Argos Platform : win32
2023-09-04 09:14:15 [INFO] - config.server_port : 3001
2023-09-04 09:14:15 [INFO] - Routing Moudle count : 68
2023-09-04 09:14:16 [INFO] - Express SSL server listening on port 443
2023-09-04 09:14:16 [INFO] - Express server listening on port 3001
2023-09-04 09:14:41 [INFO] - 계정과 비밀번호가 일치함.
2023-09-04 10:46:21 [INFO] - Argos Platform : win32
2023-09-04 10:46:21 [INFO] - config.server_port : 3001
2023-09-04 10:46:21 [INFO] - Routing Moudle count : 68
2023-09-04 10:46:21 [INFO] - Express SSL server listening on port 443
2023-09-04 10:46:21 [INFO] - Express server listening on port 3001
2023-09-04 10:47:17 [INFO] - Argos Platform : win32
2023-09-04 10:47:17 [INFO] - config.server_port : 3001
2023-09-04 10:47:17 [INFO] - Routing Moudle count : 68
2023-09-04 10:47:17 [INFO] - Express SSL server listening on port 443
2023-09-04 10:47:17 [INFO] - Express server listening on port 3001
2023-09-04 10:59:25 [INFO] - Argos Platform : win32
2023-09-04 10:59:25 [INFO] - config.server_port : 3001
2023-09-04 10:59:25 [INFO] - Routing Moudle count : 68
2023-09-04 10:59:25 [INFO] - Express SSL server listening on port 443
2023-09-04 10:59:25 [INFO] - Express server listening on port 3001
2023-09-04 11:38:24 [INFO] - Argos Platform : win32
2023-09-04 11:38:24 [INFO] - config.server_port : 3001
2023-09-04 11:38:24 [INFO] - Routing Moudle count : 68
2023-09-04 11:38:24 [INFO] - Express SSL server listening on port 443
2023-09-04 11:38:24 [INFO] - Express server listening on port 3001
2023-09-04 11:38:51 [INFO] - Argos Platform : win32
2023-09-04 11:38:51 [INFO] - config.server_port : 3001
2023-09-04 11:38:51 [INFO] - Routing Moudle count : 68
2023-09-04 11:38:51 [INFO] - Express SSL server listening on port 443
2023-09-04 11:38:51 [INFO] - Express server listening on port 3001
2023-09-04 13:11:41 [INFO] - Argos Platform : win32
2023-09-04 13:11:41 [INFO] - config.server_port : 3001
2023-09-04 13:11:41 [INFO] - Routing Moudle count : 68
2023-09-04 13:11:41 [INFO] - Express SSL server listening on port 443
2023-09-04 13:11:41 [INFO] - Express server listening on port 3001
2023-09-04 13:12:07 [INFO] - Argos Platform : win32
2023-09-04 13:12:07 [INFO] - config.server_port : 3001
2023-09-04 13:12:07 [INFO] - Routing Moudle count : 68
2023-09-04 13:12:08 [INFO] - Express SSL server listening on port 443
2023-09-04 13:12:08 [INFO] - Express server listening on port 3001
2023-09-04 13:12:50 [INFO] - Argos Platform : win32
2023-09-04 13:12:50 [INFO] - config.server_port : 3001
2023-09-04 13:12:50 [INFO] - Routing Moudle count : 68
2023-09-04 13:12:50 [INFO] - Express SSL server listening on port 443
2023-09-04 13:12:50 [INFO] - Express server listening on port 3001
2023-09-04 15:22:34 [INFO] - Argos Platform : win32
2023-09-04 15:22:34 [INFO] - config.server_port : 3001
2023-09-04 15:22:34 [INFO] - Routing Moudle count : 68
2023-09-04 15:22:34 [INFO] - Express SSL server listening on port 443
2023-09-04 15:22:34 [INFO] - Express server listening on port 3001
2023-09-04 15:22:57 [INFO] - Argos Platform : win32
2023-09-04 15:22:57 [INFO] - config.server_port : 3001
2023-09-04 15:22:57 [INFO] - Routing Moudle count : 68
2023-09-04 15:22:58 [INFO] - Express SSL server listening on port 443
2023-09-04 15:22:58 [INFO] - Express server listening on port 3001
2023-09-04 15:23:31 [INFO] - Argos Platform : win32
2023-09-04 15:23:31 [INFO] - config.server_port : 3001
2023-09-04 15:23:31 [INFO] - Routing Moudle count : 68
2023-09-04 15:23:31 [INFO] - Express SSL server listening on port 443
2023-09-04 15:23:31 [INFO] - Express server listening on port 3001
2023-09-04 15:24:12 [INFO] - Argos Platform : win32
2023-09-04 15:24:12 [INFO] - config.server_port : 3001
2023-09-04 15:24:12 [INFO] - Routing Moudle count : 68
2023-09-04 15:24:13 [INFO] - Express SSL server listening on port 443
2023-09-04 15:24:13 [INFO] - Express server listening on port 3001
2023-09-04 15:24:38 [INFO] - Argos Platform : win32
2023-09-04 15:24:38 [INFO] - config.server_port : 3001
2023-09-04 15:24:38 [INFO] - Routing Moudle count : 68
2023-09-04 15:24:39 [INFO] - Express SSL server listening on port 443
2023-09-04 15:24:39 [INFO] - Express server listening on port 3001
2023-09-04 15:41:06 [INFO] - Argos Platform : win32
2023-09-04 15:41:06 [INFO] - config.server_port : 3001
2023-09-04 15:41:06 [INFO] - Routing Moudle count : 68
2023-09-04 15:41:06 [INFO] - Express SSL server listening on port 443
2023-09-04 15:41:06 [INFO] - Express server listening on port 3001
2023-09-04 15:45:20 [INFO] - Argos Platform : win32
2023-09-04 15:45:20 [INFO] - config.server_port : 3001
2023-09-04 15:45:20 [INFO] - Routing Moudle count : 69
2023-09-04 15:46:42 [INFO] - Argos Platform : win32
2023-09-04 15:46:42 [INFO] - config.server_port : 3001
2023-09-04 15:46:42 [INFO] - Routing Moudle count : 69
2023-09-04 15:47:37 [INFO] - Argos Platform : win32
2023-09-04 15:47:37 [INFO] - config.server_port : 3001
2023-09-04 15:47:37 [INFO] - Routing Moudle count : 69
2023-09-04 15:52:33 [INFO] - Argos Platform : win32
2023-09-04 15:52:33 [INFO] - config.server_port : 3001
2023-09-04 15:52:33 [INFO] - Routing Moudle count : 69
2023-09-04 15:55:25 [INFO] - Argos Platform : win32
2023-09-04 15:55:25 [INFO] - config.server_port : 3001
2023-09-04 15:55:25 [INFO] - Routing Moudle count : 69
2023-09-04 15:56:59 [INFO] - Argos Platform : win32
2023-09-04 15:56:59 [INFO] - config.server_port : 3001
2023-09-04 15:56:59 [INFO] - Routing Moudle count : 69
2023-09-04 16:05:22 [INFO] - Argos Platform : win32
2023-09-04 16:05:22 [INFO] - config.server_port : 3001
2023-09-04 16:05:22 [INFO] - Routing Moudle count : 69
2023-09-04 16:06:58 [INFO] - Argos Platform : win32
2023-09-04 16:06:58 [INFO] - config.server_port : 3001
2023-09-04 16:06:58 [INFO] - Routing Moudle count : 69
2023-09-04 16:07:54 [INFO] - Argos Platform : win32
2023-09-04 16:07:54 [INFO] - config.server_port : 3001
2023-09-04 16:07:54 [INFO] - Routing Moudle count : 69
2023-09-04 16:32:58 [INFO] - Argos Platform : win32
2023-09-04 16:32:58 [INFO] - config.server_port : 3001
2023-09-04 16:32:58 [INFO] - Routing Moudle count : 69
2023-09-04 16:36:59 [INFO] - Argos Platform : win32
2023-09-04 16:36:59 [INFO] - config.server_port : 3001
2023-09-04 16:36:59 [INFO] - Routing Moudle count : 68
2023-09-04 16:36:59 [INFO] - Express SSL server listening on port 443
2023-09-04 16:36:59 [INFO] - Express server listening on port 3001
2023-09-04 16:43:41 [INFO] - Argos Platform : win32
2023-09-04 16:43:41 [INFO] - config.server_port : 3001
2023-09-04 16:43:41 [INFO] - Routing Moudle count : 68
2023-09-04 16:43:41 [INFO] - Express SSL server listening on port 443
2023-09-04 16:43:41 [INFO] - Express server listening on port 3001
2023-09-04 16:49:40 [INFO] - Argos Platform : win32
2023-09-04 16:49:40 [INFO] - config.server_port : 3001
2023-09-04 16:49:40 [INFO] - Routing Moudle count : 68
2023-09-04 16:49:40 [INFO] - Express SSL server listening on port 443
2023-09-04 16:49:40 [INFO] - Express server listening on port 3001
2023-09-04 16:51:41 [INFO] - Argos Platform : win32
2023-09-04 16:51:41 [INFO] - config.server_port : 3001
2023-09-04 16:51:41 [INFO] - Routing Moudle count : 68
2023-09-04 16:51:41 [INFO] - Express SSL server listening on port 443
2023-09-04 16:51:41 [INFO] - Express server listening on port 3001
2023-09-04 16:57:46 [INFO] - Argos Platform : win32
2023-09-04 16:57:46 [INFO] - config.server_port : 3001
2023-09-04 16:57:46 [INFO] - Routing Moudle count : 68
2023-09-04 16:57:47 [INFO] - Express SSL server listening on port 443
2023-09-04 16:57:47 [INFO] - Express server listening on port 3001
2023-09-04 16:58:50 [INFO] - Argos Platform : win32
2023-09-04 16:58:50 [INFO] - config.server_port : 3001
2023-09-04 16:58:50 [INFO] - Routing Moudle count : 68
2023-09-04 16:58:50 [INFO] - Express SSL server listening on port 443
2023-09-04 16:58:50 [INFO] - Express server listening on port 3001
2023-09-04 17:02:09 [INFO] - Argos Platform : win32
2023-09-04 17:02:09 [INFO] - config.server_port : 3001
2023-09-04 17:02:09 [INFO] - Routing Moudle count : 68
2023-09-04 17:02:09 [INFO] - Express SSL server listening on port 443
2023-09-04 17:02:09 [INFO] - Express server listening on port 3001
2023-09-04 17:07:32 [INFO] - Argos Platform : win32
2023-09-04 17:07:32 [INFO] - config.server_port : 3001
2023-09-04 17:07:32 [INFO] - Routing Moudle count : 68
2023-09-04 17:07:32 [INFO] - Express SSL server listening on port 443
2023-09-04 17:07:32 [INFO] - Express server listening on port 3001
2023-09-04 17:07:46 [INFO] - Argos Platform : win32
2023-09-04 17:07:46 [INFO] - config.server_port : 3001
2023-09-04 17:07:46 [INFO] - Routing Moudle count : 68
2023-09-04 17:07:46 [INFO] - Express SSL server listening on port 443
2023-09-04 17:07:46 [INFO] - Express server listening on port 3001
2023-09-04 17:22:48 [INFO] - Argos Platform : win32
2023-09-04 17:22:48 [INFO] - config.server_port : 3001
2023-09-04 17:22:48 [INFO] - Routing Moudle count : 69
2023-09-04 17:25:33 [INFO] - Argos Platform : win32
2023-09-04 17:25:33 [INFO] - config.server_port : 3001
2023-09-04 17:25:33 [INFO] - Routing Moudle count : 69
2023-09-04 17:27:21 [INFO] - Argos Platform : win32
2023-09-04 17:27:21 [INFO] - config.server_port : 3001
2023-09-04 17:27:21 [INFO] - Routing Moudle count : 69
2023-09-04 17:33:18 [INFO] - Argos Platform : win32
2023-09-04 17:33:18 [INFO] - config.server_port : 3001
2023-09-04 17:33:18 [INFO] - Routing Moudle count : 69
2023-09-04 17:33:43 [INFO] - Argos Platform : win32
2023-09-04 17:33:43 [INFO] - config.server_port : 3001
2023-09-04 17:33:43 [INFO] - Routing Moudle count : 68
2023-09-04 17:33:44 [INFO] - Express SSL server listening on port 443
2023-09-04 17:33:44 [INFO] - Express server listening on port 3001
2023-09-04 17:34:33 [INFO] - Argos Platform : win32
2023-09-04 17:34:33 [INFO] - config.server_port : 3001
2023-09-04 17:34:33 [INFO] - Routing Moudle count : 68
2023-09-04 17:34:33 [INFO] - Express SSL server listening on port 443
2023-09-04 17:34:33 [INFO] - Express server listening on port 3001
2023-09-04 17:53:35 [INFO] - Argos Platform : win32
2023-09-04 17:53:35 [INFO] - config.server_port : 3001
2023-09-04 17:53:35 [INFO] - Routing Moudle count : 69
2023-09-04 18:00:08 [INFO] - Argos Platform : win32
2023-09-04 18:00:08 [INFO] - config.server_port : 3001
2023-09-04 18:00:08 [INFO] - Routing Moudle count : 69
2023-09-04 18:00:08 [INFO] - Express SSL server listening on port 443
2023-09-04 18:00:08 [INFO] - Express server listening on port 3001
2023-09-04 18:00:38 [INFO] - Argos Platform : win32
2023-09-04 18:00:38 [INFO] - config.server_port : 3001
2023-09-04 18:00:38 [INFO] - Routing Moudle count : 69
2023-09-04 18:04:09 [INFO] - Argos Platform : win32
2023-09-04 18:04:09 [INFO] - config.server_port : 3001
2023-09-04 18:04:09 [INFO] - Routing Moudle count : 69
2023-09-04 18:04:10 [INFO] - Express SSL server listening on port 443
2023-09-04 18:04:10 [INFO] - Express server listening on port 3001
