2023-09-27 09:24:53 [INFO] - Argos Platform : win32
2023-09-27 09:24:53 [INFO] - config.server_port : 3001
2023-09-27 09:24:53 [INFO] - Routing Moudle count : 72
2023-09-27 09:24:53 [INFO] - Express SSL server listening on port 443
2023-09-27 09:24:53 [INFO] - Express server listening on port 3001
2023-09-27 09:25:18 [INFO] - Argos Platform : win32
2023-09-27 09:25:18 [INFO] - config.server_port : 3001
2023-09-27 09:25:18 [INFO] - Routing Moudle count : 72
2023-09-27 09:25:18 [INFO] - Express SSL server listening on port 443
2023-09-27 09:25:18 [INFO] - Express server listening on port 3001
2023-09-27 09:25:51 [INFO] - Argos Platform : win32
2023-09-27 09:25:51 [INFO] - config.server_port : 3001
2023-09-27 09:25:51 [INFO] - Routing Moudle count : 72
2023-09-27 09:25:51 [INFO] - Express SSL server listening on port 443
2023-09-27 09:25:51 [INFO] - Express server listening on port 3001
2023-09-27 09:26:19 [INFO] - Argos Platform : win32
2023-09-27 09:26:19 [INFO] - config.server_port : 3001
2023-09-27 09:26:19 [INFO] - Routing Moudle count : 72
2023-09-27 09:26:19 [INFO] - Express SSL server listening on port 443
2023-09-27 09:26:19 [INFO] - Express server listening on port 3001
2023-09-27 09:28:35 [INFO] - Argos Platform : win32
2023-09-27 09:28:35 [INFO] - config.server_port : 3001
2023-09-27 09:28:35 [INFO] - Routing Moudle count : 72
2023-09-27 09:28:35 [INFO] - Express SSL server listening on port 443
2023-09-27 09:28:35 [INFO] - Express server listening on port 3001
2023-09-27 09:28:55 [INFO] - Argos Platform : win32
2023-09-27 09:28:55 [INFO] - config.server_port : 3001
2023-09-27 09:28:55 [INFO] - Routing Moudle count : 72
2023-09-27 09:28:55 [INFO] - Express SSL server listening on port 443
2023-09-27 09:28:55 [INFO] - Express server listening on port 3001
2023-09-27 09:59:53 [INFO] - Argos Platform : win32
2023-09-27 09:59:53 [INFO] - config.server_port : 3001
2023-09-27 09:59:53 [INFO] - Routing Moudle count : 72
2023-09-27 09:59:54 [INFO] - Express SSL server listening on port 443
2023-09-27 09:59:54 [INFO] - Express server listening on port 3001
2023-09-27 10:00:17 [INFO] - Argos Platform : win32
2023-09-27 10:00:17 [INFO] - config.server_port : 3001
2023-09-27 10:00:17 [INFO] - Routing Moudle count : 72
2023-09-27 10:00:17 [INFO] - Express SSL server listening on port 443
2023-09-27 10:00:17 [INFO] - Express server listening on port 3001
2023-09-27 10:00:46 [INFO] - Argos Platform : win32
2023-09-27 10:00:46 [INFO] - config.server_port : 3001
2023-09-27 10:00:46 [INFO] - Routing Moudle count : 72
2023-09-27 10:00:46 [INFO] - Express SSL server listening on port 443
2023-09-27 10:00:46 [INFO] - Express server listening on port 3001
2023-09-27 10:01:00 [INFO] - Argos Platform : win32
2023-09-27 10:01:00 [INFO] - config.server_port : 3001
2023-09-27 10:01:00 [INFO] - Routing Moudle count : 72
2023-09-27 10:01:01 [INFO] - Express SSL server listening on port 443
2023-09-27 10:01:01 [INFO] - Express server listening on port 3001
2023-09-27 10:01:56 [INFO] - Argos Platform : win32
2023-09-27 10:01:56 [INFO] - config.server_port : 3001
2023-09-27 10:01:56 [INFO] - Routing Moudle count : 72
2023-09-27 10:01:56 [INFO] - Express SSL server listening on port 443
2023-09-27 10:01:56 [INFO] - Express server listening on port 3001
2023-09-27 11:21:35 [INFO] - Argos Platform : win32
2023-09-27 11:21:35 [INFO] - config.server_port : 3001
2023-09-27 11:21:35 [INFO] - Routing Moudle count : 72
2023-09-27 11:21:35 [INFO] - Express SSL server listening on port 443
2023-09-27 11:21:35 [INFO] - Express server listening on port 3001
2023-09-27 11:23:07 [INFO] - Argos Platform : win32
2023-09-27 11:23:07 [INFO] - config.server_port : 3001
2023-09-27 11:23:07 [INFO] - Routing Moudle count : 72
2023-09-27 11:23:07 [INFO] - Express SSL server listening on port 443
2023-09-27 11:23:07 [INFO] - Express server listening on port 3001
2023-09-27 11:23:22 [INFO] - Argos Platform : win32
2023-09-27 11:23:22 [INFO] - config.server_port : 3001
2023-09-27 11:23:22 [INFO] - Routing Moudle count : 72
2023-09-27 11:23:22 [INFO] - Express SSL server listening on port 443
2023-09-27 11:23:22 [INFO] - Express server listening on port 3001
2023-09-27 11:24:39 [INFO] - Argos Platform : win32
2023-09-27 11:24:39 [INFO] - config.server_port : 3001
2023-09-27 11:24:39 [INFO] - Routing Moudle count : 72
2023-09-27 11:24:40 [INFO] - Express SSL server listening on port 443
2023-09-27 11:24:40 [INFO] - Express server listening on port 3001
2023-09-27 11:28:06 [INFO] - Argos Platform : win32
2023-09-27 11:28:06 [INFO] - config.server_port : 3001
2023-09-27 11:28:06 [INFO] - Routing Moudle count : 72
2023-09-27 11:28:06 [INFO] - Express SSL server listening on port 443
2023-09-27 11:28:06 [INFO] - Express server listening on port 3001
2023-09-27 11:28:31 [INFO] - Argos Platform : win32
2023-09-27 11:28:31 [INFO] - config.server_port : 3001
2023-09-27 11:28:31 [INFO] - Routing Moudle count : 72
2023-09-27 11:28:31 [INFO] - Express SSL server listening on port 443
2023-09-27 11:28:31 [INFO] - Express server listening on port 3001
2023-09-27 11:28:53 [INFO] - Argos Platform : win32
2023-09-27 11:28:53 [INFO] - config.server_port : 3001
2023-09-27 11:28:53 [INFO] - Routing Moudle count : 72
2023-09-27 11:28:53 [INFO] - Express SSL server listening on port 443
2023-09-27 11:28:53 [INFO] - Express server listening on port 3001
2023-09-27 13:02:04 [INFO] - Argos Platform : win32
2023-09-27 13:02:04 [INFO] - config.server_port : 3001
2023-09-27 13:02:04 [INFO] - Routing Moudle count : 72
2023-09-27 13:02:04 [INFO] - Express SSL server listening on port 443
2023-09-27 13:02:04 [INFO] - Express server listening on port 3001
2023-09-27 13:02:31 [INFO] - Argos Platform : win32
2023-09-27 13:02:31 [INFO] - config.server_port : 3001
2023-09-27 13:02:31 [INFO] - Routing Moudle count : 72
2023-09-27 13:02:32 [INFO] - Express SSL server listening on port 443
2023-09-27 13:02:32 [INFO] - Express server listening on port 3001
2023-09-27 13:03:07 [INFO] - Argos Platform : win32
2023-09-27 13:03:07 [INFO] - config.server_port : 3001
2023-09-27 13:03:07 [INFO] - Routing Moudle count : 72
2023-09-27 13:03:07 [INFO] - Express SSL server listening on port 443
2023-09-27 13:03:07 [INFO] - Express server listening on port 3001
2023-09-27 13:03:34 [INFO] - Argos Platform : win32
2023-09-27 13:03:34 [INFO] - config.server_port : 3001
2023-09-27 13:03:34 [INFO] - Routing Moudle count : 72
2023-09-27 13:03:34 [INFO] - Express SSL server listening on port 443
2023-09-27 13:03:34 [INFO] - Express server listening on port 3001
2023-09-27 13:03:55 [INFO] - Argos Platform : win32
2023-09-27 13:03:55 [INFO] - config.server_port : 3001
2023-09-27 13:03:55 [INFO] - Routing Moudle count : 72
2023-09-27 13:03:55 [INFO] - Express SSL server listening on port 443
2023-09-27 13:03:55 [INFO] - Express server listening on port 3001
2023-09-27 13:07:46 [INFO] - Argos Platform : win32
2023-09-27 13:07:46 [INFO] - config.server_port : 3001
2023-09-27 13:07:46 [INFO] - Routing Moudle count : 72
2023-09-27 13:07:46 [INFO] - Express SSL server listening on port 443
2023-09-27 13:07:46 [INFO] - Express server listening on port 3001
2023-09-27 13:30:01 [INFO] - Argos Platform : win32
2023-09-27 13:30:01 [INFO] - config.server_port : 3001
2023-09-27 13:30:01 [INFO] - Routing Moudle count : 72
2023-09-27 13:30:01 [INFO] - Express SSL server listening on port 443
2023-09-27 13:30:01 [INFO] - Express server listening on port 3001
2023-09-27 13:30:20 [INFO] - Argos Platform : win32
2023-09-27 13:30:20 [INFO] - config.server_port : 3001
2023-09-27 13:30:20 [INFO] - Routing Moudle count : 72
2023-09-27 13:30:21 [INFO] - Express SSL server listening on port 443
2023-09-27 13:30:21 [INFO] - Express server listening on port 3001
2023-09-27 13:33:50 [INFO] - Argos Platform : win32
2023-09-27 13:33:50 [INFO] - config.server_port : 3001
2023-09-27 13:33:50 [INFO] - Routing Moudle count : 72
2023-09-27 13:33:51 [INFO] - Express SSL server listening on port 443
2023-09-27 13:33:51 [INFO] - Express server listening on port 3001
2023-09-27 13:51:59 [INFO] - Argos Platform : win32
2023-09-27 13:51:59 [INFO] - config.server_port : 3001
2023-09-27 13:51:59 [INFO] - Routing Moudle count : 72
2023-09-27 13:51:59 [INFO] - Express SSL server listening on port 443
2023-09-27 13:51:59 [INFO] - Express server listening on port 3001
2023-09-27 14:01:03 [INFO] - Argos Platform : win32
2023-09-27 14:01:03 [INFO] - config.server_port : 3001
2023-09-27 14:01:03 [INFO] - Routing Moudle count : 72
2023-09-27 14:01:03 [INFO] - Express SSL server listening on port 443
2023-09-27 14:01:03 [INFO] - Express server listening on port 3001
2023-09-27 14:23:54 [INFO] - Argos Platform : win32
2023-09-27 14:23:54 [INFO] - config.server_port : 3001
2023-09-27 14:23:54 [INFO] - Routing Moudle count : 72
2023-09-27 14:23:54 [INFO] - Express SSL server listening on port 443
2023-09-27 14:23:54 [INFO] - Express server listening on port 3001
2023-09-27 14:31:24 [INFO] - Argos Platform : win32
2023-09-27 14:31:24 [INFO] - config.server_port : 3001
2023-09-27 14:31:24 [INFO] - Routing Moudle count : 72
2023-09-27 14:31:24 [INFO] - Express SSL server listening on port 443
2023-09-27 14:31:24 [INFO] - Express server listening on port 3001
2023-09-27 14:31:31 [ERROR] - error: 연산자 없음: integer = boolean
    at Parser.parseErrorMessage (D:\Code\r-rfms\agros_net_server_node_git\node_modules\pg-protocol\dist\parser.js:287:98)
    at Parser.handlePacket (D:\Code\r-rfms\agros_net_server_node_git\node_modules\pg-protocol\dist\parser.js:126:29)
    at Parser.parse (D:\Code\r-rfms\agros_net_server_node_git\node_modules\pg-protocol\dist\parser.js:39:38)
    at Socket.<anonymous> (D:\Code\r-rfms\agros_net_server_node_git\node_modules\pg-protocol\dist\index.js:11:42)
    at Socket.emit (node:events:527:28)
    at addChunk (node:internal/streams/readable:315:12)
    at readableAddChunk (node:internal/streams/readable:289:9)
    at Socket.Readable.push (node:internal/streams/readable:228:10)
    at TCP.onStreamRead (node:internal/stream_base_commons:190:23)
2023-09-27 14:31:31 [ERROR] - read err accoured!
2023-09-27 14:31:47 [INFO] - Argos Platform : win32
2023-09-27 14:31:47 [INFO] - config.server_port : 3001
2023-09-27 14:31:47 [INFO] - Routing Moudle count : 72
2023-09-27 14:31:47 [INFO] - Express SSL server listening on port 443
2023-09-27 14:31:47 [INFO] - Express server listening on port 3001
2023-09-27 14:34:21 [INFO] - Argos Platform : win32
2023-09-27 14:34:21 [INFO] - config.server_port : 3001
2023-09-27 14:34:21 [INFO] - Routing Moudle count : 72
2023-09-27 14:34:22 [INFO] - Express SSL server listening on port 443
2023-09-27 14:34:22 [INFO] - Express server listening on port 3001
2023-09-27 14:58:30 [INFO] - Argos Platform : win32
2023-09-27 14:58:30 [INFO] - config.server_port : 3001
2023-09-27 14:58:30 [INFO] - Routing Moudle count : 72
2023-09-27 14:58:30 [INFO] - Express SSL server listening on port 443
2023-09-27 14:58:30 [INFO] - Express server listening on port 3001
2023-09-27 14:58:37 [ERROR] - error: 테이블 "ts"에 FROM 절이 빠져 있습니다.
    at Parser.parseErrorMessage (D:\Code\r-rfms\agros_net_server_node_git\node_modules\pg-protocol\dist\parser.js:287:98)
    at Parser.handlePacket (D:\Code\r-rfms\agros_net_server_node_git\node_modules\pg-protocol\dist\parser.js:126:29)
    at Parser.parse (D:\Code\r-rfms\agros_net_server_node_git\node_modules\pg-protocol\dist\parser.js:39:38)
    at Socket.<anonymous> (D:\Code\r-rfms\agros_net_server_node_git\node_modules\pg-protocol\dist\index.js:11:42)
    at Socket.emit (node:events:527:28)
    at addChunk (node:internal/streams/readable:315:12)
    at readableAddChunk (node:internal/streams/readable:289:9)
    at Socket.Readable.push (node:internal/streams/readable:228:10)
    at TCP.onStreamRead (node:internal/stream_base_commons:190:23)
2023-09-27 14:58:37 [ERROR] - read err accoured!
2023-09-27 14:59:24 [INFO] - Argos Platform : win32
2023-09-27 14:59:24 [INFO] - config.server_port : 3001
2023-09-27 14:59:24 [INFO] - Routing Moudle count : 72
2023-09-27 14:59:24 [INFO] - Express SSL server listening on port 443
2023-09-27 14:59:24 [INFO] - Express server listening on port 3001
2023-09-27 14:59:28 [ERROR] - error: 테이블 "ts"에 FROM 절이 빠져 있습니다.
    at Parser.parseErrorMessage (D:\Code\r-rfms\agros_net_server_node_git\node_modules\pg-protocol\dist\parser.js:287:98)
    at Parser.handlePacket (D:\Code\r-rfms\agros_net_server_node_git\node_modules\pg-protocol\dist\parser.js:126:29)
    at Parser.parse (D:\Code\r-rfms\agros_net_server_node_git\node_modules\pg-protocol\dist\parser.js:39:38)
    at Socket.<anonymous> (D:\Code\r-rfms\agros_net_server_node_git\node_modules\pg-protocol\dist\index.js:11:42)
    at Socket.emit (node:events:527:28)
    at addChunk (node:internal/streams/readable:315:12)
    at readableAddChunk (node:internal/streams/readable:289:9)
    at Socket.Readable.push (node:internal/streams/readable:228:10)
    at TCP.onStreamRead (node:internal/stream_base_commons:190:23)
2023-09-27 14:59:28 [ERROR] - read err accoured!
2023-09-27 15:00:01 [INFO] - Argos Platform : win32
2023-09-27 15:00:01 [INFO] - config.server_port : 3001
2023-09-27 15:00:01 [INFO] - Routing Moudle count : 72
2023-09-27 15:00:01 [INFO] - Express SSL server listening on port 443
2023-09-27 15:00:01 [INFO] - Express server listening on port 3001
2023-09-27 15:06:11 [INFO] - Argos Platform : win32
2023-09-27 15:06:11 [INFO] - config.server_port : 3001
2023-09-27 15:06:11 [INFO] - Routing Moudle count : 72
2023-09-27 15:06:11 [INFO] - Express SSL server listening on port 443
2023-09-27 15:06:11 [INFO] - Express server listening on port 3001
2023-09-27 15:06:16 [ERROR] - error: 테이블 "ph"에 FROM 절이 빠져 있습니다.
    at Parser.parseErrorMessage (D:\Code\r-rfms\agros_net_server_node_git\node_modules\pg-protocol\dist\parser.js:287:98)
    at Parser.handlePacket (D:\Code\r-rfms\agros_net_server_node_git\node_modules\pg-protocol\dist\parser.js:126:29)
    at Parser.parse (D:\Code\r-rfms\agros_net_server_node_git\node_modules\pg-protocol\dist\parser.js:39:38)
    at Socket.<anonymous> (D:\Code\r-rfms\agros_net_server_node_git\node_modules\pg-protocol\dist\index.js:11:42)
    at Socket.emit (node:events:527:28)
    at addChunk (node:internal/streams/readable:315:12)
    at readableAddChunk (node:internal/streams/readable:289:9)
    at Socket.Readable.push (node:internal/streams/readable:228:10)
    at TCP.onStreamRead (node:internal/stream_base_commons:190:23)
2023-09-27 15:06:16 [ERROR] - read err accoured!
2023-09-27 15:07:26 [INFO] - Argos Platform : win32
2023-09-27 15:07:26 [INFO] - config.server_port : 3001
2023-09-27 15:07:26 [INFO] - Routing Moudle count : 72
2023-09-27 15:07:27 [INFO] - Express SSL server listening on port 443
2023-09-27 15:07:27 [INFO] - Express server listening on port 3001
2023-09-27 15:34:24 [INFO] - Argos Platform : win32
2023-09-27 15:34:24 [INFO] - config.server_port : 3001
2023-09-27 15:34:24 [INFO] - Routing Moudle count : 72
2023-09-27 15:34:25 [INFO] - Express SSL server listening on port 443
2023-09-27 15:34:25 [INFO] - Express server listening on port 3001
