2023-09-26 09:28:24 [INFO] - Argos Platform : win32
2023-09-26 09:28:24 [INFO] - config.server_port : 3001
2023-09-26 09:28:24 [INFO] - Routing Moudle count : 72
2023-09-26 09:28:25 [INFO] - Express SSL server listening on port 443
2023-09-26 09:28:25 [INFO] - Express server listening on port 3001
2023-09-26 09:41:20 [INFO] - 계정과 비밀번호가 일치함.
2023-09-26 09:42:21 [INFO] - Argos Platform : win32
2023-09-26 09:42:21 [INFO] - config.server_port : 3001
2023-09-26 09:42:21 [INFO] - Routing Moudle count : 72
2023-09-26 09:42:21 [INFO] - Express SSL server listening on port 443
2023-09-26 09:42:21 [INFO] - Express server listening on port 3001
2023-09-26 09:53:09 [INFO] - Argos Platform : win32
2023-09-26 09:53:09 [INFO] - config.server_port : 3001
2023-09-26 09:53:09 [INFO] - Routing Moudle count : 72
2023-09-26 09:53:09 [INFO] - Express SSL server listening on port 443
2023-09-26 09:53:09 [INFO] - Express server listening on port 3001
2023-09-26 09:54:21 [INFO] - Argos Platform : win32
2023-09-26 09:54:21 [INFO] - config.server_port : 3001
2023-09-26 09:54:21 [INFO] - Routing Moudle count : 72
2023-09-26 09:54:22 [INFO] - Express SSL server listening on port 443
2023-09-26 09:54:22 [INFO] - Express server listening on port 3001
2023-09-26 10:09:56 [INFO] - Argos Platform : win32
2023-09-26 10:09:56 [INFO] - config.server_port : 3001
2023-09-26 10:09:56 [INFO] - Routing Moudle count : 72
2023-09-26 10:09:57 [INFO] - Express SSL server listening on port 443
2023-09-26 10:09:57 [INFO] - Express server listening on port 3001
2023-09-26 10:11:33 [INFO] - Argos Platform : win32
2023-09-26 10:11:33 [INFO] - config.server_port : 3001
2023-09-26 10:11:33 [INFO] - Routing Moudle count : 72
2023-09-26 10:11:33 [INFO] - Express SSL server listening on port 443
2023-09-26 10:11:33 [INFO] - Express server listening on port 3001
2023-09-26 10:13:22 [INFO] - Argos Platform : win32
2023-09-26 10:13:22 [INFO] - config.server_port : 3001
2023-09-26 10:13:22 [INFO] - Routing Moudle count : 72
2023-09-26 10:13:22 [INFO] - Express SSL server listening on port 443
2023-09-26 10:13:22 [INFO] - Express server listening on port 3001
2023-09-26 10:16:08 [INFO] - Argos Platform : win32
2023-09-26 10:16:08 [INFO] - config.server_port : 3001
2023-09-26 10:16:08 [INFO] - Routing Moudle count : 72
2023-09-26 10:16:08 [INFO] - Express SSL server listening on port 443
2023-09-26 10:16:08 [INFO] - Express server listening on port 3001
2023-09-26 10:21:22 [INFO] - Argos Platform : win32
2023-09-26 10:21:22 [INFO] - config.server_port : 3001
2023-09-26 10:21:22 [INFO] - Routing Moudle count : 72
2023-09-26 10:21:22 [INFO] - Express SSL server listening on port 443
2023-09-26 10:21:22 [INFO] - Express server listening on port 3001
2023-09-26 10:21:52 [INFO] - Argos Platform : win32
2023-09-26 10:21:52 [INFO] - config.server_port : 3001
2023-09-26 10:21:52 [INFO] - Routing Moudle count : 72
2023-09-26 10:21:52 [INFO] - Express SSL server listening on port 443
2023-09-26 10:21:52 [INFO] - Express server listening on port 3001
2023-09-26 10:46:12 [INFO] - Argos Platform : win32
2023-09-26 10:46:12 [INFO] - config.server_port : 3001
2023-09-26 10:46:12 [INFO] - Routing Moudle count : 72
2023-09-26 10:46:12 [INFO] - Express SSL server listening on port 443
2023-09-26 10:46:12 [INFO] - Express server listening on port 3001
2023-09-26 10:52:30 [INFO] - Argos Platform : win32
2023-09-26 10:52:30 [INFO] - config.server_port : 3001
2023-09-26 10:52:30 [INFO] - Routing Moudle count : 72
2023-09-26 10:52:30 [INFO] - Express SSL server listening on port 443
2023-09-26 10:52:30 [INFO] - Express server listening on port 3001
2023-09-26 10:53:14 [INFO] - Argos Platform : win32
2023-09-26 10:53:14 [INFO] - config.server_port : 3001
2023-09-26 10:53:14 [INFO] - Routing Moudle count : 72
2023-09-26 10:53:14 [INFO] - Express SSL server listening on port 443
2023-09-26 10:53:14 [INFO] - Express server listening on port 3001
2023-09-26 10:59:35 [INFO] - Argos Platform : win32
2023-09-26 10:59:35 [INFO] - config.server_port : 3001
2023-09-26 10:59:35 [INFO] - Routing Moudle count : 72
2023-09-26 10:59:35 [INFO] - Express SSL server listening on port 443
2023-09-26 10:59:35 [INFO] - Express server listening on port 3001
2023-09-26 10:59:46 [INFO] - Argos Platform : win32
2023-09-26 10:59:46 [INFO] - config.server_port : 3001
2023-09-26 10:59:46 [INFO] - Routing Moudle count : 72
2023-09-26 10:59:46 [INFO] - Express SSL server listening on port 443
2023-09-26 10:59:46 [INFO] - Express server listening on port 3001
2023-09-26 11:03:46 [INFO] - Argos Platform : win32
2023-09-26 11:03:46 [INFO] - config.server_port : 3001
2023-09-26 11:03:46 [INFO] - Routing Moudle count : 72
2023-09-26 11:03:46 [INFO] - Express SSL server listening on port 443
2023-09-26 11:03:46 [INFO] - Express server listening on port 3001
2023-09-26 11:03:52 [INFO] - Argos Platform : win32
2023-09-26 11:03:52 [INFO] - config.server_port : 3001
2023-09-26 11:03:52 [INFO] - Routing Moudle count : 72
2023-09-26 11:03:53 [INFO] - Express SSL server listening on port 443
2023-09-26 11:03:53 [INFO] - Express server listening on port 3001
2023-09-26 11:20:22 [INFO] - Argos Platform : win32
2023-09-26 11:20:22 [INFO] - config.server_port : 3001
2023-09-26 11:20:22 [INFO] - Routing Moudle count : 72
2023-09-26 11:20:22 [INFO] - Express SSL server listening on port 443
2023-09-26 11:20:22 [INFO] - Express server listening on port 3001
2023-09-26 11:21:57 [INFO] - Argos Platform : win32
2023-09-26 11:21:57 [INFO] - config.server_port : 3001
2023-09-26 11:21:57 [INFO] - Routing Moudle count : 72
2023-09-26 11:21:57 [INFO] - Express SSL server listening on port 443
2023-09-26 11:21:57 [INFO] - Express server listening on port 3001
2023-09-26 11:31:56 [INFO] - Argos Platform : win32
2023-09-26 11:31:56 [INFO] - config.server_port : 3001
2023-09-26 11:31:56 [INFO] - Routing Moudle count : 72
2023-09-26 11:31:56 [INFO] - Express SSL server listening on port 443
2023-09-26 11:31:56 [INFO] - Express server listening on port 3001
2023-09-26 13:52:57 [INFO] - Argos Platform : win32
2023-09-26 13:52:57 [INFO] - config.server_port : 3001
2023-09-26 13:52:57 [INFO] - Routing Moudle count : 72
2023-09-26 13:52:57 [INFO] - Express SSL server listening on port 443
2023-09-26 13:52:57 [INFO] - Express server listening on port 3001
2023-09-26 13:58:26 [INFO] - Argos Platform : win32
2023-09-26 13:58:26 [INFO] - config.server_port : 3001
2023-09-26 13:58:26 [INFO] - Routing Moudle count : 72
2023-09-26 13:58:26 [INFO] - Express SSL server listening on port 443
2023-09-26 13:58:26 [INFO] - Express server listening on port 3001
2023-09-26 15:21:33 [INFO] - Argos Platform : win32
2023-09-26 15:21:33 [INFO] - config.server_port : 3001
2023-09-26 15:21:33 [INFO] - Routing Moudle count : 72
2023-09-26 15:21:33 [INFO] - Express SSL server listening on port 443
2023-09-26 15:21:33 [INFO] - Express server listening on port 3001
2023-09-26 15:27:01 [INFO] - Argos Platform : win32
2023-09-26 15:27:01 [INFO] - config.server_port : 3001
2023-09-26 15:27:01 [INFO] - Routing Moudle count : 72
2023-09-26 15:27:02 [INFO] - Express SSL server listening on port 443
2023-09-26 15:27:02 [INFO] - Express server listening on port 3001
2023-09-26 15:30:18 [INFO] - Argos Platform : win32
2023-09-26 15:30:18 [INFO] - config.server_port : 3001
2023-09-26 15:30:18 [INFO] - Routing Moudle count : 72
2023-09-26 15:30:19 [INFO] - Express SSL server listening on port 443
2023-09-26 15:30:19 [INFO] - Express server listening on port 3001
2023-09-26 15:30:39 [INFO] - Argos Platform : win32
2023-09-26 15:30:39 [INFO] - config.server_port : 3001
2023-09-26 15:30:39 [INFO] - Routing Moudle count : 72
2023-09-26 15:30:39 [INFO] - Express SSL server listening on port 443
2023-09-26 15:30:39 [INFO] - Express server listening on port 3001
2023-09-26 15:31:08 [INFO] - Argos Platform : win32
2023-09-26 15:31:08 [INFO] - config.server_port : 3001
2023-09-26 15:31:08 [INFO] - Routing Moudle count : 72
2023-09-26 15:31:08 [INFO] - Express SSL server listening on port 443
2023-09-26 15:31:08 [INFO] - Express server listening on port 3001
2023-09-26 15:33:26 [INFO] - Argos Platform : win32
2023-09-26 15:33:26 [INFO] - config.server_port : 3001
2023-09-26 15:33:26 [INFO] - Routing Moudle count : 72
2023-09-26 15:33:26 [INFO] - Express SSL server listening on port 443
2023-09-26 15:33:26 [INFO] - Express server listening on port 3001
2023-09-26 15:53:31 [INFO] - Argos Platform : win32
2023-09-26 15:53:31 [INFO] - config.server_port : 3001
2023-09-26 15:53:31 [INFO] - Routing Moudle count : 72
2023-09-26 15:53:31 [INFO] - Express SSL server listening on port 443
2023-09-26 15:53:31 [INFO] - Express server listening on port 3001
2023-09-26 15:53:51 [INFO] - Argos Platform : win32
2023-09-26 15:53:51 [INFO] - config.server_port : 3001
2023-09-26 15:53:51 [INFO] - Routing Moudle count : 72
2023-09-26 15:53:51 [INFO] - Express SSL server listening on port 443
2023-09-26 15:53:51 [INFO] - Express server listening on port 3001
2023-09-26 16:23:33 [INFO] - Argos Platform : win32
2023-09-26 16:23:33 [INFO] - config.server_port : 3001
2023-09-26 16:23:33 [INFO] - Routing Moudle count : 72
2023-09-26 16:23:34 [INFO] - Express SSL server listening on port 443
2023-09-26 16:23:34 [INFO] - Express server listening on port 3001
2023-09-26 16:30:32 [INFO] - Argos Platform : win32
2023-09-26 16:30:32 [INFO] - config.server_port : 3001
2023-09-26 16:30:32 [INFO] - Routing Moudle count : 72
2023-09-26 16:30:32 [INFO] - Express SSL server listening on port 443
2023-09-26 16:30:32 [INFO] - Express server listening on port 3001
2023-09-26 16:31:15 [INFO] - Argos Platform : win32
2023-09-26 16:31:15 [INFO] - config.server_port : 3001
2023-09-26 16:31:15 [INFO] - Routing Moudle count : 72
2023-09-26 16:31:16 [INFO] - Express SSL server listening on port 443
2023-09-26 16:31:16 [INFO] - Express server listening on port 3001
2023-09-26 16:31:31 [INFO] - Argos Platform : win32
2023-09-26 16:31:31 [INFO] - config.server_port : 3001
2023-09-26 16:31:31 [INFO] - Routing Moudle count : 72
2023-09-26 16:31:31 [INFO] - Express SSL server listening on port 443
2023-09-26 16:31:31 [INFO] - Express server listening on port 3001
