2023-09-25 09:06:23 [INFO] - Argos Platform : win32
2023-09-25 09:06:23 [INFO] - config.server_port : 3001
2023-09-25 09:06:23 [INFO] - Routing Moudle count : 72
2023-09-25 09:06:24 [INFO] - Express SSL server listening on port 443
2023-09-25 09:06:24 [INFO] - Express server listening on port 3001
2023-09-25 09:06:34 [INFO] - 계정과 비밀번호가 일치함.
2023-09-25 09:54:59 [INFO] - Argos Platform : win32
2023-09-25 09:54:59 [INFO] - config.server_port : 3001
2023-09-25 09:54:59 [INFO] - Routing Moudle count : 72
2023-09-25 09:54:59 [INFO] - Express SSL server listening on port 443
2023-09-25 09:54:59 [INFO] - Express server listening on port 3001
2023-09-25 09:55:46 [INFO] - Argos Platform : win32
2023-09-25 09:55:46 [INFO] - config.server_port : 3001
2023-09-25 09:55:46 [INFO] - Routing Moudle count : 72
2023-09-25 09:55:46 [INFO] - Express SSL server listening on port 443
2023-09-25 09:55:46 [INFO] - Express server listening on port 3001
2023-09-25 09:59:58 [INFO] - Argos Platform : win32
2023-09-25 09:59:58 [INFO] - config.server_port : 3001
2023-09-25 09:59:58 [INFO] - Routing Moudle count : 72
2023-09-25 09:59:58 [INFO] - Express SSL server listening on port 443
2023-09-25 09:59:58 [INFO] - Express server listening on port 3001
2023-09-25 10:01:09 [INFO] - Argos Platform : win32
2023-09-25 10:01:09 [INFO] - config.server_port : 3001
2023-09-25 10:01:09 [INFO] - Routing Moudle count : 72
2023-09-25 10:01:09 [INFO] - Express SSL server listening on port 443
2023-09-25 10:01:09 [INFO] - Express server listening on port 3001
2023-09-25 10:01:37 [INFO] - Argos Platform : win32
2023-09-25 10:01:37 [INFO] - config.server_port : 3001
2023-09-25 10:01:37 [INFO] - Routing Moudle count : 72
2023-09-25 10:01:38 [INFO] - Express SSL server listening on port 443
2023-09-25 10:01:38 [INFO] - Express server listening on port 3001
2023-09-25 10:02:10 [INFO] - Argos Platform : win32
2023-09-25 10:02:10 [INFO] - config.server_port : 3001
2023-09-25 10:02:11 [INFO] - Routing Moudle count : 72
2023-09-25 10:02:11 [INFO] - Express SSL server listening on port 443
2023-09-25 10:02:11 [INFO] - Express server listening on port 3001
2023-09-25 10:02:55 [INFO] - Argos Platform : win32
2023-09-25 10:02:55 [INFO] - config.server_port : 3001
2023-09-25 10:02:55 [INFO] - Routing Moudle count : 72
2023-09-25 10:02:55 [INFO] - Express SSL server listening on port 443
2023-09-25 10:02:55 [INFO] - Express server listening on port 3001
2023-09-25 10:05:09 [INFO] - Argos Platform : win32
2023-09-25 10:05:09 [INFO] - config.server_port : 3001
2023-09-25 10:05:09 [INFO] - Routing Moudle count : 72
2023-09-25 10:05:10 [INFO] - Express SSL server listening on port 443
2023-09-25 10:05:10 [INFO] - Express server listening on port 3001
2023-09-25 10:05:56 [INFO] - Argos Platform : win32
2023-09-25 10:05:56 [INFO] - config.server_port : 3001
2023-09-25 10:05:56 [INFO] - Routing Moudle count : 72
2023-09-25 10:05:56 [INFO] - Express SSL server listening on port 443
2023-09-25 10:05:56 [INFO] - Express server listening on port 3001
2023-09-25 10:06:18 [INFO] - Argos Platform : win32
2023-09-25 10:06:18 [INFO] - config.server_port : 3001
2023-09-25 10:06:18 [INFO] - Routing Moudle count : 72
2023-09-25 10:06:18 [INFO] - Express SSL server listening on port 443
2023-09-25 10:06:18 [INFO] - Express server listening on port 3001
2023-09-25 10:12:34 [INFO] - Argos Platform : win32
2023-09-25 10:12:34 [INFO] - config.server_port : 3001
2023-09-25 10:12:34 [INFO] - Routing Moudle count : 72
2023-09-25 10:12:35 [INFO] - Express SSL server listening on port 443
2023-09-25 10:12:35 [INFO] - Express server listening on port 3001
2023-09-25 10:13:10 [INFO] - Argos Platform : win32
2023-09-25 10:13:10 [INFO] - config.server_port : 3001
2023-09-25 10:13:10 [INFO] - Routing Moudle count : 72
2023-09-25 10:13:11 [INFO] - Express SSL server listening on port 443
2023-09-25 10:13:11 [INFO] - Express server listening on port 3001
2023-09-25 10:13:40 [INFO] - Argos Platform : win32
2023-09-25 10:13:40 [INFO] - config.server_port : 3001
2023-09-25 10:13:40 [INFO] - Routing Moudle count : 72
2023-09-25 10:13:41 [INFO] - Express SSL server listening on port 443
2023-09-25 10:13:41 [INFO] - Express server listening on port 3001
2023-09-25 10:30:09 [INFO] - Argos Platform : win32
2023-09-25 10:30:09 [INFO] - config.server_port : 3001
2023-09-25 10:30:09 [INFO] - Routing Moudle count : 72
2023-09-25 10:30:09 [INFO] - Express SSL server listening on port 443
2023-09-25 10:30:09 [INFO] - Express server listening on port 3001
2023-09-25 10:55:51 [INFO] - Argos Platform : win32
2023-09-25 10:55:51 [INFO] - config.server_port : 3001
2023-09-25 10:55:51 [INFO] - Routing Moudle count : 72
2023-09-25 10:55:51 [INFO] - Express SSL server listening on port 443
2023-09-25 10:55:51 [INFO] - Express server listening on port 3001
2023-09-25 10:56:24 [INFO] - Argos Platform : win32
2023-09-25 10:56:24 [INFO] - config.server_port : 3001
2023-09-25 10:56:24 [INFO] - Routing Moudle count : 72
2023-09-25 10:56:24 [INFO] - Express SSL server listening on port 443
2023-09-25 10:56:24 [INFO] - Express server listening on port 3001
2023-09-25 10:59:43 [INFO] - Argos Platform : win32
2023-09-25 10:59:43 [INFO] - config.server_port : 3001
2023-09-25 10:59:43 [INFO] - Routing Moudle count : 72
2023-09-25 10:59:43 [INFO] - Express SSL server listening on port 443
2023-09-25 10:59:43 [INFO] - Express server listening on port 3001
2023-09-25 11:00:24 [INFO] - Argos Platform : win32
2023-09-25 11:00:24 [INFO] - config.server_port : 3001
2023-09-25 11:00:24 [INFO] - Routing Moudle count : 72
2023-09-25 11:00:25 [INFO] - Express SSL server listening on port 443
2023-09-25 11:00:25 [INFO] - Express server listening on port 3001
2023-09-25 11:00:45 [INFO] - Argos Platform : win32
2023-09-25 11:00:45 [INFO] - config.server_port : 3001
2023-09-25 11:00:45 [INFO] - Routing Moudle count : 72
2023-09-25 11:00:46 [INFO] - Express SSL server listening on port 443
2023-09-25 11:00:46 [INFO] - Express server listening on port 3001
2023-09-25 11:01:10 [INFO] - Argos Platform : win32
2023-09-25 11:01:10 [INFO] - config.server_port : 3001
2023-09-25 11:01:10 [INFO] - Routing Moudle count : 72
2023-09-25 11:01:11 [INFO] - Express SSL server listening on port 443
2023-09-25 11:01:11 [INFO] - Express server listening on port 3001
2023-09-25 17:46:42 [INFO] - Argos Platform : win32
2023-09-25 17:46:42 [INFO] - config.server_port : 3001
2023-09-25 17:46:42 [INFO] - Routing Moudle count : 72
2023-09-25 17:46:43 [INFO] - Express SSL server listening on port 443
2023-09-25 17:46:43 [INFO] - Express server listening on port 3001
2023-09-25 17:47:06 [INFO] - Argos Platform : win32
2023-09-25 17:47:06 [INFO] - config.server_port : 3001
2023-09-25 17:47:06 [INFO] - Routing Moudle count : 72
2023-09-25 17:47:07 [INFO] - Express SSL server listening on port 443
2023-09-25 17:47:07 [INFO] - Express server listening on port 3001
2023-09-25 17:47:20 [INFO] - Argos Platform : win32
2023-09-25 17:47:20 [INFO] - config.server_port : 3001
2023-09-25 17:47:20 [INFO] - Routing Moudle count : 72
2023-09-25 17:47:20 [INFO] - Express SSL server listening on port 443
2023-09-25 17:47:20 [INFO] - Express server listening on port 3001
2023-09-25 17:48:32 [INFO] - Argos Platform : win32
2023-09-25 17:48:32 [INFO] - config.server_port : 3001
2023-09-25 17:48:32 [INFO] - Routing Moudle count : 72
2023-09-25 17:48:32 [INFO] - Express SSL server listening on port 443
2023-09-25 17:48:32 [INFO] - Express server listening on port 3001
2023-09-25 17:52:42 [INFO] - Argos Platform : win32
2023-09-25 17:52:42 [INFO] - config.server_port : 3001
2023-09-25 17:52:42 [INFO] - Routing Moudle count : 72
2023-09-25 17:52:43 [INFO] - Express SSL server listening on port 443
2023-09-25 17:52:43 [INFO] - Express server listening on port 3001
2023-09-25 17:53:14 [INFO] - Argos Platform : win32
2023-09-25 17:53:14 [INFO] - config.server_port : 3001
2023-09-25 17:53:14 [INFO] - Routing Moudle count : 72
2023-09-25 17:53:14 [INFO] - Express SSL server listening on port 443
2023-09-25 17:53:14 [INFO] - Express server listening on port 3001
2023-09-25 17:53:25 [INFO] - Argos Platform : win32
2023-09-25 17:53:25 [INFO] - config.server_port : 3001
2023-09-25 17:53:25 [INFO] - Routing Moudle count : 72
2023-09-25 17:53:26 [INFO] - Express SSL server listening on port 443
2023-09-25 17:53:26 [INFO] - Express server listening on port 3001
