2023-09-15 09:07:26 [INFO] - Argos Platform : win32
2023-09-15 09:07:26 [INFO] - config.server_port : 3001
2023-09-15 09:07:26 [INFO] - Routing Moudle count : 71
2023-09-15 09:07:27 [INFO] - Express SSL server listening on port 443
2023-09-15 09:07:27 [INFO] - Express server listening on port 3001
2023-09-15 09:07:41 [INFO] - 계정과 비밀번호가 일치함.
2023-09-15 11:33:25 [INFO] - Argos Platform : win32
2023-09-15 11:33:25 [INFO] - config.server_port : 3001
2023-09-15 11:33:25 [INFO] - Routing Moudle count : 71
2023-09-15 11:33:26 [INFO] - Express SSL server listening on port 443
2023-09-15 11:33:26 [INFO] - Express server listening on port 3001
2023-09-15 11:34:17 [INFO] - Argos Platform : win32
2023-09-15 11:34:17 [INFO] - config.server_port : 3001
2023-09-15 11:34:17 [INFO] - Routing Moudle count : 71
2023-09-15 11:34:18 [INFO] - Express SSL server listening on port 443
2023-09-15 11:34:18 [INFO] - Express server listening on port 3001
2023-09-15 13:18:30 [INFO] - Argos Platform : win32
2023-09-15 13:18:30 [INFO] - config.server_port : 3001
2023-09-15 13:18:30 [INFO] - Routing Moudle count : 71
2023-09-15 13:18:30 [INFO] - Express SSL server listening on port 443
2023-09-15 13:18:30 [INFO] - Express server listening on port 3001
2023-09-15 13:19:24 [INFO] - Argos Platform : win32
2023-09-15 13:19:24 [INFO] - config.server_port : 3001
2023-09-15 13:19:24 [INFO] - Routing Moudle count : 71
2023-09-15 13:19:25 [INFO] - Express SSL server listening on port 443
2023-09-15 13:19:25 [INFO] - Express server listening on port 3001
2023-09-15 13:20:45 [INFO] - Argos Platform : win32
2023-09-15 13:20:45 [INFO] - config.server_port : 3001
2023-09-15 13:20:45 [INFO] - Routing Moudle count : 71
2023-09-15 13:20:45 [INFO] - Express SSL server listening on port 443
2023-09-15 13:20:45 [INFO] - Express server listening on port 3001
2023-09-15 13:21:26 [INFO] - Argos Platform : win32
2023-09-15 13:21:26 [INFO] - config.server_port : 3001
2023-09-15 13:21:26 [INFO] - Routing Moudle count : 71
2023-09-15 13:21:27 [INFO] - Express SSL server listening on port 443
2023-09-15 13:21:27 [INFO] - Express server listening on port 3001
2023-09-15 13:21:52 [INFO] - Argos Platform : win32
2023-09-15 13:21:52 [INFO] - config.server_port : 3001
2023-09-15 13:21:52 [INFO] - Routing Moudle count : 71
2023-09-15 13:21:52 [INFO] - Express SSL server listening on port 443
2023-09-15 13:21:52 [INFO] - Express server listening on port 3001
2023-09-15 13:24:36 [INFO] - Argos Platform : win32
2023-09-15 13:24:36 [INFO] - config.server_port : 3001
2023-09-15 13:24:36 [INFO] - Routing Moudle count : 71
2023-09-15 13:24:37 [INFO] - Express SSL server listening on port 443
2023-09-15 13:24:37 [INFO] - Express server listening on port 3001
2023-09-15 13:30:54 [INFO] - Argos Platform : win32
2023-09-15 13:30:54 [INFO] - config.server_port : 3001
2023-09-15 13:30:54 [INFO] - Routing Moudle count : 71
2023-09-15 13:30:54 [INFO] - Express SSL server listening on port 443
2023-09-15 13:30:54 [INFO] - Express server listening on port 3001
2023-09-15 13:31:00 [ERROR] - process uncaughtException -> 
2023-09-15 13:33:02 [INFO] - Argos Platform : win32
2023-09-15 13:33:02 [INFO] - config.server_port : 3001
2023-09-15 13:33:02 [INFO] - Routing Moudle count : 71
2023-09-15 13:33:36 [INFO] - Argos Platform : win32
2023-09-15 13:33:36 [INFO] - config.server_port : 3001
2023-09-15 13:33:36 [INFO] - Routing Moudle count : 71
2023-09-15 13:40:11 [INFO] - Argos Platform : win32
2023-09-15 13:40:11 [INFO] - config.server_port : 3001
2023-09-15 13:40:11 [INFO] - Routing Moudle count : 71
2023-09-15 13:40:11 [INFO] - Express SSL server listening on port 443
2023-09-15 13:40:11 [INFO] - Express server listening on port 3001
2023-09-15 13:42:11 [INFO] - Argos Platform : win32
2023-09-15 13:42:11 [INFO] - config.server_port : 3001
2023-09-15 13:42:11 [INFO] - Routing Moudle count : 71
2023-09-15 13:42:11 [INFO] - Express SSL server listening on port 443
2023-09-15 13:42:11 [INFO] - Express server listening on port 3001
2023-09-15 13:43:00 [INFO] - Argos Platform : win32
2023-09-15 13:43:00 [INFO] - config.server_port : 3001
2023-09-15 13:43:00 [INFO] - Routing Moudle count : 71
2023-09-15 13:43:00 [INFO] - Express SSL server listening on port 443
2023-09-15 13:43:00 [INFO] - Express server listening on port 3001
2023-09-15 13:43:18 [INFO] - Argos Platform : win32
2023-09-15 13:43:18 [INFO] - config.server_port : 3001
2023-09-15 13:43:18 [INFO] - Routing Moudle count : 71
2023-09-15 13:43:18 [INFO] - Express SSL server listening on port 443
2023-09-15 13:43:18 [INFO] - Express server listening on port 3001
2023-09-15 13:44:10 [INFO] - Argos Platform : win32
2023-09-15 13:44:10 [INFO] - config.server_port : 3001
2023-09-15 13:44:10 [INFO] - Routing Moudle count : 71
2023-09-15 13:44:10 [INFO] - Express SSL server listening on port 443
2023-09-15 13:44:10 [INFO] - Express server listening on port 3001
2023-09-15 13:45:47 [INFO] - Argos Platform : win32
2023-09-15 13:45:47 [INFO] - config.server_port : 3001
2023-09-15 13:45:47 [INFO] - Routing Moudle count : 71
2023-09-15 13:45:47 [INFO] - Express SSL server listening on port 443
2023-09-15 13:45:47 [INFO] - Express server listening on port 3001
2023-09-15 13:47:20 [INFO] - Argos Platform : win32
2023-09-15 13:47:20 [INFO] - config.server_port : 3001
2023-09-15 13:47:20 [INFO] - Routing Moudle count : 71
2023-09-15 13:47:20 [INFO] - Express SSL server listening on port 443
2023-09-15 13:47:20 [INFO] - Express server listening on port 3001
2023-09-15 13:48:24 [INFO] - Argos Platform : win32
2023-09-15 13:48:24 [INFO] - config.server_port : 3001
2023-09-15 13:48:24 [INFO] - Routing Moudle count : 71
2023-09-15 13:48:24 [INFO] - Express SSL server listening on port 443
2023-09-15 13:48:24 [INFO] - Express server listening on port 3001
2023-09-15 13:54:25 [INFO] - Argos Platform : win32
2023-09-15 13:54:25 [INFO] - config.server_port : 3001
2023-09-15 13:54:25 [INFO] - Routing Moudle count : 71
2023-09-15 13:54:25 [INFO] - Express SSL server listening on port 443
2023-09-15 13:54:25 [INFO] - Express server listening on port 3001
2023-09-15 13:54:46 [INFO] - Argos Platform : win32
2023-09-15 13:54:46 [INFO] - config.server_port : 3001
2023-09-15 13:54:46 [INFO] - Routing Moudle count : 71
2023-09-15 13:54:47 [INFO] - Express SSL server listening on port 443
2023-09-15 13:54:47 [INFO] - Express server listening on port 3001
2023-09-15 13:55:15 [INFO] - Argos Platform : win32
2023-09-15 13:55:15 [INFO] - config.server_port : 3001
2023-09-15 13:55:15 [INFO] - Routing Moudle count : 71
2023-09-15 13:55:16 [INFO] - Express SSL server listening on port 443
2023-09-15 13:55:16 [INFO] - Express server listening on port 3001
2023-09-15 13:58:34 [INFO] - Argos Platform : win32
2023-09-15 13:58:34 [INFO] - config.server_port : 3001
2023-09-15 13:58:34 [INFO] - Routing Moudle count : 71
2023-09-15 13:58:34 [INFO] - Express SSL server listening on port 443
2023-09-15 13:58:34 [INFO] - Express server listening on port 3001
2023-09-15 13:58:56 [INFO] - Argos Platform : win32
2023-09-15 13:58:56 [INFO] - config.server_port : 3001
2023-09-15 13:58:56 [INFO] - Routing Moudle count : 71
2023-09-15 13:58:56 [INFO] - Express SSL server listening on port 443
2023-09-15 13:58:56 [INFO] - Express server listening on port 3001
2023-09-15 13:59:22 [INFO] - Argos Platform : win32
2023-09-15 13:59:22 [INFO] - config.server_port : 3001
2023-09-15 13:59:22 [INFO] - Routing Moudle count : 71
2023-09-15 13:59:22 [INFO] - Express SSL server listening on port 443
2023-09-15 13:59:22 [INFO] - Express server listening on port 3001
2023-09-15 14:08:00 [INFO] - Argos Platform : win32
2023-09-15 14:08:00 [INFO] - config.server_port : 3001
2023-09-15 14:08:00 [INFO] - Routing Moudle count : 71
2023-09-15 14:08:00 [INFO] - Express SSL server listening on port 443
2023-09-15 14:08:00 [INFO] - Express server listening on port 3001
2023-09-15 14:09:46 [INFO] - Argos Platform : win32
2023-09-15 14:09:46 [INFO] - config.server_port : 3001
2023-09-15 14:09:46 [INFO] - Routing Moudle count : 71
2023-09-15 14:09:46 [INFO] - Express SSL server listening on port 443
2023-09-15 14:09:46 [INFO] - Express server listening on port 3001
2023-09-15 14:14:40 [INFO] - Argos Platform : win32
2023-09-15 14:14:40 [INFO] - config.server_port : 3001
2023-09-15 14:14:41 [INFO] - Routing Moudle count : 71
2023-09-15 14:14:41 [INFO] - Express SSL server listening on port 443
2023-09-15 14:14:41 [INFO] - Express server listening on port 3001
2023-09-15 14:15:57 [INFO] - Argos Platform : win32
2023-09-15 14:15:57 [INFO] - config.server_port : 3001
2023-09-15 14:15:57 [INFO] - Routing Moudle count : 71
2023-09-15 14:15:58 [INFO] - Express SSL server listening on port 443
2023-09-15 14:15:58 [INFO] - Express server listening on port 3001
2023-09-15 15:18:10 [INFO] - Argos Platform : win32
2023-09-15 15:18:10 [INFO] - config.server_port : 3001
2023-09-15 15:18:10 [INFO] - Routing Moudle count : 71
2023-09-15 15:18:11 [INFO] - Express SSL server listening on port 443
2023-09-15 15:18:11 [INFO] - Express server listening on port 3001
2023-09-15 15:18:55 [INFO] - Argos Platform : win32
2023-09-15 15:18:55 [INFO] - config.server_port : 3001
2023-09-15 15:18:55 [INFO] - Routing Moudle count : 71
2023-09-15 15:18:56 [INFO] - Express SSL server listening on port 443
2023-09-15 15:18:56 [INFO] - Express server listening on port 3001
2023-09-15 15:21:50 [INFO] - Argos Platform : win32
2023-09-15 15:21:50 [INFO] - config.server_port : 3001
2023-09-15 15:21:50 [INFO] - Routing Moudle count : 71
2023-09-15 15:21:50 [INFO] - Express SSL server listening on port 443
2023-09-15 15:21:50 [INFO] - Express server listening on port 3001
2023-09-15 15:22:45 [INFO] - Argos Platform : win32
2023-09-15 15:22:45 [INFO] - config.server_port : 3001
2023-09-15 15:22:45 [INFO] - Routing Moudle count : 71
2023-09-15 15:22:45 [INFO] - Express SSL server listening on port 443
2023-09-15 15:22:45 [INFO] - Express server listening on port 3001
2023-09-15 15:31:26 [INFO] - Argos Platform : win32
2023-09-15 15:31:26 [INFO] - config.server_port : 3001
2023-09-15 15:31:26 [INFO] - Routing Moudle count : 71
2023-09-15 15:31:26 [INFO] - Express SSL server listening on port 443
2023-09-15 15:31:26 [INFO] - Express server listening on port 3001
2023-09-15 15:32:15 [INFO] - Argos Platform : win32
2023-09-15 15:32:15 [INFO] - config.server_port : 3001
2023-09-15 15:32:15 [INFO] - Routing Moudle count : 71
2023-09-15 15:32:16 [INFO] - Express SSL server listening on port 443
2023-09-15 15:32:16 [INFO] - Express server listening on port 3001
2023-09-15 15:32:51 [INFO] - Argos Platform : win32
2023-09-15 15:32:51 [INFO] - config.server_port : 3001
2023-09-15 15:32:51 [INFO] - Routing Moudle count : 71
2023-09-15 15:32:51 [INFO] - Express SSL server listening on port 443
2023-09-15 15:32:51 [INFO] - Express server listening on port 3001
2023-09-15 15:33:24 [INFO] - Argos Platform : win32
2023-09-15 15:33:24 [INFO] - config.server_port : 3001
2023-09-15 15:33:24 [INFO] - Routing Moudle count : 71
2023-09-15 15:33:25 [INFO] - Express SSL server listening on port 443
2023-09-15 15:33:25 [INFO] - Express server listening on port 3001
2023-09-15 15:34:04 [INFO] - Argos Platform : win32
2023-09-15 15:34:04 [INFO] - config.server_port : 3001
2023-09-15 15:34:04 [INFO] - Routing Moudle count : 71
2023-09-15 15:34:04 [INFO] - Express SSL server listening on port 443
2023-09-15 15:34:04 [INFO] - Express server listening on port 3001
2023-09-15 15:34:28 [INFO] - Argos Platform : win32
2023-09-15 15:34:28 [INFO] - config.server_port : 3001
2023-09-15 15:34:28 [INFO] - Routing Moudle count : 71
2023-09-15 15:34:28 [INFO] - Express SSL server listening on port 443
2023-09-15 15:34:28 [INFO] - Express server listening on port 3001
2023-09-15 15:47:32 [INFO] - Argos Platform : win32
2023-09-15 15:47:32 [INFO] - config.server_port : 3001
2023-09-15 15:47:32 [INFO] - Routing Moudle count : 71
2023-09-15 15:47:32 [INFO] - Express SSL server listening on port 443
2023-09-15 15:47:32 [INFO] - Express server listening on port 3001
2023-09-15 15:47:45 [INFO] - Argos Platform : win32
2023-09-15 15:47:45 [INFO] - config.server_port : 3001
2023-09-15 15:47:45 [INFO] - Routing Moudle count : 71
2023-09-15 15:47:45 [INFO] - Express SSL server listening on port 443
2023-09-15 15:47:45 [INFO] - Express server listening on port 3001
2023-09-15 15:48:04 [INFO] - Argos Platform : win32
2023-09-15 15:48:04 [INFO] - config.server_port : 3001
2023-09-15 15:48:04 [INFO] - Routing Moudle count : 71
2023-09-15 15:48:04 [INFO] - Express SSL server listening on port 443
2023-09-15 15:48:04 [INFO] - Express server listening on port 3001
2023-09-15 15:48:27 [INFO] - Argos Platform : win32
2023-09-15 15:48:27 [INFO] - config.server_port : 3001
2023-09-15 15:48:27 [INFO] - Routing Moudle count : 71
2023-09-15 15:48:28 [INFO] - Express SSL server listening on port 443
2023-09-15 15:48:28 [INFO] - Express server listening on port 3001
2023-09-15 15:48:40 [INFO] - Argos Platform : win32
2023-09-15 15:48:40 [INFO] - config.server_port : 3001
2023-09-15 15:48:40 [INFO] - Routing Moudle count : 71
2023-09-15 15:48:40 [INFO] - Express SSL server listening on port 443
2023-09-15 15:48:40 [INFO] - Express server listening on port 3001
2023-09-15 15:48:54 [INFO] - Argos Platform : win32
2023-09-15 15:48:54 [INFO] - config.server_port : 3001
2023-09-15 15:48:54 [INFO] - Routing Moudle count : 71
2023-09-15 15:48:54 [INFO] - Express SSL server listening on port 443
2023-09-15 15:48:54 [INFO] - Express server listening on port 3001
2023-09-15 15:49:07 [INFO] - Argos Platform : win32
2023-09-15 15:49:07 [INFO] - config.server_port : 3001
2023-09-15 15:49:07 [INFO] - Routing Moudle count : 71
2023-09-15 15:49:07 [INFO] - Express SSL server listening on port 443
2023-09-15 15:49:07 [INFO] - Express server listening on port 3001
2023-09-15 15:51:35 [INFO] - Argos Platform : win32
2023-09-15 15:51:35 [INFO] - config.server_port : 3001
2023-09-15 15:51:35 [INFO] - Routing Moudle count : 71
2023-09-15 15:51:35 [INFO] - Express SSL server listening on port 443
2023-09-15 15:51:35 [INFO] - Express server listening on port 3001
2023-09-15 15:52:39 [INFO] - Argos Platform : win32
2023-09-15 15:52:39 [INFO] - config.server_port : 3001
2023-09-15 15:52:39 [INFO] - Routing Moudle count : 71
2023-09-15 15:52:40 [INFO] - Express SSL server listening on port 443
2023-09-15 15:52:40 [INFO] - Express server listening on port 3001
2023-09-15 15:53:59 [INFO] - Argos Platform : win32
2023-09-15 15:53:59 [INFO] - config.server_port : 3001
2023-09-15 15:53:59 [INFO] - Routing Moudle count : 71
2023-09-15 15:53:59 [INFO] - Express SSL server listening on port 443
2023-09-15 15:53:59 [INFO] - Express server listening on port 3001
2023-09-15 15:59:44 [INFO] - Argos Platform : win32
2023-09-15 15:59:44 [INFO] - config.server_port : 3001
2023-09-15 15:59:44 [INFO] - Routing Moudle count : 71
2023-09-15 15:59:44 [INFO] - Express SSL server listening on port 443
2023-09-15 15:59:44 [INFO] - Express server listening on port 3001
2023-09-15 15:59:57 [INFO] - Argos Platform : win32
2023-09-15 15:59:57 [INFO] - config.server_port : 3001
2023-09-15 15:59:57 [INFO] - Routing Moudle count : 71
2023-09-15 15:59:57 [INFO] - Express SSL server listening on port 443
2023-09-15 15:59:57 [INFO] - Express server listening on port 3001
2023-09-15 16:00:20 [INFO] - Argos Platform : win32
2023-09-15 16:00:20 [INFO] - config.server_port : 3001
2023-09-15 16:00:20 [INFO] - Routing Moudle count : 71
2023-09-15 16:00:21 [INFO] - Express SSL server listening on port 443
2023-09-15 16:00:21 [INFO] - Express server listening on port 3001
2023-09-15 16:00:40 [INFO] - Argos Platform : win32
2023-09-15 16:00:40 [INFO] - config.server_port : 3001
2023-09-15 16:00:40 [INFO] - Routing Moudle count : 71
2023-09-15 16:00:40 [INFO] - Express SSL server listening on port 443
2023-09-15 16:00:40 [INFO] - Express server listening on port 3001
2023-09-15 16:01:06 [INFO] - Argos Platform : win32
2023-09-15 16:01:06 [INFO] - config.server_port : 3001
2023-09-15 16:01:06 [INFO] - Routing Moudle count : 71
2023-09-15 16:01:06 [INFO] - Express SSL server listening on port 443
2023-09-15 16:01:06 [INFO] - Express server listening on port 3001
2023-09-15 16:01:40 [INFO] - Argos Platform : win32
2023-09-15 16:01:40 [INFO] - config.server_port : 3001
2023-09-15 16:01:40 [INFO] - Routing Moudle count : 71
2023-09-15 16:01:40 [INFO] - Express SSL server listening on port 443
2023-09-15 16:01:40 [INFO] - Express server listening on port 3001
2023-09-15 16:01:58 [INFO] - Argos Platform : win32
2023-09-15 16:01:58 [INFO] - config.server_port : 3001
2023-09-15 16:01:58 [INFO] - Routing Moudle count : 71
2023-09-15 16:01:58 [INFO] - Express SSL server listening on port 443
2023-09-15 16:01:58 [INFO] - Express server listening on port 3001
2023-09-15 16:07:49 [INFO] - Argos Platform : win32
2023-09-15 16:07:49 [INFO] - config.server_port : 3001
2023-09-15 16:07:49 [INFO] - Routing Moudle count : 71
2023-09-15 16:07:49 [INFO] - Express SSL server listening on port 443
2023-09-15 16:07:49 [INFO] - Express server listening on port 3001
2023-09-15 16:10:31 [INFO] - Argos Platform : win32
2023-09-15 16:10:31 [INFO] - config.server_port : 3001
2023-09-15 16:10:31 [INFO] - Routing Moudle count : 71
2023-09-15 16:10:31 [INFO] - Express SSL server listening on port 443
2023-09-15 16:10:31 [INFO] - Express server listening on port 3001
2023-09-15 16:11:26 [INFO] - Argos Platform : win32
2023-09-15 16:11:26 [INFO] - config.server_port : 3001
2023-09-15 16:11:26 [INFO] - Routing Moudle count : 71
2023-09-15 16:11:26 [INFO] - Express SSL server listening on port 443
2023-09-15 16:11:26 [INFO] - Express server listening on port 3001
2023-09-15 16:17:19 [INFO] - Argos Platform : win32
2023-09-15 16:17:19 [INFO] - config.server_port : 3001
2023-09-15 16:17:19 [INFO] - Routing Moudle count : 71
2023-09-15 16:17:19 [INFO] - Express SSL server listening on port 443
2023-09-15 16:17:19 [INFO] - Express server listening on port 3001
2023-09-15 16:17:51 [INFO] - Argos Platform : win32
2023-09-15 16:17:51 [INFO] - config.server_port : 3001
2023-09-15 16:17:51 [INFO] - Routing Moudle count : 71
2023-09-15 16:17:51 [INFO] - Express SSL server listening on port 443
2023-09-15 16:17:51 [INFO] - Express server listening on port 3001
2023-09-15 16:19:19 [INFO] - Argos Platform : win32
2023-09-15 16:19:19 [INFO] - config.server_port : 3001
2023-09-15 16:19:19 [INFO] - Routing Moudle count : 71
2023-09-15 16:19:20 [INFO] - Express SSL server listening on port 443
2023-09-15 16:19:20 [INFO] - Express server listening on port 3001
2023-09-15 16:19:36 [INFO] - Argos Platform : win32
2023-09-15 16:19:36 [INFO] - config.server_port : 3001
2023-09-15 16:19:36 [INFO] - Routing Moudle count : 71
2023-09-15 16:19:36 [INFO] - Express SSL server listening on port 443
2023-09-15 16:19:36 [INFO] - Express server listening on port 3001
2023-09-15 16:23:09 [INFO] - Argos Platform : win32
2023-09-15 16:23:09 [INFO] - config.server_port : 3001
2023-09-15 16:23:09 [INFO] - Routing Moudle count : 71
2023-09-15 16:23:09 [INFO] - Express SSL server listening on port 443
2023-09-15 16:23:09 [INFO] - Express server listening on port 3001
2023-09-15 16:24:19 [INFO] - Argos Platform : win32
2023-09-15 16:24:19 [INFO] - config.server_port : 3001
2023-09-15 16:24:19 [INFO] - Routing Moudle count : 71
2023-09-15 16:24:20 [INFO] - Express SSL server listening on port 443
2023-09-15 16:24:20 [INFO] - Express server listening on port 3001
2023-09-15 16:25:05 [INFO] - Argos Platform : win32
2023-09-15 16:25:05 [INFO] - config.server_port : 3001
2023-09-15 16:25:05 [INFO] - Routing Moudle count : 71
2023-09-15 16:25:05 [INFO] - Express SSL server listening on port 443
2023-09-15 16:25:05 [INFO] - Express server listening on port 3001
2023-09-15 16:27:07 [INFO] - Argos Platform : win32
2023-09-15 16:27:07 [INFO] - config.server_port : 3001
2023-09-15 16:27:07 [INFO] - Routing Moudle count : 71
2023-09-15 16:27:07 [INFO] - Express SSL server listening on port 443
2023-09-15 16:27:07 [INFO] - Express server listening on port 3001
2023-09-15 16:27:46 [INFO] - Argos Platform : win32
2023-09-15 16:27:46 [INFO] - config.server_port : 3001
2023-09-15 16:27:46 [INFO] - Routing Moudle count : 71
2023-09-15 16:27:47 [INFO] - Express SSL server listening on port 443
2023-09-15 16:27:47 [INFO] - Express server listening on port 3001
2023-09-15 16:28:46 [INFO] - Argos Platform : win32
2023-09-15 16:28:46 [INFO] - config.server_port : 3001
2023-09-15 16:28:46 [INFO] - Routing Moudle count : 71
2023-09-15 16:28:46 [INFO] - Express SSL server listening on port 443
2023-09-15 16:28:46 [INFO] - Express server listening on port 3001
2023-09-15 16:29:19 [INFO] - Argos Platform : win32
2023-09-15 16:29:19 [INFO] - config.server_port : 3001
2023-09-15 16:29:19 [INFO] - Routing Moudle count : 71
2023-09-15 16:29:19 [INFO] - Express SSL server listening on port 443
2023-09-15 16:29:19 [INFO] - Express server listening on port 3001
2023-09-15 16:30:54 [INFO] - Argos Platform : win32
2023-09-15 16:30:54 [INFO] - config.server_port : 3001
2023-09-15 16:30:54 [INFO] - Routing Moudle count : 71
2023-09-15 16:30:55 [INFO] - Express SSL server listening on port 443
2023-09-15 16:30:55 [INFO] - Express server listening on port 3001
2023-09-15 16:31:19 [INFO] - Argos Platform : win32
2023-09-15 16:31:19 [INFO] - config.server_port : 3001
2023-09-15 16:31:19 [INFO] - Routing Moudle count : 71
2023-09-15 16:31:19 [INFO] - Express SSL server listening on port 443
2023-09-15 16:31:19 [INFO] - Express server listening on port 3001
2023-09-15 16:33:27 [INFO] - Argos Platform : win32
2023-09-15 16:33:27 [INFO] - config.server_port : 3001
2023-09-15 16:33:27 [INFO] - Routing Moudle count : 71
2023-09-15 16:33:28 [INFO] - Express SSL server listening on port 443
2023-09-15 16:33:28 [INFO] - Express server listening on port 3001
2023-09-15 16:34:22 [INFO] - Argos Platform : win32
2023-09-15 16:34:22 [INFO] - config.server_port : 3001
2023-09-15 16:34:22 [INFO] - Routing Moudle count : 71
2023-09-15 16:34:22 [INFO] - Express SSL server listening on port 443
2023-09-15 16:34:22 [INFO] - Express server listening on port 3001
2023-09-15 16:46:01 [INFO] - Argos Platform : win32
2023-09-15 16:46:01 [INFO] - config.server_port : 3001
2023-09-15 16:46:01 [INFO] - Routing Moudle count : 71
2023-09-15 16:46:02 [INFO] - Express SSL server listening on port 443
2023-09-15 16:46:02 [INFO] - Express server listening on port 3001
2023-09-15 16:46:18 [INFO] - Argos Platform : win32
2023-09-15 16:46:18 [INFO] - config.server_port : 3001
2023-09-15 16:46:18 [INFO] - Routing Moudle count : 71
2023-09-15 16:46:19 [INFO] - Express SSL server listening on port 443
2023-09-15 16:46:19 [INFO] - Express server listening on port 3001
2023-09-15 16:46:46 [INFO] - Argos Platform : win32
2023-09-15 16:46:46 [INFO] - config.server_port : 3001
2023-09-15 16:46:46 [INFO] - Routing Moudle count : 71
2023-09-15 16:46:46 [INFO] - Express SSL server listening on port 443
2023-09-15 16:46:46 [INFO] - Express server listening on port 3001
2023-09-15 16:47:25 [INFO] - Argos Platform : win32
2023-09-15 16:47:25 [INFO] - config.server_port : 3001
2023-09-15 16:47:25 [INFO] - Routing Moudle count : 71
2023-09-15 16:47:26 [INFO] - Express SSL server listening on port 443
2023-09-15 16:47:26 [INFO] - Express server listening on port 3001
2023-09-15 16:48:08 [INFO] - Argos Platform : win32
2023-09-15 16:48:08 [INFO] - config.server_port : 3001
2023-09-15 16:48:08 [INFO] - Routing Moudle count : 71
2023-09-15 16:48:08 [INFO] - Express SSL server listening on port 443
2023-09-15 16:48:08 [INFO] - Express server listening on port 3001
2023-09-15 16:48:39 [INFO] - Argos Platform : win32
2023-09-15 16:48:39 [INFO] - config.server_port : 3001
2023-09-15 16:48:39 [INFO] - Routing Moudle count : 71
2023-09-15 16:48:39 [INFO] - Express SSL server listening on port 443
2023-09-15 16:48:39 [INFO] - Express server listening on port 3001
2023-09-15 16:49:53 [INFO] - Argos Platform : win32
2023-09-15 16:49:53 [INFO] - config.server_port : 3001
2023-09-15 16:49:53 [INFO] - Routing Moudle count : 71
2023-09-15 16:49:53 [INFO] - Express SSL server listening on port 443
2023-09-15 16:49:53 [INFO] - Express server listening on port 3001
2023-09-15 16:50:30 [INFO] - Argos Platform : win32
2023-09-15 16:50:30 [INFO] - config.server_port : 3001
2023-09-15 16:50:30 [INFO] - Routing Moudle count : 71
2023-09-15 16:50:30 [INFO] - Express SSL server listening on port 443
2023-09-15 16:50:30 [INFO] - Express server listening on port 3001
2023-09-15 16:51:40 [INFO] - Argos Platform : win32
2023-09-15 16:51:40 [INFO] - config.server_port : 3001
2023-09-15 16:51:40 [INFO] - Routing Moudle count : 71
2023-09-15 16:51:40 [INFO] - Express SSL server listening on port 443
2023-09-15 16:51:40 [INFO] - Express server listening on port 3001
2023-09-15 16:54:04 [INFO] - Argos Platform : win32
2023-09-15 16:54:04 [INFO] - config.server_port : 3001
2023-09-15 16:54:04 [INFO] - Routing Moudle count : 71
2023-09-15 16:54:04 [INFO] - Express SSL server listening on port 443
2023-09-15 16:54:04 [INFO] - Express server listening on port 3001
2023-09-15 16:54:47 [INFO] - Argos Platform : win32
2023-09-15 16:54:47 [INFO] - config.server_port : 3001
2023-09-15 16:54:47 [INFO] - Routing Moudle count : 71
2023-09-15 16:54:47 [INFO] - Express SSL server listening on port 443
2023-09-15 16:54:47 [INFO] - Express server listening on port 3001
2023-09-15 16:55:29 [INFO] - Argos Platform : win32
2023-09-15 16:55:29 [INFO] - config.server_port : 3001
2023-09-15 16:55:29 [INFO] - Routing Moudle count : 71
2023-09-15 16:55:29 [INFO] - Express SSL server listening on port 443
2023-09-15 16:55:29 [INFO] - Express server listening on port 3001
2023-09-15 16:57:40 [INFO] - Argos Platform : win32
2023-09-15 16:57:40 [INFO] - config.server_port : 3001
2023-09-15 16:57:40 [INFO] - Routing Moudle count : 71
2023-09-15 16:57:40 [INFO] - Express SSL server listening on port 443
2023-09-15 16:57:40 [INFO] - Express server listening on port 3001
2023-09-15 16:58:17 [INFO] - Argos Platform : win32
2023-09-15 16:58:17 [INFO] - config.server_port : 3001
2023-09-15 16:58:17 [INFO] - Routing Moudle count : 71
2023-09-15 16:58:18 [INFO] - Express SSL server listening on port 443
2023-09-15 16:58:18 [INFO] - Express server listening on port 3001
2023-09-15 17:00:16 [INFO] - Argos Platform : win32
2023-09-15 17:00:16 [INFO] - config.server_port : 3001
2023-09-15 17:00:16 [INFO] - Routing Moudle count : 71
2023-09-15 17:00:16 [INFO] - Express SSL server listening on port 443
2023-09-15 17:00:16 [INFO] - Express server listening on port 3001
