2023-08-31 10:32:07 [INFO] - Argos Platform : win32
2023-08-31 10:32:07 [INFO] - config.server_port : 3001
2023-08-31 10:32:07 [INFO] - Routing Moudle count : 68
2023-08-31 10:32:24 [INFO] - Argos Platform : win32
2023-08-31 10:32:24 [INFO] - config.server_port : 3001
2023-08-31 10:32:24 [INFO] - Routing Moudle count : 68
2023-08-31 10:34:52 [INFO] - Argos Platform : win32
2023-08-31 10:34:52 [INFO] - config.server_port : 3001
2023-08-31 10:34:52 [INFO] - Routing Moudle count : 68
2023-08-31 10:39:43 [INFO] - Argos Platform : win32
2023-08-31 10:39:43 [INFO] - config.server_port : 3001
2023-08-31 10:39:43 [INFO] - Routing Moudle count : 68
2023-08-31 10:40:13 [INFO] - Argos Platform : win32
2023-08-31 10:40:13 [INFO] - config.server_port : 3001
2023-08-31 10:40:13 [INFO] - Routing Moudle count : 68
2023-08-31 10:40:13 [INFO] - Express SSL server listening on port 443
2023-08-31 10:40:13 [INFO] - Express server listening on port 3001
2023-08-31 10:54:33 [INFO] - Argos Platform : win32
2023-08-31 10:54:33 [INFO] - config.server_port : 3001
2023-08-31 10:54:33 [INFO] - Routing Moudle count : 68
2023-08-31 10:54:34 [INFO] - Express SSL server listening on port 443
2023-08-31 10:54:34 [INFO] - Express server listening on port 3001
2023-08-31 10:57:06 [INFO] - Argos Platform : win32
2023-08-31 10:57:06 [INFO] - config.server_port : 3001
2023-08-31 10:57:06 [INFO] - Routing Moudle count : 68
2023-08-31 10:57:07 [INFO] - Express SSL server listening on port 443
2023-08-31 10:57:07 [INFO] - Express server listening on port 3001
2023-08-31 11:03:37 [INFO] - Argos Platform : win32
2023-08-31 11:03:37 [INFO] - config.server_port : 3001
2023-08-31 11:03:37 [INFO] - Routing Moudle count : 68
2023-08-31 11:03:37 [INFO] - Express SSL server listening on port 443
2023-08-31 11:03:37 [INFO] - Express server listening on port 3001
2023-08-31 13:15:38 [INFO] - Argos Platform : win32
2023-08-31 13:15:38 [INFO] - config.server_port : 3001
2023-08-31 13:15:38 [INFO] - Routing Moudle count : 68
2023-08-31 13:15:39 [INFO] - Express SSL server listening on port 443
2023-08-31 13:15:39 [INFO] - Express server listening on port 3001
2023-08-31 14:28:22 [INFO] - Argos Platform : win32
2023-08-31 14:28:22 [INFO] - config.server_port : 3001
2023-08-31 14:28:22 [INFO] - Routing Moudle count : 68
2023-08-31 14:28:22 [INFO] - Express SSL server listening on port 443
2023-08-31 14:28:22 [INFO] - Express server listening on port 3001
2023-08-31 14:29:07 [INFO] - Argos Platform : win32
2023-08-31 14:29:07 [INFO] - config.server_port : 3001
2023-08-31 14:29:07 [INFO] - Routing Moudle count : 68
2023-08-31 14:29:07 [INFO] - Express SSL server listening on port 443
2023-08-31 14:29:07 [INFO] - Express server listening on port 3001
2023-08-31 14:29:36 [INFO] - Argos Platform : win32
2023-08-31 14:29:36 [INFO] - config.server_port : 3001
2023-08-31 14:29:36 [INFO] - Routing Moudle count : 68
2023-08-31 14:29:36 [INFO] - Express SSL server listening on port 443
2023-08-31 14:29:36 [INFO] - Express server listening on port 3001
