2023-09-13 09:08:11 [INFO] - Argos Platform : win32
2023-09-13 09:08:11 [INFO] - config.server_port : 3001
2023-09-13 09:08:11 [INFO] - Routing Moudle count : 71
2023-09-13 09:08:12 [INFO] - Express SSL server listening on port 443
2023-09-13 09:08:12 [INFO] - Express server listening on port 3001
2023-09-13 09:11:03 [WARN] - 일치하는 사용자 찾지 못함.
2023-09-13 09:11:03 [WARN] - 비밀번호가 일치하지 않습니다. (1/5회)
2023-09-13 09:11:11 [INFO] - 계정과 비밀번호가 일치함.
2023-09-13 15:38:28 [INFO] - Argos Platform : win32
2023-09-13 15:38:28 [INFO] - config.server_port : 3001
2023-09-13 15:38:28 [INFO] - Routing Moudle count : 71
2023-09-13 15:38:28 [INFO] - Express SSL server listening on port 443
2023-09-13 15:38:28 [INFO] - Express server listening on port 3001
2023-09-13 15:39:11 [INFO] - Argos Platform : win32
2023-09-13 15:39:11 [INFO] - config.server_port : 3001
2023-09-13 15:39:11 [INFO] - Routing Moudle count : 71
2023-09-13 15:39:12 [INFO] - Express SSL server listening on port 443
2023-09-13 15:39:12 [INFO] - Express server listening on port 3001
2023-09-13 15:39:18 [INFO] - Argos Platform : win32
2023-09-13 15:39:18 [INFO] - config.server_port : 3001
2023-09-13 15:39:18 [INFO] - Routing Moudle count : 71
2023-09-13 15:39:18 [INFO] - Express SSL server listening on port 443
2023-09-13 15:39:18 [INFO] - Express server listening on port 3001
2023-09-13 15:39:40 [INFO] - Argos Platform : win32
2023-09-13 15:39:40 [INFO] - config.server_port : 3001
2023-09-13 15:39:40 [INFO] - Routing Moudle count : 71
2023-09-13 15:39:40 [INFO] - Express SSL server listening on port 443
2023-09-13 15:39:40 [INFO] - Express server listening on port 3001
2023-09-13 15:52:35 [INFO] - Argos Platform : win32
2023-09-13 15:52:35 [INFO] - config.server_port : 3001
2023-09-13 15:52:35 [INFO] - Routing Moudle count : 71
2023-09-13 15:52:35 [INFO] - Express SSL server listening on port 443
2023-09-13 15:52:35 [INFO] - Express server listening on port 3001
2023-09-13 16:37:01 [INFO] - Argos Platform : win32
2023-09-13 16:37:01 [INFO] - config.server_port : 3001
2023-09-13 16:37:01 [INFO] - Routing Moudle count : 71
2023-09-13 16:37:44 [INFO] - Argos Platform : win32
2023-09-13 16:37:44 [INFO] - config.server_port : 3001
2023-09-13 16:37:44 [INFO] - Routing Moudle count : 71
2023-09-13 16:37:45 [INFO] - Express SSL server listening on port 443
2023-09-13 16:37:45 [INFO] - Express server listening on port 3001
2023-09-13 16:38:40 [INFO] - 계정과 비밀번호가 일치함.
2023-09-13 16:48:02 [INFO] - Argos Platform : win32
2023-09-13 16:48:02 [INFO] - config.server_port : 3001
2023-09-13 16:48:02 [INFO] - Routing Moudle count : 71
2023-09-13 16:48:02 [INFO] - Express SSL server listening on port 443
2023-09-13 16:48:02 [INFO] - Express server listening on port 3001
2023-09-13 16:49:24 [INFO] - Argos Platform : win32
2023-09-13 16:49:24 [INFO] - config.server_port : 3001
2023-09-13 16:49:24 [INFO] - Routing Moudle count : 71
2023-09-13 16:49:25 [INFO] - Express SSL server listening on port 443
2023-09-13 16:49:25 [INFO] - Express server listening on port 3001
2023-09-13 16:50:37 [INFO] - Argos Platform : win32
2023-09-13 16:50:37 [INFO] - config.server_port : 3001
2023-09-13 16:50:37 [INFO] - Routing Moudle count : 71
2023-09-13 16:50:38 [INFO] - Express SSL server listening on port 443
2023-09-13 16:50:38 [INFO] - Express server listening on port 3001
2023-09-13 16:51:13 [INFO] - Argos Platform : win32
2023-09-13 16:51:13 [INFO] - config.server_port : 3001
2023-09-13 16:51:13 [INFO] - Routing Moudle count : 71
2023-09-13 16:51:14 [INFO] - Express SSL server listening on port 443
2023-09-13 16:51:14 [INFO] - Express server listening on port 3001
2023-09-13 16:56:03 [INFO] - Argos Platform : win32
2023-09-13 16:56:03 [INFO] - config.server_port : 3001
2023-09-13 16:56:03 [INFO] - Routing Moudle count : 71
2023-09-13 16:56:52 [INFO] - Argos Platform : win32
2023-09-13 16:56:52 [INFO] - config.server_port : 3001
2023-09-13 16:56:52 [INFO] - Routing Moudle count : 71
2023-09-13 17:00:31 [INFO] - Argos Platform : win32
2023-09-13 17:00:31 [INFO] - config.server_port : 3001
2023-09-13 17:00:31 [INFO] - Routing Moudle count : 71
2023-09-13 17:00:59 [INFO] - Argos Platform : win32
2023-09-13 17:00:59 [INFO] - config.server_port : 3001
2023-09-13 17:00:59 [INFO] - Routing Moudle count : 71
2023-09-13 17:00:59 [INFO] - Express SSL server listening on port 443
2023-09-13 17:00:59 [INFO] - Express server listening on port 3001
2023-09-13 17:33:45 [INFO] - Argos Platform : win32
2023-09-13 17:33:45 [INFO] - config.server_port : 3001
2023-09-13 17:33:45 [INFO] - Routing Moudle count : 71
2023-09-13 17:33:46 [INFO] - Express SSL server listening on port 443
2023-09-13 17:33:46 [INFO] - Express server listening on port 3001
2023-09-13 17:34:02 [INFO] - Argos Platform : win32
2023-09-13 17:34:02 [INFO] - config.server_port : 3001
2023-09-13 17:34:02 [INFO] - Routing Moudle count : 71
2023-09-13 17:34:02 [INFO] - Express SSL server listening on port 443
2023-09-13 17:34:02 [INFO] - Express server listening on port 3001
2023-09-13 17:41:30 [INFO] - Argos Platform : win32
2023-09-13 17:41:30 [INFO] - config.server_port : 3001
2023-09-13 17:41:30 [INFO] - Routing Moudle count : 71
2023-09-13 17:41:30 [INFO] - Express SSL server listening on port 443
2023-09-13 17:41:30 [INFO] - Express server listening on port 3001
2023-09-13 17:42:14 [INFO] - Argos Platform : win32
2023-09-13 17:42:14 [INFO] - config.server_port : 3001
2023-09-13 17:42:14 [INFO] - Routing Moudle count : 71
2023-09-13 17:42:14 [INFO] - Express SSL server listening on port 443
2023-09-13 17:42:14 [INFO] - Express server listening on port 3001
2023-09-13 17:43:07 [INFO] - Argos Platform : win32
2023-09-13 17:43:07 [INFO] - config.server_port : 3001
2023-09-13 17:43:07 [INFO] - Routing Moudle count : 71
2023-09-13 17:43:08 [INFO] - Express SSL server listening on port 443
2023-09-13 17:43:08 [INFO] - Express server listening on port 3001
2023-09-13 17:43:18 [INFO] - Argos Platform : win32
2023-09-13 17:43:18 [INFO] - config.server_port : 3001
2023-09-13 17:43:18 [INFO] - Routing Moudle count : 71
2023-09-13 17:43:19 [INFO] - Express SSL server listening on port 443
2023-09-13 17:43:19 [INFO] - Express server listening on port 3001
2023-09-13 17:44:11 [INFO] - Argos Platform : win32
2023-09-13 17:44:11 [INFO] - config.server_port : 3001
2023-09-13 17:44:11 [INFO] - Routing Moudle count : 71
2023-09-13 17:44:11 [INFO] - Express SSL server listening on port 443
2023-09-13 17:44:11 [INFO] - Express server listening on port 3001
2023-09-13 17:59:20 [INFO] - Argos Platform : win32
2023-09-13 17:59:20 [INFO] - config.server_port : 3001
2023-09-13 17:59:20 [INFO] - Routing Moudle count : 71
2023-09-13 17:59:21 [INFO] - Express SSL server listening on port 443
2023-09-13 17:59:21 [INFO] - Express server listening on port 3001
2023-09-13 18:00:06 [INFO] - Argos Platform : win32
2023-09-13 18:00:06 [INFO] - config.server_port : 3001
2023-09-13 18:00:06 [INFO] - Routing Moudle count : 71
2023-09-13 18:00:06 [INFO] - Express SSL server listening on port 443
2023-09-13 18:00:06 [INFO] - Express server listening on port 3001
